0
-.00050559
.00407849
.00427723
.01110901
.00387667
.01738483
.02471521
.02151345
.02610022
.0332858
.02981989
.03141059
.03362956
.03740679
.04469335
.03905441
.04193703
.04700447
.04010973
.03865456
.03632693
.03403291
.03034411
.03434132
.03061744
.02612398
.0231855
.02781123
.02765153
.02692435
.01755493
.01993367
.02008398
.01321985
.01866656
.00690967
.02530483
.01441589
.01507741
.01293185
.00817346
.00379781
-.0056798
.00409774
-.00463437
-.01493876
-.01835035
-.01900328
-.02337734
-.01202053
-.02980936
-.03297279
-.01651662
0
9.9702644
