This is pdfTeX, Version 3.14159265-2.6-1.40.21 (MiKTeX 2.9.7300 64-bit) (preloaded format=pdflatex 2020.3.16)  5 FEB 2021 02:00
entering extended mode
**./Paper_Likelihood3.tex
(Paper_Likelihood3.tex
LaTeX2e <2020-02-02> patch level 5
L3 programming layer <2020-03-06>
("C:\Users\manuz\AppData\Local\Programs\MiKTeX 2.9\tex/latex/base\article.cls"
Document Class: article 2019/12/20 v1.4l Standard LaTeX document class
("C:\Users\manuz\AppData\Local\Programs\MiKTeX 2.9\tex/latex/base\size12.clo"
File: size12.clo 2019/12/20 v1.4l Standard LaTeX file (size option)
)
\c@part=\count167
\c@section=\count168
\c@subsection=\count169
\c@subsubsection=\count170
\c@paragraph=\count171
\c@subparagraph=\count172
\c@figure=\count173
\c@table=\count174
\abovecaptionskip=\skip47
\belowcaptionskip=\skip48
\bibindent=\dimen134
) ("C:\Users\manuz\AppData\Local\Programs\MiKTeX 2.9\tex/generic/babel\babel.st
y"
Package: babel 2020/02/28 3.41 The Babel package

("C:\Users\manuz\AppData\Local\Programs\MiKTeX 2.9\tex/generic/babel\switch.def
"
File: switch.def 2020/02/28 3.41 Babel switching mechanism
)
*************************************
* Local config file bblopts.cfg used
*
("C:\Users\manuz\AppData\Local\Programs\MiKTeX 2.9\tex/latex/arabi\bblopts.cfg"
File: bblopts.cfg 2005/09/08 v0.1 add Arabic and Farsi to "declared" options of
 babel
)
("C:\Users\manuz\AppData\Local\Programs\MiKTeX 2.9\tex/latex/babel-german\germa
n.ldf"
Language: german 2018/12/08 v2.11 German support for babel (pre-1996 orthograph
y)

("C:\Users\manuz\AppData\Local\Programs\MiKTeX 2.9\tex/latex/babel-german\germa
nb.ldf"
Language: germanb 2018/12/08 v2.11 German support for babel (pre-1996 orthograp
hy)

("C:\Users\manuz\AppData\Local\Programs\MiKTeX 2.9\tex/generic/babel\babel.def"
File: babel.def 2020/02/28 3.41 Babel common definitions
\babel@savecnt=\count175
\U@D=\dimen135

("C:\Users\manuz\AppData\Local\Programs\MiKTeX 2.9\tex/generic/babel\txtbabel.d
ef")
\bbl@readstream=\read2
\bbl@dirlevel=\count176
)
Package babel Info: Making " an active character on input line 135.
))
("C:\Users\manuz\AppData\Local\Programs\MiKTeX 2.9\tex/latex/babel-english\engl
ish.ldf"
Language: english 2017/06/06 v3.3r English support from the babel system
Package babel Info: \l@canadian = using hyphenrules for english
(babel)             (\language0) on input line 102.
Package babel Info: \l@australian = using hyphenrules for ukenglish
(babel)             (\language72) on input line 105.
Package babel Info: \l@newzealand = using hyphenrules for ukenglish
(babel)             (\language72) on input line 108.
))
("C:\Users\manuz\AppData\Local\Programs\MiKTeX 2.9\tex/latex/base\fontenc.sty"
Package: fontenc 2020/02/11 v2.0o Standard LaTeX package
) ("C:\Users\manuz\AppData\Local\Programs\MiKTeX 2.9\tex/latex/base\inputenc.st
y"
Package: inputenc 2018/08/11 v1.3c Input encoding file
\inpenc@prehook=\toks15
\inpenc@posthook=\toks16
) ("C:\Users\manuz\AppData\Local\Programs\MiKTeX 2.9\tex/latex/bbm\bbm.sty"
Package: bbm 1999/03/15 V 1.2 provides fonts for set symbols - TH
LaTeX Font Info:    Overwriting math alphabet `\mathbbm' in version `bold'
(Font)                  U/bbm/m/n --> U/bbm/bx/n on input line 33.
LaTeX Font Info:    Overwriting math alphabet `\mathbbmss' in version `bold'
(Font)                  U/bbmss/m/n --> U/bbmss/bx/n on input line 35.
)
("C:\Users\manuz\AppData\Local\Programs\MiKTeX 2.9\tex/latex/graphics\lscape.st
y"
Package: lscape 2000/10/22 v3.01 Landscape Pages (DPC)

("C:\Users\manuz\AppData\Local\Programs\MiKTeX 2.9\tex/latex/graphics\graphics.
sty"
Package: graphics 2019/11/30 v1.4a Standard LaTeX Graphics (DPC,SPQR)

("C:\Users\manuz\AppData\Local\Programs\MiKTeX 2.9\tex/latex/graphics\trig.sty"
Package: trig 2016/01/03 v1.10 sin cos tan (DPC)
)
("C:\Users\manuz\AppData\Local\Programs\MiKTeX 2.9\tex/latex/graphics-cfg\graph
ics.cfg"
File: graphics.cfg 2016/06/04 v1.11 sample graphics configuration
)
Package graphics Info: Driver file: pdftex.def on input line 105.

("C:\Users\manuz\AppData\Local\Programs\MiKTeX 2.9\tex/latex/graphics-def\pdfte
x.def"
File: pdftex.def 2018/01/08 v1.0l Graphics/color driver for pdftex
)))
("C:\Users\manuz\AppData\Local\Programs\MiKTeX 2.9\tex/latex/graphics\rotating.
sty"
Package: rotating 2016/08/11 v2.16d rotated objects in LaTeX

("C:\Users\manuz\AppData\Local\Programs\MiKTeX 2.9\tex/latex/graphics\graphicx.
sty"
Package: graphicx 2019/11/30 v1.2a Enhanced LaTeX Graphics (DPC,SPQR)

("C:\Users\manuz\AppData\Local\Programs\MiKTeX 2.9\tex/latex/graphics\keyval.st
y"
Package: keyval 2014/10/28 v1.15 key=value parser (DPC)
\KV@toks@=\toks17
)
\Gin@req@height=\dimen136
\Gin@req@width=\dimen137
)
("C:\Users\manuz\AppData\Local\Programs\MiKTeX 2.9\tex/latex/base\ifthen.sty"
Package: ifthen 2014/09/29 v1.1c Standard LaTeX ifthen package (DPC)
)
\c@r@tfl@t=\count177
\rotFPtop=\skip49
\rotFPbot=\skip50
\rot@float@box=\box45
\rot@mess@toks=\toks18
)
("C:\Users\manuz\AppData\Local\Programs\MiKTeX 2.9\tex/latex/tablefootnote\tabl
efootnote.sty"
Package: tablefootnote 2014/01/26 v1.1c Table foot notes (HMM)
 ("C:\Program Files\MiKTeX 2.9\tex/generic\oberdiek\ltxcmds.sty"
Package: ltxcmds 2016/05/16 v1.23 LaTeX kernel commands for general use (HO)
) ("C:\Program Files\MiKTeX 2.9\tex/latex\oberdiek\letltxmacro.sty"
Package: letltxmacro 2016/05/16 v1.5 Let assignment for LaTeX macros (HO)
)
("C:\Users\manuz\AppData\Local\Programs\MiKTeX 2.9\tex/latex/xifthen\xifthen.st
y"
Package: xifthen 2015/11/05 v1.4.0 Extended ifthen features
 ("C:\Users\manuz\AppData\Local\Programs\MiKTeX 2.9\tex/latex/tools\calc.sty"
Package: calc 2017/05/25 v4.3 Infix arithmetic (KKT,FJ)
\calc@Acount=\count178
\calc@Bcount=\count179
\calc@Adimen=\dimen138
\calc@Bdimen=\dimen139
\calc@Askip=\skip51
\calc@Bskip=\skip52
LaTeX Info: Redefining \setlength on input line 80.
LaTeX Info: Redefining \addtolength on input line 81.
\calc@Ccount=\count180
\calc@Cskip=\skip53
)
("C:\Users\manuz\AppData\Local\Programs\MiKTeX 2.9\tex/latex/ifmtarg\ifmtarg.st
y"
Package: ifmtarg 2018/04/16 v1.2b check for an empty argument
))
("C:\Users\manuz\AppData\Local\Programs\MiKTeX 2.9\tex/latex/etoolbox\etoolbox.
sty"
Package: etoolbox 2019/09/21 v2.5h e-TeX tools for LaTeX (JAW)
\etb@tempcnta=\count181
))
("C:\Users\manuz\AppData\Local\Programs\MiKTeX 2.9\tex/latex/mdwtools\footnote.
sty"
Package: footnote 1997/01/28 1.13 Save footnotes around boxes
\fn@notes=\box46
\fn@width=\dimen140
)
("C:\Users\manuz\AppData\Local\Programs\MiKTeX 2.9\tex/latex/footmisc\footmisc.
sty"
Package: footmisc 2011/06/06 v5.5b a miscellany of footnote facilities
\FN@temptoken=\toks19
\footnotemargin=\dimen141
\c@pp@next@reset=\count182
Package footmisc Info: Declaring symbol style bringhurst on input line 855.
Package footmisc Info: Declaring symbol style chicago on input line 863.
Package footmisc Info: Declaring symbol style wiley on input line 872.
Package footmisc Info: Declaring symbol style lamport-robust on input line 883.

Package footmisc Info: Declaring symbol style lamport* on input line 903.
Package footmisc Info: Declaring symbol style lamport*-robust on input line 924
.
)
("C:\Users\manuz\AppData\Local\Programs\MiKTeX 2.9\tex/latex/placeins\placeins.
sty"
Package: placeins 2005/04/18  v 2.2
)
("C:\Users\manuz\AppData\Local\Programs\MiKTeX 2.9\tex/latex/apacite\apacite.st
y"
Package: apacite 2013/07/21 v6.03 APA citation
\c@BibCnt=\count183
\bibleftmargin=\skip54
\bibindent=\skip55
\bibparsep=\skip56
\bibitemsep=\skip57
\biblabelsep=\skip58
) ("C:\Program Files\MiKTeX 2.9\tex/latex\oberdiek\pdflscape.sty"
Package: pdflscape 2016/05/14 v0.11 Display of landscape pages in PDF (HO)

("C:\Users\manuz\AppData\Local\Programs\MiKTeX 2.9\tex/generic/iftex\ifpdf.sty"
Package: ifpdf 2019/10/25 v3.4 ifpdf legacy package. Use iftex instead.
("C:\Users\manuz\AppData\Local\Programs\MiKTeX 2.9\tex/generic/iftex\iftex.sty"
Package: iftex 2020/03/06 v1.0d TeX engine tests
))
Package pdflscape Info: Auto-detected driver: pdftex on input line 84.

("C:\Users\manuz\AppData\Local\Programs\MiKTeX 2.9\tex/generic/iftex\ifxetex.st
y"
Package: ifxetex 2019/10/25 v0.7 ifxetex legacy package. Use iftex instead.
))
("C:\Users\manuz\AppData\Local\Programs\MiKTeX 2.9\tex/latex/booktabs\booktabs.
sty"
Package: booktabs 2020/01/12 v1.61803398 Publication quality tables
\heavyrulewidth=\dimen142
\lightrulewidth=\dimen143
\cmidrulewidth=\dimen144
\belowrulesep=\dimen145
\belowbottomsep=\dimen146
\aboverulesep=\dimen147
\abovetopsep=\dimen148
\cmidrulesep=\dimen149
\cmidrulekern=\dimen150
\defaultaddspace=\dimen151
\@cmidla=\count184
\@cmidlb=\count185
\@aboverulesep=\dimen152
\@belowrulesep=\dimen153
\@thisruleclass=\count186
\@lastruleclass=\count187
\@thisrulewidth=\dimen154
)
("C:\Users\manuz\AppData\Local\Programs\MiKTeX 2.9\tex/latex/xcolor\xcolor.sty"
Package: xcolor 2016/05/11 v2.12 LaTeX color extensions (UK)

("C:\Users\manuz\AppData\Local\Programs\MiKTeX 2.9\tex/latex/graphics-cfg\color
.cfg"
File: color.cfg 2016/01/02 v1.6 sample color configuration
)
Package xcolor Info: Driver file: pdftex.def on input line 225.
Package xcolor Info: Model `cmy' substituted by `cmy0' on input line 1348.
Package xcolor Info: Model `hsb' substituted by `rgb' on input line 1352.
Package xcolor Info: Model `RGB' extended on input line 1364.
Package xcolor Info: Model `HTML' substituted by `rgb' on input line 1366.
Package xcolor Info: Model `Hsb' substituted by `hsb' on input line 1367.
Package xcolor Info: Model `tHsb' substituted by `hsb' on input line 1368.
Package xcolor Info: Model `HSB' substituted by `hsb' on input line 1369.
Package xcolor Info: Model `Gray' substituted by `gray' on input line 1370.
Package xcolor Info: Model `wave' substituted by `hsb' on input line 1371.
)
("C:\Users\manuz\AppData\Local\Programs\MiKTeX 2.9\tex/latex/siunitx\siunitx.st
y"
("C:\Users\manuz\AppData\Local\Programs\MiKTeX 2.9\tex/latex/l3kernel\expl3.sty
"
Package: expl3 2020-03-06 L3 programming layer (loader) 

("C:\Users\manuz\AppData\Local\Programs\MiKTeX 2.9\tex/latex/l3backend\l3backen
d-pdfmode.def"
File: l3backend-pdfmode.def 2020-03-12 L3 backend support: PDF mode
\l__kernel_color_stack_int=\count188
\l__pdf_internal_box=\box47
))
("C:\Users\manuz\AppData\Local\Programs\MiKTeX 2.9\tex/latex/l3packages/xparse\
xparse.sty"
Package: xparse 2020-03-06 L3 Experimental document command parser
\l__xparse_current_arg_int=\count189
\g__xparse_grabber_int=\count190
\l__xparse_m_args_int=\count191
\l__xparse_v_nesting_int=\count192
)
Package: siunitx 2020/02/25 v2.8b A comprehensive (SI) units package

("C:\Users\manuz\AppData\Local\Programs\MiKTeX 2.9\tex/latex/amsmath\amstext.st
y"
Package: amstext 2000/06/29 v2.01 AMS text

("C:\Users\manuz\AppData\Local\Programs\MiKTeX 2.9\tex/latex/amsmath\amsgen.sty
"
File: amsgen.sty 1999/11/30 v2.0 generic functions
\@emptytoks=\toks20
\ex@=\dimen155
)) ("C:\Users\manuz\AppData\Local\Programs\MiKTeX 2.9\tex/latex/tools\array.sty
"
Package: array 2019/08/31 v2.4l Tabular extension package (FMi)
\col@sep=\dimen156
\ar@mcellbox=\box48
\extrarowheight=\dimen157
\NC@list=\toks21
\extratabsurround=\skip59
\backup@length=\skip60
\ar@cellbox=\box49
)
("C:\Users\manuz\AppData\Local\Programs\MiKTeX 2.9\tex/latex/l3packages/l3keys2
e\l3keys2e.sty"
Package: l3keys2e 2020-03-06 LaTeX2e option processing using LaTeX3 keys
)
\l__siunitx_tmp_box=\box50
\l__siunitx_tmp_dim=\dimen158
\l__siunitx_tmp_int=\count193
\l__siunitx_number_mantissa_length_int=\count194
\l__siunitx_number_uncert_length_int=\count195
\l__siunitx_round_int=\count196
\l__siunitx_process_decimal_int=\count197
\l__siunitx_process_uncertainty_int=\count198
\l__siunitx_process_fixed_int=\count199
\l__siunitx_process_integer_min_int=\count266
\l__siunitx_process_precision_int=\count267
\l__siunitx_group_min_int=\count268
\l__siunitx_angle_marker_box=\box51
\l__siunitx_angle_unit_box=\box52
\l__siunitx_angle_marker_dim=\dimen159
\l__siunitx_angle_unit_dim=\dimen160
\l__siunitx_unit_int=\count269
\l__siunitx_unit_denominator_int=\count270
\l__siunitx_unit_numerator_int=\count271
\l__siunitx_unit_prefix_int=\count272
\l__siunitx_unit_prefix_base_int=\count273
\l__siunitx_unit_prefix_gram_int=\count274
\l__siunitx_number_product_int=\count275
\c__siunitx_one_fill_skip=\skip61
\l__siunitx_table_unit_align_skip=\skip62
\l__siunitx_table_exponent_dim=\dimen161
\l__siunitx_table_integer_dim=\dimen162
\l__siunitx_table_mantissa_dim=\dimen163
\l__siunitx_table_marker_dim=\dimen164
\l__siunitx_table_result_dim=\dimen165
\l__siunitx_table_uncert_dim=\dimen166
\l__siunitx_table_fill_pre_dim=\dimen167
\l__siunitx_table_fill_post_dim=\dimen168
\l__siunitx_table_fill_mid_dim=\dimen169
\l__siunitx_table_pre_box=\box53
\l__siunitx_table_post_box=\box54
\l__siunitx_table_mantissa_box=\box55
\l__siunitx_table_result_box=\box56
\l__siunitx_table_number_align_skip=\skip63
\l__siunitx_table_text_align_skip=\skip64

("C:\Users\manuz\AppData\Local\Programs\MiKTeX 2.9\tex/latex/translator\transla
tor.sty"
Package: translator 2019-05-31 v1.12a Easy translation of strings in LaTeX
))
("C:\Users\manuz\AppData\Local\Programs\MiKTeX 2.9\tex/latex/lm\lmodern.sty"
Package: lmodern 2009/10/30 v1.6 Latin Modern Fonts
LaTeX Font Info:    Overwriting symbol font `operators' in version `normal'
(Font)                  OT1/cmr/m/n --> OT1/lmr/m/n on input line 22.
LaTeX Font Info:    Overwriting symbol font `letters' in version `normal'
(Font)                  OML/cmm/m/it --> OML/lmm/m/it on input line 23.
LaTeX Font Info:    Overwriting symbol font `symbols' in version `normal'
(Font)                  OMS/cmsy/m/n --> OMS/lmsy/m/n on input line 24.
LaTeX Font Info:    Overwriting symbol font `largesymbols' in version `normal'
(Font)                  OMX/cmex/m/n --> OMX/lmex/m/n on input line 25.
LaTeX Font Info:    Overwriting symbol font `operators' in version `bold'
(Font)                  OT1/cmr/bx/n --> OT1/lmr/bx/n on input line 26.
LaTeX Font Info:    Overwriting symbol font `letters' in version `bold'
(Font)                  OML/cmm/b/it --> OML/lmm/b/it on input line 27.
LaTeX Font Info:    Overwriting symbol font `symbols' in version `bold'
(Font)                  OMS/cmsy/b/n --> OMS/lmsy/b/n on input line 28.
LaTeX Font Info:    Overwriting symbol font `largesymbols' in version `bold'
(Font)                  OMX/cmex/m/n --> OMX/lmex/m/n on input line 29.
LaTeX Font Info:    Overwriting math alphabet `\mathbf' in version `normal'
(Font)                  OT1/cmr/bx/n --> OT1/lmr/bx/n on input line 31.
LaTeX Font Info:    Overwriting math alphabet `\mathsf' in version `normal'
(Font)                  OT1/cmss/m/n --> OT1/lmss/m/n on input line 32.
LaTeX Font Info:    Overwriting math alphabet `\mathit' in version `normal'
(Font)                  OT1/cmr/m/it --> OT1/lmr/m/it on input line 33.
LaTeX Font Info:    Overwriting math alphabet `\mathtt' in version `normal'
(Font)                  OT1/cmtt/m/n --> OT1/lmtt/m/n on input line 34.
LaTeX Font Info:    Overwriting math alphabet `\mathbf' in version `bold'
(Font)                  OT1/cmr/bx/n --> OT1/lmr/bx/n on input line 35.
LaTeX Font Info:    Overwriting math alphabet `\mathsf' in version `bold'
(Font)                  OT1/cmss/bx/n --> OT1/lmss/bx/n on input line 36.
LaTeX Font Info:    Overwriting math alphabet `\mathit' in version `bold'
(Font)                  OT1/cmr/bx/it --> OT1/lmr/bx/it on input line 37.
LaTeX Font Info:    Overwriting math alphabet `\mathtt' in version `bold'
(Font)                  OT1/cmtt/m/n --> OT1/lmtt/m/n on input line 38.
)
("C:\Users\manuz\AppData\Local\Programs\MiKTeX 2.9\tex/latex/blindtext\blindtex
t.sty"
Package: blindtext 2012/01/06 V2.0 blindtext-Package

("C:\Users\manuz\AppData\Local\Programs\MiKTeX 2.9\tex/latex/tools\xspace.sty"
Package: xspace 2014/10/28 v1.13 Space after command names (DPC,MH)
)
\c@blindtext=\count276
\c@Blindtext=\count277
\c@blind@countparstart=\count278
\blind@countxx=\count279
\blindtext@numBlindtext=\count280
\blind@countyy=\count281
\c@blindlist=\count282
\c@blindlistlevel=\count283
\c@blindlist@level=\count284
\blind@listitem=\count285
\c@blind@listcount=\count286
\c@blind@levelcount=\count287
\blind@mathformula=\count288
\blind@Mathformula=\count289
\c@blind@randomcount=\count290
\c@blind@randommax=\count291
\c@blind@pangramcount=\count292
\c@blind@pangrammax=\count293
)
("C:\Users\manuz\AppData\Local\Programs\MiKTeX 2.9\tex/latex/hyperref\hyperref.
sty"
Package: hyperref 2020/01/14 v7.00d Hypertext links for LaTeX

("C:\Users\manuz\AppData\Local\Programs\MiKTeX 2.9\tex/latex/pdftexcmds\pdftexc
mds.sty"
Package: pdftexcmds 2019/11/24 v0.31 Utility functions of pdfTeX for LuaTeX (HO
)
 ("C:\Program Files\MiKTeX 2.9\tex/generic\oberdiek\infwarerr.sty"
Package: infwarerr 2016/05/16 v1.4 Providing info/warning/error messages (HO)
)
Package pdftexcmds Info: \pdf@primitive is available.
Package pdftexcmds Info: \pdf@ifprimitive is available.
Package pdftexcmds Info: \pdfdraftmode found.
)
("C:\Program Files\MiKTeX 2.9\tex/generic\oberdiek\kvsetkeys.sty"
Package: kvsetkeys 2016/05/16 v1.17 Key value parser (HO)

("C:\Program Files\MiKTeX 2.9\tex/generic\oberdiek\etexcmds.sty"
Package: etexcmds 2016/05/16 v1.6 Avoid name clashes with e-TeX commands (HO)

("C:\Users\manuz\AppData\Local\Programs\MiKTeX 2.9\tex/generic/iftex\ifluatex.s
ty"
Package: ifluatex 2019/10/25 v1.5 ifluatex legacy package. Use iftex instead.
))) ("C:\Program Files\MiKTeX 2.9\tex/generic\oberdiek\kvdefinekeys.sty"
Package: kvdefinekeys 2016/05/16 v1.4 Define keys (HO)
)
("C:\Program Files\MiKTeX 2.9\tex/generic\oberdiek\pdfescape.sty"
Package: pdfescape 2016/05/16 v1.14 Implements pdfTeX's escape features (HO)
)
("C:\Program Files\MiKTeX 2.9\tex/latex\oberdiek\hycolor.sty"
Package: hycolor 2016/05/16 v1.8 Color options for hyperref/bookmark (HO)

("C:\Program Files\MiKTeX 2.9\tex/latex\oberdiek\xcolor-patch.sty"
Package: xcolor-patch 2016/05/16 xcolor patch

("C:\Users\manuz\AppData\Local\Programs\MiKTeX 2.9\tex/latex/oberdiek\hopatch.s
ty"
Package: hopatch 2016/05/16 v1.3 Wrapper for package hooks (HO)
))) ("C:\Program Files\MiKTeX 2.9\tex/latex\oberdiek\auxhook.sty"
Package: auxhook 2016/05/16 v1.4 Hooks for auxiliary files (HO)
)
("C:\Program Files\MiKTeX 2.9\tex/latex\oberdiek\kvoptions.sty"
Package: kvoptions 2016/05/16 v3.12 Key value format for package options (HO)
)
\@linkdim=\dimen170
\Hy@linkcounter=\count294
\Hy@pagecounter=\count295

("C:\Users\manuz\AppData\Local\Programs\MiKTeX 2.9\tex/latex/hyperref\pd1enc.de
f"
File: pd1enc.def 2020/01/14 v7.00d Hyperref: PDFDocEncoding definition (HO)
Now handling font encoding PD1 ...
... no UTF-8 mapping file for font encoding PD1
) ("C:\Program Files\MiKTeX 2.9\tex/generic\oberdiek\intcalc.sty"
Package: intcalc 2016/05/16 v1.2 Expandable calculations with integers (HO)
)
\Hy@SavedSpaceFactor=\count296

("C:\Program Files\MiKTeX 2.9\tex/latex\00miktex\hyperref.cfg"
File: hyperref.cfg 2002/06/06 v1.2 hyperref configuration of TeXLive
)
Package hyperref Info: Hyper figures OFF on input line 4547.
Package hyperref Info: Link nesting OFF on input line 4552.
Package hyperref Info: Hyper index ON on input line 4555.
Package hyperref Info: Plain pages OFF on input line 4562.
Package hyperref Info: Backreferencing OFF on input line 4567.
Package hyperref Info: Implicit mode ON; LaTeX internals redefined.
Package hyperref Info: Bookmarks ON on input line 4800.
\c@Hy@tempcnt=\count297

("C:\Users\manuz\AppData\Local\Programs\MiKTeX 2.9\tex/latex/url\url.sty"
\Urlmuskip=\muskip16
Package: url 2013/09/16  ver 3.4  Verb mode for urls, etc.
)
LaTeX Info: Redefining \url on input line 5159.
\XeTeXLinkMargin=\dimen171

("C:\Program Files\MiKTeX 2.9\tex/generic\oberdiek\bitset.sty"
Package: bitset 2016/05/16 v1.2 Handle bit-vector datatype (HO)

("C:\Program Files\MiKTeX 2.9\tex/generic\oberdiek\bigintcalc.sty"
Package: bigintcalc 2016/05/16 v1.4 Expandable calculations on big integers (HO
)
))
\Fld@menulength=\count298
\Field@Width=\dimen172
\Fld@charsize=\dimen173
Package hyperref Info: Hyper figures OFF on input line 6430.
Package hyperref Info: Link nesting OFF on input line 6435.
Package hyperref Info: Hyper index ON on input line 6438.
Package hyperref Info: backreferencing OFF on input line 6445.
Package hyperref Info: Link coloring OFF on input line 6450.
Package hyperref Info: Link coloring with OCG OFF on input line 6455.
Package hyperref Info: PDF/A mode OFF on input line 6460.
LaTeX Info: Redefining \ref on input line 6500.
LaTeX Info: Redefining \pageref on input line 6504.

("C:\Program Files\MiKTeX 2.9\tex/generic\oberdiek\atbegshi.sty"
Package: atbegshi 2016/06/09 v1.18 At begin shipout hook (HO)
)
\Hy@abspage=\count299
\c@Item=\count300
\c@Hfootnote=\count301
)
Package hyperref Info: Driver (autodetected): hpdftex.

("C:\Users\manuz\AppData\Local\Programs\MiKTeX 2.9\tex/latex/hyperref\hpdftex.d
ef"
File: hpdftex.def 2020/01/14 v7.00d Hyperref driver for pdfTeX
 ("C:\Program Files\MiKTeX 2.9\tex/latex\oberdiek\atveryend.sty"
Package: atveryend 2016/05/16 v1.9 Hooks at the very end of document (HO)
)
\Fld@listcount=\count302
\c@bookmark@seq@number=\count303

("C:\Program Files\MiKTeX 2.9\tex/latex\oberdiek\rerunfilecheck.sty"
Package: rerunfilecheck 2016/05/16 v1.8 Rerun checks for auxiliary files (HO)

("C:\Program Files\MiKTeX 2.9\tex/generic\oberdiek\uniquecounter.sty"
Package: uniquecounter 2016/05/16 v1.3 Provide unlimited unique counter (HO)
)
Package uniquecounter Info: New unique counter `rerunfilecheck' on input line 2
85.
)
\Hy@SectionHShift=\skip65
)
Package hyperref Info: Option `colorlinks' set `true' on input line 37.

("C:\Users\manuz\AppData\Local\Programs\MiKTeX 2.9\tex/latex/epstopdf-pkg\epsto
pdf.sty"
Package: epstopdf 2020-01-24 v2.11 Conversion with epstopdf on the fly (HO)
 ("C:\Program Files\MiKTeX 2.9\tex/latex\oberdiek\grfext.sty"
Package: grfext 2016/05/16 v1.2 Manage graphics extensions (HO)
)
("C:\Users\manuz\AppData\Local\Programs\MiKTeX 2.9\tex/latex/epstopdf-pkg\epsto
pdf-base.sty"
Package: epstopdf-base 2020-01-24 v2.11 Base part for package epstopdf
Package epstopdf-base Info: Redefining graphics rule for `.eps' on input line 4
85.
Package grfext Info: Graphics extension search list:
(grfext)             [.pdf,.png,.jpg,.mps,.jpeg,.jbig2,.jb2,.PDF,.PNG,.JPG,.JPE
G,.JBIG2,.JB2,.eps]
(grfext)             \AppendGraphicsExtensions on input line 504.
))
("C:\Users\manuz\AppData\Local\Programs\MiKTeX 2.9\tex/latex/geometry\geometry.
sty"
Package: geometry 2020/01/02 v5.9 Page Geometry

("C:\Users\manuz\AppData\Local\Programs\MiKTeX 2.9\tex/generic/iftex\ifvtex.sty
"
Package: ifvtex 2019/10/25 v1.7 ifvtex legacy package. Use iftex instead.
)
\Gm@cnth=\count304
\Gm@cntv=\count305
\c@Gm@tempcnt=\count306
\Gm@bindingoffset=\dimen174
\Gm@wd@mp=\dimen175
\Gm@odd@mp=\dimen176
\Gm@even@mp=\dimen177
\Gm@layoutwidth=\dimen178
\Gm@layoutheight=\dimen179
\Gm@layouthoffset=\dimen180
\Gm@layoutvoffset=\dimen181
\Gm@dimlist=\toks22

("C:\Users\manuz\AppData\Local\Programs\MiKTeX 2.9\tex/latex/geometry\geometry.
cfg"))
("C:\Users\manuz\AppData\Local\Programs\MiKTeX 2.9\tex/latex/amsmath\amsmath.st
y"
Package: amsmath 2020/01/20 v2.17e AMS math features
\@mathmargin=\skip66

For additional information on amsmath, use the `?' option.
("C:\Users\manuz\AppData\Local\Programs\MiKTeX 2.9\tex/latex/amsmath\amsbsy.sty
"
Package: amsbsy 1999/11/29 v1.2d Bold Symbols
\pmbraise@=\dimen182
)
("C:\Users\manuz\AppData\Local\Programs\MiKTeX 2.9\tex/latex/amsmath\amsopn.sty
"
Package: amsopn 2016/03/08 v2.02 operator names
)
\inf@bad=\count307
LaTeX Info: Redefining \frac on input line 227.
\uproot@=\count308
\leftroot@=\count309
LaTeX Info: Redefining \overline on input line 389.
\classnum@=\count310
\DOTSCASE@=\count311
LaTeX Info: Redefining \ldots on input line 486.
LaTeX Info: Redefining \dots on input line 489.
LaTeX Info: Redefining \cdots on input line 610.
\Mathstrutbox@=\box57
\strutbox@=\box58
\big@size=\dimen183
LaTeX Font Info:    Redeclaring font encoding OML on input line 733.
LaTeX Font Info:    Redeclaring font encoding OMS on input line 734.
\macc@depth=\count312
\c@MaxMatrixCols=\count313
\dotsspace@=\muskip17
\c@parentequation=\count314
\dspbrk@lvl=\count315
\tag@help=\toks23
\row@=\count316
\column@=\count317
\maxfields@=\count318
\andhelp@=\toks24
\eqnshift@=\dimen184
\alignsep@=\dimen185
\tagshift@=\dimen186
\tagwidth@=\dimen187
\totwidth@=\dimen188
\lineht@=\dimen189
\@envbody=\toks25
\multlinegap=\skip67
\multlinetaggap=\skip68
\mathdisplay@stack=\toks26
LaTeX Info: Redefining \[ on input line 2859.
LaTeX Info: Redefining \] on input line 2860.
)
("C:\Users\manuz\AppData\Local\Programs\MiKTeX 2.9\tex/latex/amsfonts\amssymb.s
ty"
Package: amssymb 2013/01/14 v3.01 AMS font symbols

("C:\Users\manuz\AppData\Local\Programs\MiKTeX 2.9\tex/latex/amsfonts\amsfonts.
sty"
Package: amsfonts 2013/01/14 v3.01 Basic AMSFonts support
\symAMSa=\mathgroup4
\symAMSb=\mathgroup5
LaTeX Font Info:    Redeclaring math symbol \hbar on input line 98.
LaTeX Font Info:    Overwriting math alphabet `\mathfrak' in version `bold'
(Font)                  U/euf/m/n --> U/euf/b/n on input line 106.
))
("C:\Users\manuz\AppData\Local\Programs\MiKTeX 2.9\tex/latex/amscls\amsthm.sty"
Package: amsthm 2017/10/31 v2.20.4
\thm@style=\toks27
\thm@bodyfont=\toks28
\thm@headfont=\toks29
\thm@notefont=\toks30
\thm@headpunct=\toks31
\thm@preskip=\skip69
\thm@postskip=\skip70
\thm@headsep=\skip71
\dth@everypar=\toks32
)
("C:\Users\manuz\AppData\Local\Programs\MiKTeX 2.9\tex/latex/doublestroke\dsfon
t.sty"
Package: dsfont 1995/08/01 v0.1 Double stroke roman fonts
)
("C:\Users\manuz\AppData\Local\Programs\MiKTeX 2.9\tex/latex/amsfonts\euscript.
sty"
Package: euscript 2009/06/22 v3.00 Euler Script fonts
LaTeX Font Info:    Overwriting math alphabet `\EuScript' in version `bold'
(Font)                  U/eus/m/n --> U/eus/b/n on input line 33.
)
("C:\Users\manuz\AppData\Local\Programs\MiKTeX 2.9\tex/latex/multirow\multirow.
sty"
Package: multirow 2019/05/31 v2.5 Span multiple rows of a table
\multirow@colwidth=\skip72
\multirow@cntb=\count319
\multirow@dima=\skip73
\bigstrutjot=\dimen190
)
("C:\Users\manuz\AppData\Local\Programs\MiKTeX 2.9\tex/latex/natbib\natbib.sty"
Package: natbib 2010/09/13 8.31b (PWD, AO)
\bibhang=\skip74
\bibsep=\skip75
LaTeX Info: Redefining \cite on input line 694.
LaTeX Info: Redefining \citeauthor on input line 712.
LaTeX Info: Redefining \citeyear on input line 735.
\c@NAT@ctr=\count320
)
("C:\Users\manuz\AppData\Local\Programs\MiKTeX 2.9\tex/latex/setspace\setspace.
sty"
Package: setspace 2011/12/19 v6.7a set line spacing
)
("C:\Users\manuz\AppData\Local\Programs\MiKTeX 2.9\tex/latex/caption\caption.st
y"
Package: caption 2020/01/03 v3.4h Customizing captions (AR)

("C:\Users\manuz\AppData\Local\Programs\MiKTeX 2.9\tex/latex/caption\caption3.s
ty"
Package: caption3 2020/01/03 v1.8h caption3 kernel (AR)
Package caption3 Info: TeX engine: e-TeX on input line 61.
\captionmargin=\dimen191
\captionmargin@=\dimen192
\captionwidth=\dimen193
\caption@tempdima=\dimen194
\caption@indent=\dimen195
\caption@parindent=\dimen196
\caption@hangindent=\dimen197
Package caption Info: Standard document class detected.
)
\c@caption@flags=\count321
\c@continuedfloat=\count322
Package caption Info: hyperref package is loaded.
Package caption Info: rotating package is loaded.
)
("C:\Users\manuz\AppData\Local\Programs\MiKTeX 2.9\tex/latex/caption\subcaption
.sty"
Package: subcaption 2020/01/22 v1.3d Sub-captions (AR)
\c@subfigure=\count323
\c@subtable=\count324
)
("C:\Users\manuz\AppData\Local\Programs\MiKTeX 2.9\tex/latex/ragged2e\ragged2e.
sty"
Package: ragged2e 2019/07/28 v2.2 ragged2e Package (MS)

("C:\Users\manuz\AppData\Local\Programs\MiKTeX 2.9\tex/latex/ms\everysel.sty"
Package: everysel 2011/10/28 v1.2 EverySelectfont Package (MS)
)
\CenteringLeftskip=\skip76
\RaggedLeftLeftskip=\skip77
\RaggedRightLeftskip=\skip78
\CenteringRightskip=\skip79
\RaggedLeftRightskip=\skip80
\RaggedRightRightskip=\skip81
\CenteringParfillskip=\skip82
\RaggedLeftParfillskip=\skip83
\RaggedRightParfillskip=\skip84
\JustifyingParfillskip=\skip85
\CenteringParindent=\skip86
\RaggedLeftParindent=\skip87
\RaggedRightParindent=\skip88
\JustifyingParindent=\skip89
)
("C:\Users\manuz\AppData\Local\Programs\MiKTeX 2.9\tex/latex/cleveref\cleveref.
sty"
Package: cleveref 2018/03/27 v0.21.4 Intelligent cross-referencing
Package cleveref Info: `hyperref' support loaded on input line 2370.
LaTeX Info: Redefining \cref on input line 2370.
LaTeX Info: Redefining \Cref on input line 2370.
LaTeX Info: Redefining \crefrange on input line 2370.
LaTeX Info: Redefining \Crefrange on input line 2370.
LaTeX Info: Redefining \cpageref on input line 2370.
LaTeX Info: Redefining \Cpageref on input line 2370.
LaTeX Info: Redefining \cpagerefrange on input line 2370.
LaTeX Info: Redefining \Cpagerefrange on input line 2370.
LaTeX Info: Redefining \labelcref on input line 2370.
LaTeX Info: Redefining \labelcpageref on input line 2370.
Package cleveref Info: `amsthm' support loaded on input line 3026.
)
("C:\Users\manuz\AppData\Local\Programs\MiKTeX 2.9\tex/latex/floatflt\floatflt.
sty"
Package: floatflt 1997/07/16 v. 1.31
\c@OptionTest=\count325
\figbox=\box59
\tabbox=\box60
\pagebox=\box61
\ffigcount=\count326
\ftabcount=\count327
\fftest=\count328
\hangcount=\count329
\nosuccesstryfig=\count330
\nosuccesstrytab=\count331
\figgutter=\dimen198
\tabgutter=\dimen199
\htdone=\dimen256
\pageht=\dimen257
\startpageht=\dimen258
\tabbredd=\dimen259
\floatfltwidth=\dimen260
\fltitemwidth=\dimen261
\outputpretest=\toks33
)
("C:\Users\manuz\AppData\Local\Programs\MiKTeX 2.9\tex/latex/subfloat\subfloat.
sty"
Package: subfloat 2003/08/21 version 2.14
 Package `subfloat', Version 2.14 of 2003/08/21.

Package subfloat Warning: Numbers of floats not counted:
(subfloat)                If you use one of the counters subfloatfiguremax or
(subfloat)                subfloattablemax you will get strange error messages
(subfloat)                containing \c@subfloatfiguremax or
(subfloat)                \c@subfloattablemax:
(subfloat)                Please switch on countmax or remove the code using
(subfloat)                the counter then..

)
("C:\Users\manuz\AppData\Local\Programs\MiKTeX 2.9\tex/latex/wrapfig\wrapfig.st
y"
\wrapoverhang=\dimen262
\WF@size=\dimen263
\c@WF@wrappedlines=\count332
\WF@box=\box62
\WF@everypar=\toks34
Package: wrapfig 2003/01/31  v 3.6
)
("C:\Users\manuz\AppData\Local\Programs\MiKTeX 2.9\tex/latex/changepage\changep
age.sty"
Package: changepage 2009/10/20 v1.0c check page and change page layout
\c@cp@cntr=\count333
\cp@tempcnt=\count334
)
("C:\Users\manuz\AppData\Local\Programs\MiKTeX 2.9\tex/latex/eurosym\eurosym.st
y"
Package: eurosym 1998/08/06 v1.1 European currency symbol ``Euro''
\@eurobox=\box63
)
("C:\Users\manuz\AppData\Local\Programs\MiKTeX 2.9\tex/latex/threeparttable\thr
eeparttable.sty"
Package: threeparttable 2003/06/13  v 3.0
\@tempboxb=\box64
)
("C:\Users\manuz\AppData\Local\Programs\MiKTeX 2.9\tex/latex/preprint\authblk.s
ty"
Package: authblk 2001/02/27 1.3 (PWD)
\affilsep=\skip90
\@affilsep=\skip91
\c@Maxaffil=\count335
\c@authors=\count336
\c@affil=\count337
)
("C:\Users\manuz\AppData\Local\Programs\MiKTeX 2.9\tex/latex/parskip\parskip.st
y"
Package: parskip 2020-01-22 v2.0d non-zero parskip adjustments
)
("C:\Users\manuz\AppData\Local\Programs\MiKTeX 2.9\tex/latex/titling\titling.st
y"
Package: titling 2009/09/04 v2.1d maketitle typesetting
\thanksmarkwidth=\skip92
\thanksmargin=\skip93
\droptitle=\skip94
)
("C:\Users\manuz\AppData\Local\Programs\MiKTeX 2.9\tex/latex/abstract\abstract.
sty"
Package: abstract 2009/06/08 v1.2a configurable abstracts
\abstitleskip=\skip95
\absleftindent=\skip96
\absrightindent=\skip97
\absparindent=\skip98
\absparsep=\skip99
) ("C:\Program Files\MiKTeX 2.9\tex/latex\oberdiek\bookmark.sty"
Package: bookmark 2019/06/04 v1.27 PDF bookmarks (HO)

("C:\Program Files\MiKTeX 2.9\tex/latex\oberdiek\bkm-pdftex.def"
File: bkm-pdftex.def 2019/06/04 v1.27 bookmark driver for pdfTeX (HO)
\BKM@id=\count338
))
("C:\Users\manuz\AppData\Local\Programs\MiKTeX 2.9\tex/latex/enumitem\enumitem.
sty"
Package: enumitem 2019/06/20 v3.9 Customized lists
\labelindent=\skip100
\enit@outerparindent=\dimen264
\enit@toks=\toks35
\enit@inbox=\box65
\enit@count@id=\count339
\enitdp@description=\count340
)
\c@thm=\count341
\c@lem=\count342

("C:\Users\manuz\AppData\Local\Programs\MiKTeX 2.9\tex/latex/base\fontenc.sty"
Package: fontenc 2020/02/11 v2.0o Standard LaTeX package
LaTeX Font Info:    Trying to load font information for T1+lmr on input line 11
2.

("C:\Users\manuz\AppData\Local\Programs\MiKTeX 2.9\tex/latex/lm\t1lmr.fd"
File: t1lmr.fd 2009/10/30 v1.6 Font defs for Latin Modern
))
("C:\Users\manuz\AppData\Local\Programs\MiKTeX 2.9\tex/latex/titlesec\titlesec.
sty"
Package: titlesec 2019/10/16 v2.13 Sectioning titles
\ttl@box=\box66
\beforetitleunit=\skip101
\aftertitleunit=\skip102
\ttl@plus=\dimen265
\ttl@minus=\dimen266
\ttl@toksa=\toks36
\titlewidth=\dimen267
\titlewidthlast=\dimen268
\titlewidthfirst=\dimen269
)
\@indexfile=\write3
\openout3 = `Paper_Likelihood3.idx'.


Writing index file Paper_Likelihood3.idx
(Paper_Likelihood3.aux)
\openout1 = `Paper_Likelihood3.aux'.

LaTeX Font Info:    Checking defaults for OML/cmm/m/it on input line 96.
LaTeX Font Info:    ... okay on input line 96.
LaTeX Font Info:    Checking defaults for OMS/cmsy/m/n on input line 96.
LaTeX Font Info:    ... okay on input line 96.
LaTeX Font Info:    Checking defaults for OT1/cmr/m/n on input line 96.
LaTeX Font Info:    ... okay on input line 96.
LaTeX Font Info:    Checking defaults for T1/cmr/m/n on input line 96.
LaTeX Font Info:    ... okay on input line 96.
LaTeX Font Info:    Checking defaults for TS1/cmr/m/n on input line 96.
LaTeX Font Info:    ... okay on input line 96.
LaTeX Font Info:    Checking defaults for OMX/cmex/m/n on input line 96.
LaTeX Font Info:    ... okay on input line 96.
LaTeX Font Info:    Checking defaults for U/cmr/m/n on input line 96.
LaTeX Font Info:    ... okay on input line 96.
LaTeX Font Info:    Checking defaults for PD1/pdf/m/n on input line 96.
LaTeX Font Info:    ... okay on input line 96.

("C:\Users\manuz\AppData\Local\Programs\MiKTeX 2.9\tex/context/base/mkii\supp-p
df.mkii"
[Loading MPS to PDF converter (version 2006.09.02).]
\scratchcounter=\count343
\scratchdimen=\dimen270
\scratchbox=\box67
\nofMPsegments=\count344
\nofMParguments=\count345
\everyMPshowfont=\toks37
\MPscratchCnt=\count346
\MPscratchDim=\dimen271
\MPnumerator=\count347
\makeMPintoPDFobject=\count348
\everyMPtoPDFconversion=\toks38
)
\c@maskedRefs=\count349

("C:\Users\manuz\AppData\Local\Programs\MiKTeX 2.9\tex/latex/apacite\english.ap
c"
File: english.apc 2013/07/21 v6.03 apacite language file
LaTeX Info: Redefining \BPBI on input line 129.
LaTeX Info: Redefining \BHBI on input line 130.
)
("C:\Users\manuz\AppData\Local\Programs\MiKTeX 2.9\tex/latex/translator\transla
tor-basic-dictionary-English.dict"
Dictionary: translator-basic-dictionary, Language: English 
)
("C:\Users\manuz\AppData\Local\Programs\MiKTeX 2.9\tex/latex/siunitx\siunitx-ab
breviations.cfg"
File: siunitx-abbreviations.cfg 2017/11/26 v2.7k siunitx: Abbreviated units
)
\AtBeginShipoutBox=\box68
Package hyperref Info: Link coloring ON on input line 96.

("C:\Users\manuz\AppData\Local\Programs\MiKTeX 2.9\tex/latex/hyperref\nameref.s
ty"
Package: nameref 2019/09/16 v2.46 Cross-referencing by name of section
 ("C:\Program Files\MiKTeX 2.9\tex/latex\oberdiek\refcount.sty"
Package: refcount 2016/05/16 v3.5 Data extraction from label references (HO)
)
("C:\Program Files\MiKTeX 2.9\tex/generic\oberdiek\gettitlestring.sty"
Package: gettitlestring 2016/05/16 v1.5 Cleanup title references (HO)
)
\c@section@level=\count350
)
LaTeX Info: Redefining \ref on input line 96.
LaTeX Info: Redefining \pageref on input line 96.
LaTeX Info: Redefining \nameref on input line 96.

*geometry* driver: auto-detecting
*geometry* detected driver: pdftex
*geometry* verbose mode - [ preamble ] result:
* driver: pdftex
* paper: a4paper
* layout: <same size as paper>
* layoutoffset:(h,v)=(0.0pt,0.0pt)
* modes: 
* h-part:(L,W,R)=(90.3375pt, 416.83289pt, 90.3375pt)
* v-part:(T,H,B)=(72.26999pt, 664.37186pt, 108.405pt)
* \paperwidth=597.50787pt
* \paperheight=845.04684pt
* \textwidth=416.83289pt
* \textheight=664.37186pt
* \oddsidemargin=18.0675pt
* \evensidemargin=18.0675pt
* \topmargin=-37.0pt
* \headheight=12.0pt
* \headsep=25.0pt
* \topskip=12.0pt
* \footskip=30.0pt
* \marginparwidth=35.0pt
* \marginparsep=10.0pt
* \columnsep=10.0pt
* \skip\footins=10.8pt plus 4.0pt minus 2.0pt
* \hoffset=0.0pt
* \voffset=0.0pt
* \mag=1000
* \@twocolumnfalse
* \@twosidefalse
* \@mparswitchfalse
* \@reversemarginfalse
* (1in=72.27pt=25.4mm, 1cm=28.453pt)

Package caption Info: Begin \AtBeginDocument code.
Package caption Info: floatflt package is loaded.
Package caption Info: threeparttable package is loaded.
Package caption Info: wrapfig package is loaded.
Package caption Info: End \AtBeginDocument code.
ABD: EverySelectfont initializing macros
LaTeX Info: Redefining \selectfont on input line 96.
LaTeX Font Info:    Trying to load font information for OT1+lmr on input line 9
6.

("C:\Users\manuz\AppData\Local\Programs\MiKTeX 2.9\tex/latex/lm\ot1lmr.fd"
File: ot1lmr.fd 2009/10/30 v1.6 Font defs for Latin Modern
)
LaTeX Font Info:    Trying to load font information for OML+lmm on input line 9
6.

("C:\Users\manuz\AppData\Local\Programs\MiKTeX 2.9\tex/latex/lm\omllmm.fd"
File: omllmm.fd 2009/10/30 v1.6 Font defs for Latin Modern
)
LaTeX Font Info:    Trying to load font information for OMS+lmsy on input line 
96.

("C:\Users\manuz\AppData\Local\Programs\MiKTeX 2.9\tex/latex/lm\omslmsy.fd"
File: omslmsy.fd 2009/10/30 v1.6 Font defs for Latin Modern
)
LaTeX Font Info:    Trying to load font information for OMX+lmex on input line 
96.

("C:\Users\manuz\AppData\Local\Programs\MiKTeX 2.9\tex/latex/lm\omxlmex.fd"
File: omxlmex.fd 2009/10/30 v1.6 Font defs for Latin Modern
)
LaTeX Font Info:    External font `lmex10' loaded for size
(Font)              <12> on input line 96.
LaTeX Font Info:    External font `lmex10' loaded for size
(Font)              <8> on input line 96.
LaTeX Font Info:    External font `lmex10' loaded for size
(Font)              <6> on input line 96.
LaTeX Font Info:    Trying to load font information for U+msa on input line 96.


("C:\Users\manuz\AppData\Local\Programs\MiKTeX 2.9\tex/latex/amsfonts\umsa.fd"
File: umsa.fd 2013/01/14 v3.01 AMS symbols A
)
LaTeX Font Info:    Trying to load font information for U+msb on input line 96.

("C:\Users\manuz\AppData\Local\Programs\MiKTeX 2.9\tex/latex/amsfonts\umsb.fd"
File: umsb.fd 2013/01/14 v3.01 AMS symbols B
)
LaTeX Font Info:    Trying to load font information for OT1+lmss on input line 
96.
("C:\Users\manuz\AppData\Local\Programs\MiKTeX 2.9\tex/latex/lm\ot1lmss.fd"
File: ot1lmss.fd 2009/10/30 v1.6 Font defs for Latin Modern
)
LaTeX Font Info:    Trying to load font information for OT1+lmtt on input line 
96.

("C:\Users\manuz\AppData\Local\Programs\MiKTeX 2.9\tex/latex/lm\ot1lmtt.fd"
File: ot1lmtt.fd 2009/10/30 v1.6 Font defs for Latin Modern
)
LaTeX Font Info:    External font `lmex10' loaded for size
(Font)              <14.4> on input line 105.
LaTeX Font Info:    External font `lmex10' loaded for size
(Font)              <10> on input line 105.
LaTeX Font Info:    External font `lmex10' loaded for size
(Font)              <7> on input line 105.
LaTeX Font Info:    Trying to load font information for TS1+lmr on input line 1
05.

("C:\Users\manuz\AppData\Local\Programs\MiKTeX 2.9\tex/latex/lm\ts1lmr.fd"
File: ts1lmr.fd 2009/10/30 v1.6 Font defs for Latin Modern
)
LaTeX Font Info:    External font `lmex10' loaded for size
(Font)              <5> on input line 105.

Underfull \hbox (badness 10000) in paragraph at lines 114--117

 []

[1

{C:/Users/manuz/AppData/Local/MiKTeX/2.9/pdftex/config/pdftex.map}]pdfTeX warni
ng (ext4): destination with the same identifier (name{page.1}) has been already
 used, duplicate ignored
<to be read again> 
                   \relax 
l.176 
       [1] [2]
Overfull \hbox (5.12575pt too wide) in paragraph at lines 209--210
[]\T1/lmr/m/n/12 In the data, I show that full-time em-ploy-ment, as a frac-tio
n of to-tal []
 []

[3] [4] [5] [6] [7]
LaTeX Font Info:    Trying to load font information for T1+lmtt on input line 3
41.

("C:\Users\manuz\AppData\Local\Programs\MiKTeX 2.9\tex/latex/lm\t1lmtt.fd"
File: t1lmtt.fd 2009/10/30 v1.6 Font defs for Latin Modern
)
[8] [9]
<dev_perc_full.png, id=261, 476.78125pt x 347.2975pt>
File: dev_perc_full.png Graphic file (type png)
<use dev_perc_full.png>
Package pdftex.def Info: dev_perc_full.png  used on input line 362.
(pdftex.def)             Requested size: 133.38957pt x 97.16315pt.
<dev_perc_part.png, id=262, 476.78125pt x 347.2975pt>
File: dev_perc_part.png Graphic file (type png)
<use dev_perc_part.png>
Package pdftex.def Info: dev_perc_part.png  used on input line 366.
(pdftex.def)             Requested size: 133.38957pt x 97.16315pt.
<dev_perc_mg.png, id=263, 476.78125pt x 347.2975pt>
File: dev_perc_mg.png Graphic file (type png)
<use dev_perc_mg.png>
Package pdftex.def Info: dev_perc_mg.png  used on input line 370.
(pdftex.def)             Requested size: 133.38957pt x 97.16315pt.
<dev_perc_full_fem.png, id=264, 476.78125pt x 347.2975pt>
File: dev_perc_full_fem.png Graphic file (type png)
<use dev_perc_full_fem.png>
Package pdftex.def Info: dev_perc_full_fem.png  used on input line 379.
(pdftex.def)             Requested size: 133.38957pt x 97.16315pt.
<dev_perc_part_fem.png, id=265, 476.78125pt x 347.2975pt>
File: dev_perc_part_fem.png Graphic file (type png)
<use dev_perc_part_fem.png>
Package pdftex.def Info: dev_perc_part_fem.png  used on input line 383.
(pdftex.def)             Requested size: 133.38957pt x 97.16315pt.
<dev_perc_mg_fem.png, id=266, 476.78125pt x 347.2975pt>
File: dev_perc_mg_fem.png Graphic file (type png)
<use dev_perc_mg_fem.png>
Package pdftex.def Info: dev_perc_mg_fem.png  used on input line 387.
(pdftex.def)             Requested size: 133.38957pt x 97.16315pt.

Underfull \hbox (badness 1142) in paragraph at lines 377--390
[] [] []
 []

[10 <./dev_perc_full.png (PNG copy)> <./dev_perc_part.png (PNG copy)> <./dev_pe
rc_mg.png (PNG copy)> <./dev_perc_full_fem.png (PNG copy)> <./dev_perc_part_fem
.png (PNG copy)> <./dev_perc_mg_fem.png (PNG copy)>]
<tstock_FT.png, id=280, 476.78125pt x 347.2975pt>
File: tstock_FT.png Graphic file (type png)
<use tstock_FT.png>
Package pdftex.def Info: tstock_FT.png  used on input line 405.
(pdftex.def)             Requested size: 200.078pt x 145.74207pt.
<tstock_PT.png, id=281, 476.78125pt x 347.2975pt>
File: tstock_PT.png Graphic file (type png)
<use tstock_PT.png>
Package pdftex.def Info: tstock_PT.png  used on input line 410.
(pdftex.def)             Requested size: 200.078pt x 145.74207pt.
<tstock_MJ.png, id=282, 476.78125pt x 347.2975pt>
File: tstock_MJ.png Graphic file (type png)
<use tstock_MJ.png>
Package pdftex.def Info: tstock_MJ.png  used on input line 415.
(pdftex.def)             Requested size: 200.078pt x 145.74207pt.
<tstock_CJ.png, id=283, 476.78125pt x 347.2975pt>
File: tstock_CJ.png Graphic file (type png)
<use tstock_CJ.png>
Package pdftex.def Info: tstock_CJ.png  used on input line 420.
(pdftex.def)             Requested size: 200.078pt x 145.74207pt.

Underfull \hbox (badness 10000) in paragraph at lines 403--424
[][] []
 []


Underfull \hbox (badness 10000) in paragraph at lines 403--424
[] []
 []


Overfull \hbox (11.878pt too wide) in paragraph at lines 434--435
[]\T1/lmr/m/n/12 Part-time, marginal em-ploy-ment and con-cur-rent em-ploy-ment
 in-crease through-
 []

[11]
Overfull \hbox (2.31685pt too wide) in paragraph at lines 436--437
\T1/lmr/m/n/12 con-cen-trate around full-time em-ploy-ment (around 90% of em-pl
oy-ment stock),
 []

<Flows_Males_19992002.png, id=298, 258.9675pt x 79.79813pt>
File: Flows_Males_19992002.png Graphic file (type png)
<use Flows_Males_19992002.png>
Package pdftex.def Info: Flows_Males_19992002.png  used on input line 449.
(pdftex.def)             Requested size: 200.078pt x 61.65416pt.
<Flows_Males_20052009.png, id=299, 295.1025pt x 91.09032pt>
File: Flows_Males_20052009.png Graphic file (type png)
<use Flows_Males_20052009.png>
Package pdftex.def Info: Flows_Males_20052009.png  used on input line 453.
(pdftex.def)             Requested size: 200.078pt x 61.75989pt.
<Flows_Females_19992002.png, id=300, 253.69781pt x 79.79813pt>
File: Flows_Females_19992002.png Graphic file (type png)
<use Flows_Females_19992002.png>
Package pdftex.def Info: Flows_Females_19992002.png  used on input line 463.
(pdftex.def)             Requested size: 200.078pt x 62.93387pt.
<Flows_Females_20052009.png, id=301, 289.83281pt x 91.09032pt>
File: Flows_Females_20052009.png Graphic file (type png)
<use Flows_Females_20052009.png>
Package pdftex.def Info: Flows_Females_20052009.png  used on input line 467.
(pdftex.def)             Requested size: 200.078pt x 62.88155pt.

Underfull \hbox (badness 10000) in paragraph at lines 461--470
[] []
 []

[12 <./tstock_FT.png (PNG copy)> <./tstock_PT.png (PNG copy)> <./tstock_MJ.png 
(PNG copy)> <./tstock_CJ.png (PNG copy)>] [13 <./Flows_Males_19992002.png> <./F
lows_Males_20052009.png> <./Flows_Females_19992002.png> <./Flows_Females_200520
09.png>]
<FT_FT_20052009_male.png, id=321, 475.7775pt x 346.29375pt>
File: FT_FT_20052009_male.png Graphic file (type png)
<use FT_FT_20052009_male.png>
Package pdftex.def Info: FT_FT_20052009_male.png  used on input line 491.
(pdftex.def)             Requested size: 200.078pt x 145.62732pt.
<PT_FT_20052009_male.png, id=322, 475.7775pt x 346.29375pt>
File: PT_FT_20052009_male.png Graphic file (type png)
<use PT_FT_20052009_male.png>
Package pdftex.def Info: PT_FT_20052009_male.png  used on input line 495.
(pdftex.def)             Requested size: 200.078pt x 145.62732pt.
<MJ_FT_20052009_male.png, id=323, 475.7775pt x 346.29375pt>
File: MJ_FT_20052009_male.png Graphic file (type png)
<use MJ_FT_20052009_male.png>
Package pdftex.def Info: MJ_FT_20052009_male.png  used on input line 503.
(pdftex.def)             Requested size: 200.078pt x 145.62732pt.
<CJ_FT_20052009_male.png, id=324, 475.7775pt x 346.29375pt>
File: CJ_FT_20052009_male.png Graphic file (type png)
<use CJ_FT_20052009_male.png>
Package pdftex.def Info: CJ_FT_20052009_male.png  used on input line 511.
(pdftex.def)             Requested size: 200.078pt x 145.62732pt.

Underfull \hbox (badness 10000) in paragraph at lines 501--514
[][] []
 []

[14 <./FT_FT_20052009_male.png (PNG copy)> <./PT_FT_20052009_male.png (PNG copy
)> <./MJ_FT_20052009_male.png (PNG copy)> <./CJ_FT_20052009_male.png (PNG copy)
>] [15] [16] [17]

LaTeX Font Warning: Command \large invalid in math mode on input line 603.


LaTeX Font Warning: Command \large invalid in math mode on input line 603.


LaTeX Font Warning: Command \large invalid in math mode on input line 603.


LaTeX Font Warning: Command \large invalid in math mode on input line 603.

[18] [19] [20] [21] [22] [23] [24] [25]
<dist_empstate_19992002.png, id=473, 1028.1612pt x 438.9198pt>
File: dist_empstate_19992002.png Graphic file (type png)
<use dist_empstate_19992002.png>
Package pdftex.def Info: dist_empstate_19992002.png  used on input line 1029.
(pdftex.def)             Requested size: 200.078pt x 85.41153pt.
<dist_empstate_20052009.png, id=474, 1028.1612pt x 438.9198pt>
File: dist_empstate_20052009.png Graphic file (type png)
<use dist_empstate_20052009.png>
Package pdftex.def Info: dist_empstate_20052009.png  used on input line 1033.
(pdftex.def)             Requested size: 200.078pt x 85.41153pt.

Underfull \hbox (badness 10000) in paragraph at lines 1027--1036
[][] []
 []

[26 <./dist_empstate_19992002.png (PNG copy)> <./dist_empstate_20052009.png (PN
G copy)>] [27] [28] [29] [30]
<dist_LT_male_beforeafter.png, id=526, 1028.1612pt x 438.9198pt>
File: dist_LT_male_beforeafter.png Graphic file (type png)
<use dist_LT_male_beforeafter.png>
Package pdftex.def Info: dist_LT_male_beforeafter.png  used on input line 1204.

(pdftex.def)             Requested size: 200.078pt x 85.41153pt.
<dist_LT_female_beforeafter.png, id=527, 1028.1612pt x 438.9198pt>
File: dist_LT_female_beforeafter.png Graphic file (type png)
<use dist_LT_female_beforeafter.png>
Package pdftex.def Info: dist_LT_female_beforeafter.png  used on input line 120
8.
(pdftex.def)             Requested size: 200.078pt x 85.41153pt.

Underfull \hbox (badness 10000) in paragraph at lines 1202--1211
[][] []
 []

[31 <./dist_LT_male_beforeafter.png (PNG copy)> <./dist_LT_female_beforeafter.p
ng (PNG copy)>]
<mean_wage_beforeafter_male.png, id=544, 1028.1612pt x 438.9198pt>
File: mean_wage_beforeafter_male.png Graphic file (type png)
<use mean_wage_beforeafter_male.png>
Package pdftex.def Info: mean_wage_beforeafter_male.png  used on input line 124
1.
(pdftex.def)             Requested size: 200.078pt x 85.41153pt.
<mean_wage_beforeafter_female.png, id=545, 1028.1612pt x 438.9198pt>
File: mean_wage_beforeafter_female.png Graphic file (type png)
<use mean_wage_beforeafter_female.png>
Package pdftex.def Info: mean_wage_beforeafter_female.png  used on input line 1
245.
(pdftex.def)             Requested size: 200.078pt x 85.41153pt.

Underfull \hbox (badness 10000) in paragraph at lines 1239--1248
[][] []
 []

[32] [33 <./mean_wage_beforeafter_male.png (PNG copy)> <./mean_wage_beforeafter
_female.png (PNG copy)>]
<counterfactual_whole_male_beforeafter.png, id=562, 1028.1612pt x 438.9198pt>
File: counterfactual_whole_male_beforeafter.png Graphic file (type png)
<use counterfactual_whole_male_beforeafter.png>
Package pdftex.def Info: counterfactual_whole_male_beforeafter.png  used on inp
ut line 1266.
(pdftex.def)             Requested size: 200.078pt x 85.41153pt.
<counterfactual_whole_female_beforeafter.png, id=563, 1028.1612pt x 438.9198pt>

File: counterfactual_whole_female_beforeafter.png Graphic file (type png)
<use counterfactual_whole_female_beforeafter.png>
Package pdftex.def Info: counterfactual_whole_female_beforeafter.png  used on i
nput line 1270.
(pdftex.def)             Requested size: 200.078pt x 85.41153pt.

Underfull \hbox (badness 10000) in paragraph at lines 1264--1273
[][] []
 []

[34 <./counterfactual_whole_male_beforeafter.png (PNG copy)> <./counterfactual_
whole_female_beforeafter.png (PNG copy)>] [35] (Paper_Likelihood3.bbl [36]
[37]
Underfull \hbox (badness 2376) in paragraph at lines 168--171
[]\T1/lmr/m/n/12 Krause, M. U. and Uh-lig, H. (2012).  Tran-si-tion-sinthegerma
n-labor-mar-
 []

[38]) [39]pdfTeX warning (ext4): destination with the same identifier (name{sec
tion.1}) has been already used, duplicate ignored
<to be read again> 
                   \relax 
l.1362 \section{Appendix\label{Sec: Preliminary}}
                                                  [40]
Overfull \hbox (37.97134pt too wide) in paragraph at lines 1533--1534
 [][][][][][][] 
 []

[41] [42] [43]
<Males_Wage_Fit.png, id=621, 955.31906pt x 137.01187pt>
File: Males_Wage_Fit.png Graphic file (type png)
<use Males_Wage_Fit.png>
Package pdftex.def Info: Males_Wage_Fit.png  used on input line 1772.
(pdftex.def)             Requested size: 416.83289pt x 59.78156pt.
<Females_Wage_Fit.png, id=623, 954.56625pt x 137.7647pt>
File: Females_Wage_Fit.png Graphic file (type png)
<use Females_Wage_Fit.png>
Package pdftex.def Info: Females_Wage_Fit.png  used on input line 1777.
(pdftex.def)             Requested size: 416.83289pt x 60.15628pt.
<dist_beforeafter_male.png, id=624, 1028.1612pt x 438.9198pt>
File: dist_beforeafter_male.png Graphic file (type png)
<use dist_beforeafter_male.png>
Package pdftex.def Info: dist_beforeafter_male.png  used on input line 1790.
(pdftex.def)             Requested size: 200.078pt x 85.41153pt.
<dist_beforeafter_female.png, id=625, 1028.1612pt x 438.9198pt>
File: dist_beforeafter_female.png Graphic file (type png)
<use dist_beforeafter_female.png>
Package pdftex.def Info: dist_beforeafter_female.png  used on input line 1794.
(pdftex.def)             Requested size: 200.078pt x 85.41153pt.

Underfull \hbox (badness 10000) in paragraph at lines 1788--1797
[][] []
 []

<FT_FT_20052009_female.png, id=626, 475.7775pt x 346.29375pt>
File: FT_FT_20052009_female.png Graphic file (type png)
<use FT_FT_20052009_female.png>
Package pdftex.def Info: FT_FT_20052009_female.png  used on input line 1807.
(pdftex.def)             Requested size: 200.078pt x 145.62732pt.
<PT_FT_20052009_female.png, id=627, 475.7775pt x 346.29375pt>
File: PT_FT_20052009_female.png Graphic file (type png)
<use PT_FT_20052009_female.png>
Package pdftex.def Info: PT_FT_20052009_female.png  used on input line 1811.
(pdftex.def)             Requested size: 200.078pt x 145.62732pt.
<MJ_FT_20052009_female.png, id=628, 475.7775pt x 346.29375pt>
File: MJ_FT_20052009_female.png Graphic file (type png)
<use MJ_FT_20052009_female.png>
Package pdftex.def Info: MJ_FT_20052009_female.png  used on input line 1819.
(pdftex.def)             Requested size: 133.38957pt x 97.0884pt.
<NE_FT_20052009_female.png, id=629, 475.7775pt x 346.29375pt>
File: NE_FT_20052009_female.png Graphic file (type png)
<use NE_FT_20052009_female.png>
Package pdftex.def Info: NE_FT_20052009_female.png  used on input line 1823.
(pdftex.def)             Requested size: 133.38957pt x 97.0884pt.
<CJ_FT_20052009_female.png, id=630, 475.7775pt x 346.29375pt>
File: CJ_FT_20052009_female.png Graphic file (type png)
<use CJ_FT_20052009_female.png>
Package pdftex.def Info: CJ_FT_20052009_female.png  used on input line 1827.
(pdftex.def)             Requested size: 133.38957pt x 97.0884pt.

Underfull \hbox (badness 1142) in paragraph at lines 1817--1830
[][] [] []
 []

<ACR_19992002.png, id=631, 194.22563pt x 256.70906pt>
File: ACR_19992002.png Graphic file (type png)
<use ACR_19992002.png>
Package pdftex.def Info: ACR_19992002.png  used on input line 1840.
(pdftex.def)             Requested size: 133.38957pt x 176.30684pt.
<ACR_20052009.png, id=632, 194.22563pt x 392.21532pt>
File: ACR_20052009.png Graphic file (type png)
<use ACR_20052009.png>
Package pdftex.def Info: ACR_20052009.png  used on input line 1844.
(pdftex.def)             Requested size: 133.38957pt x 269.37207pt.
<ACR_20102014.png, id=633, 194.22563pt x 392.21532pt>
File: ACR_20102014.png Graphic file (type png)
<use ACR_20102014.png>
Package pdftex.def Info: ACR_20102014.png  used on input line 1848.
(pdftex.def)             Requested size: 133.38957pt x 269.37207pt.

Underfull \hbox (badness 1142) in paragraph at lines 1838--1851
[][] [] []
 []

<tstock_part_time_unc.png, id=634, 475.7775pt x 346.29375pt>
File: tstock_part_time_unc.png Graphic file (type png)
<use tstock_part_time_unc.png>
Package pdftex.def Info: tstock_part_time_unc.png  used on input line 1876.
(pdftex.def)             Requested size: 133.38957pt x 97.0884pt.
<tstock_part_time_males.png, id=635, 475.7775pt x 346.29375pt>
File: tstock_part_time_males.png Graphic file (type png)
<use tstock_part_time_males.png>
Package pdftex.def Info: tstock_part_time_males.png  used on input line 1880.
(pdftex.def)             Requested size: 133.38957pt x 97.0884pt.
<tstock_part_time_females.png, id=636, 475.7775pt x 346.29375pt>
File: tstock_part_time_females.png Graphic file (type png)
<use tstock_part_time_females.png>
Package pdftex.def Info: tstock_part_time_females.png  used on input line 1884.

(pdftex.def)             Requested size: 133.38957pt x 97.0884pt.
<Employment_Stock_Series.png, id=637, 475.7775pt x 346.29375pt>
File: Employment_Stock_Series.png Graphic file (type png)
<use Employment_Stock_Series.png>
Package pdftex.def Info: Employment_Stock_Series.png  used on input line 1888.
(pdftex.def)             Requested size: 133.38957pt x 97.0884pt.
<Employment_Stock_Series_Males.png, id=638, 475.7775pt x 346.29375pt>
File: Employment_Stock_Series_Males.png Graphic file (type png)
<use Employment_Stock_Series_Males.png>
Package pdftex.def Info: Employment_Stock_Series_Males.png  used on input line 
1892.
(pdftex.def)             Requested size: 133.38957pt x 97.0884pt.
<Employment_Stock_Series_Females.png, id=639, 475.7775pt x 346.29375pt>
File: Employment_Stock_Series_Females.png Graphic file (type png)
<use Employment_Stock_Series_Females.png>
Package pdftex.def Info: Employment_Stock_Series_Females.png  used on input lin
e 1896.
(pdftex.def)             Requested size: 133.38957pt x 97.0884pt.

Underfull \hbox (badness 1142) in paragraph at lines 1874--1899
[][] [] []
 []


Underfull \hbox (badness 1142) in paragraph at lines 1874--1899
[] [] []
 []

<dist_LT_male_0510.png, id=640, 1028.1612pt x 438.9198pt>
File: dist_LT_male_0510.png Graphic file (type png)
<use dist_LT_male_0510.png>
Package pdftex.def Info: dist_LT_male_0510.png  used on input line 1909.
(pdftex.def)             Requested size: 200.078pt x 85.41153pt.
<dist_LT_female_0510.png, id=641, 1028.1612pt x 438.9198pt>
File: dist_LT_female_0510.png Graphic file (type png)
<use dist_LT_female_0510.png>
Package pdftex.def Info: dist_LT_female_0510.png  used on input line 1913.
(pdftex.def)             Requested size: 200.078pt x 85.41153pt.

Underfull \hbox (badness 10000) in paragraph at lines 1907--1916
[][] []
 []

<dist_LT_male_beforeafter_disc.png, id=642, 1028.1612pt x 438.9198pt>
File: dist_LT_male_beforeafter_disc.png Graphic file (type png)
<use dist_LT_male_beforeafter_disc.png>
Package pdftex.def Info: dist_LT_male_beforeafter_disc.png  used on input line 
1926.
(pdftex.def)             Requested size: 200.078pt x 85.41153pt.
<dist_LT_female_beforeafter_disc.png, id=643, 1028.1612pt x 438.9198pt>
File: dist_LT_female_beforeafter_disc.png Graphic file (type png)
<use dist_LT_female_beforeafter_disc.png>
Package pdftex.def Info: dist_LT_female_beforeafter_disc.png  used on input lin
e 1930.
(pdftex.def)             Requested size: 200.078pt x 85.41153pt.

Underfull \hbox (badness 10000) in paragraph at lines 1924--1933
[][] []
 []

LaTeX Font Info:    External font `lmex10' loaded for size
(Font)              <10.95> on input line 1936.
Package atveryend Info: Empty hook `BeforeClearDocument' on input line 1942.
[44 <./Males_Wage_Fit.png> <./Females_Wage_Fit.png> <./dist_beforeafter_male.pn
g (PNG copy)> <./dist_beforeafter_female.png (PNG copy)>] [45 <./FT_FT_20052009
_female.png (PNG copy)> <./PT_FT_20052009_female.png (PNG copy)> <./MJ_FT_20052
009_female.png (PNG copy)> <./NE_FT_20052009_female.png (PNG copy)> <./CJ_FT_20
052009_female.png (PNG copy)>] [46 <./ACR_19992002.png> <./ACR_20052009.png> <.
/ACR_20102014.png> <./tstock_part_time_unc.png (PNG copy)> <./tstock_part_time_
males.png (PNG copy)> <./tstock_part_time_females.png (PNG copy)> <./Employment
_Stock_Series.png (PNG copy)> <./Employment_Stock_Series_Males.png (PNG copy)> 
<./Employment_Stock_Series_Females.png (PNG copy)>] [47 <./dist_LT_male_0510.pn
g (PNG copy)> <./dist_LT_female_0510.png (PNG copy)> <./dist_LT_male_beforeafte
r_disc.png (PNG copy)> <./dist_LT_female_beforeafter_disc.png (PNG copy)>]
Package atveryend Info: Empty hook `AfterLastShipout' on input line 1942.

(Paper_Likelihood3.aux)
Package atveryend Info: Executing hook `AtVeryEndDocument' on input line 1942.
Package atveryend Info: Empty hook `AtEndAfterFileList' on input line 1942.
 ) 
Here is how much of TeX's memory you used:
 18064 strings out of 480934
 329637 string characters out of 2899917
 632292 words of memory out of 3000000
 33283 multiletter control sequences out of 15000+200000
 648023 words of font info for 106 fonts, out of 3000000 for 9000
 1141 hyphenation exceptions out of 8191
 41i,15n,49p,2133b,930s stack positions out of 5000i,500n,10000p,200000b,50000s
pdfTeX warning (dest): name{Hfootnote.35} has been referenced but does not ex
ist, replaced by a fixed one

pdfTeX warning (dest): name{Hfootnote.34} has been referenced but does not exis
t, replaced by a fixed one

pdfTeX warning (dest): name{Hfootnote.33} has been referenced but does not exis
t, replaced by a fixed one

pdfTeX warning (dest): name{Hfootnote.32} has been referenced but does not exis
t, replaced by a fixed one

pdfTeX warning (dest): name{Hfootnote.31} has been referenced but does not exis
t, replaced by a fixed one

pdfTeX warning (dest): name{Hfootnote.30} has been referenced but does not exis
t, replaced by a fixed one

pdfTeX warning (dest): name{Hfootnote.29} has been referenced but does not exis
t, replaced by a fixed one

pdfTeX warning (dest): name{Hfootnote.28} has been referenced but does not exis
t, replaced by a fixed one

pdfTeX warning (dest): name{Hfootnote.27} has been referenced but does not exis
t, replaced by a fixed one

pdfTeX warning (dest): name{Hfootnote.26} has been referenced but does not exis
t, replaced by a fixed one

pdfTeX warning (dest): name{Hfootnote.25} has been referenced but does not exis
t, replaced by a fixed one

pdfTeX warning (dest): name{Hfootnote.24} has been referenced but does not exis
t, replaced by a fixed one

pdfTeX warning (dest): name{Hfootnote.23} has been referenced but does not exis
t, replaced by a fixed one

pdfTeX warning (dest): name{Hfootnote.22} has been referenced but does not exis
t, replaced by a fixed one

pdfTeX warning (dest): name{Hfootnote.21} has been referenced but does not exis
t, replaced by a fixed one

pdfTeX warning (dest): name{Hfootnote.20} has been referenced but does not exis
t, replaced by a fixed one

pdfTeX warning (dest): name{Hfootnote.19} has been referenced but does not exis
t, replaced by a fixed one

pdfTeX warning (dest): name{Hfootnote.18} has been referenced but does not exis
t, replaced by a fixed one

pdfTeX warning (dest): name{Hfootnote.17} has been referenced but does not exis
t, replaced by a fixed one

pdfTeX warning (dest): name{Hfootnote.16} has been referenced but does not exis
t, replaced by a fixed one

pdfTeX warning (dest): name{Hfootnote.15} has been referenced but does not exis
t, replaced by a fixed one

pdfTeX warning (dest): name{Hfootnote.14} has been referenced but does not exis
t, replaced by a fixed one

pdfTeX warning (dest): name{Hfootnote.13} has been referenced but does not exis
t, replaced by a fixed one

pdfTeX warning (dest): name{Hfootnote.12} has been referenced but does not exis
t, replaced by a fixed one

pdfTeX warning (dest): name{Hfootnote.11} has been referenced but does not exis
t, replaced by a fixed one

pdfTeX warning (dest): name{Hfootnote.10} has been referenced but does not exis
t, replaced by a fixed one

pdfTeX warning (dest): name{Hfootnote.9} has been referenced but does not exist
, replaced by a fixed one

pdfTeX warning (dest): name{Hfootnote.8} has been referenced but does not exist
, replaced by a fixed one

pdfTeX warning (dest): name{Hfootnote.7} has been referenced but does not exist
, replaced by a fixed one

pdfTeX warning (dest): name{Hfootnote.6} has been referenced but does not exist
, replaced by a fixed one

pdfTeX warning (dest): name{Hfootnote.5} has been referenced but does not exist
, replaced by a fixed one

pdfTeX warning (dest): name{Hfootnote.4} has been referenced but does not exist
, replaced by a fixed one

pdfTeX warning (dest): name{Hfootnote.3} has been referenced but does not exist
, replaced by a fixed one

pdfTeX warning (dest): name{Hfootnote.2} has been referenced but does not exist
, replaced by a fixed one

pdfTeX warning (dest): name{Hfootnote.1} has been referenced but does not exist
, replaced by a fixed one

{C:/Users/manuz/AppData/Local/Programs/MiKTeX 2.9/fonts/enc/dvips/lm/lm-rm.enc}
{C:/Users/manuz/AppData/Local/Programs/MiKTeX 2.9/fonts/enc/dvips/lm/lm-mathsy.
enc}{C:/Users/manuz/AppData/Local/Programs/MiKTeX 2.9/fonts/enc/dvips/lm/lm-mat
hex.enc}{C:/Users/manuz/AppData/Local/Programs/MiKTeX 2.9/fonts/enc/dvips/lm/lm
-mathit.enc}{C:/Users/manuz/AppData/Local/Programs/MiKTeX 2.9/fonts/enc/dvips/l
m/lm-ts1.enc}{C:/Users/manuz/AppData/Local/Programs/MiKTeX 2.9/fonts/enc/dvips/
lm/lm-ec.enc}<C:/Users/manuz/AppData/Local/Programs/MiKTeX 2.9/fonts/type1/publ
ic/eurosym/feymr10.pfb><C:/Users/manuz/AppData/Local/Programs/MiKTeX 2.9/fonts/
type1/public/lm/lmbx10.pfb><C:/Users/manuz/AppData/Local/Programs/MiKTeX 2.9/fo
nts/type1/public/lm/lmbx12.pfb><C:/Users/manuz/AppData/Local/Programs/MiKTeX 2.
9/fonts/type1/public/lm/lmex10.pfb><C:/Users/manuz/AppData/Local/Programs/MiKTe
X 2.9/fonts/type1/public/lm/lmmi10.pfb><C:/Users/manuz/AppData/Local/Programs/M
iKTeX 2.9/fonts/type1/public/lm/lmmi12.pfb><C:/Users/manuz/AppData/Local/Progra
ms/MiKTeX 2.9/fonts/type1/public/lm/lmmi6.pfb><C:/Users/manuz/AppData/Local/Pro
grams/MiKTeX 2.9/fonts/type1/public/lm/lmmi7.pfb><C:/Users/manuz/AppData/Local/
Programs/MiKTeX 2.9/fonts/type1/public/lm/lmmi8.pfb><C:/Users/manuz/AppData/Loc
al/Programs/MiKTeX 2.9/fonts/type1/public/lm/lmr10.pfb><C:/Users/manuz/AppData/
Local/Programs/MiKTeX 2.9/fonts/type1/public/lm/lmr12.pfb><C:/Users/manuz/AppDa
ta/Local/Programs/MiKTeX 2.9/fonts/type1/public/lm/lmr7.pfb><C:/Users/manuz/App
Data/Local/Programs/MiKTeX 2.9/fonts/type1/public/lm/lmr8.pfb><C:/Users/manuz/A
ppData/Local/Programs/MiKTeX 2.9/fonts/type1/public/lm/lmri10.pfb><C:/Users/man
uz/AppData/Local/Programs/MiKTeX 2.9/fonts/type1/public/lm/lmri12.pfb><C:/Users
/manuz/AppData/Local/Programs/MiKTeX 2.9/fonts/type1/public/lm/lmsy10.pfb><C:/U
sers/manuz/AppData/Local/Programs/MiKTeX 2.9/fonts/type1/public/lm/lmsy6.pfb><C
:/Users/manuz/AppData/Local/Programs/MiKTeX 2.9/fonts/type1/public/lm/lmsy8.pfb
><C:/Users/manuz/AppData/Local/Programs/MiKTeX 2.9/fonts/type1/public/lm/lmtt10
.pfb>
Output written on Paper_Likelihood3.pdf (48 pages, 1989373 bytes).
PDF statistics:
 847 PDF objects out of 1000 (max. 8388607)
 200 named destinations out of 1000 (max. 500000)
 417 words of extra memory for PDF output out of 10000 (max. 10000000)

