----------------------------------------------------------------------------------------------------------------------------------------
      name:  <unnamed>
       log:  /home/mansanch/Preliminars_i.log
  log type:  text
 opened on:  31 Jul 2017, 18:44:59

. bysort year: sum daily_wage if daily_wage==0

----------------------------------------------------------------------------------------------------------------------------------------
-> year = 1975

    Variable |       Obs        Mean    Std. Dev.       Min        Max
-------------+--------------------------------------------------------
  daily_wage |      4112           0           0          0          0

----------------------------------------------------------------------------------------------------------------------------------------
-> year = 1976

    Variable |       Obs        Mean    Std. Dev.       Min        Max
-------------+--------------------------------------------------------
  daily_wage |      4104           0           0          0          0

----------------------------------------------------------------------------------------------------------------------------------------
-> year = 1977

    Variable |       Obs        Mean    Std. Dev.       Min        Max
-------------+--------------------------------------------------------
  daily_wage |      4853           0           0          0          0

----------------------------------------------------------------------------------------------------------------------------------------
-> year = 1978

    Variable |       Obs        Mean    Std. Dev.       Min        Max
-------------+--------------------------------------------------------
  daily_wage |      5155           0           0          0          0

----------------------------------------------------------------------------------------------------------------------------------------
-> year = 1979

    Variable |       Obs        Mean    Std. Dev.       Min        Max
-------------+--------------------------------------------------------
  daily_wage |      4465           0           0          0          0

----------------------------------------------------------------------------------------------------------------------------------------
-> year = 1980

    Variable |       Obs        Mean    Std. Dev.       Min        Max
-------------+--------------------------------------------------------
  daily_wage |      5432           0           0          0          0

----------------------------------------------------------------------------------------------------------------------------------------
-> year = 1981

    Variable |       Obs        Mean    Std. Dev.       Min        Max
-------------+--------------------------------------------------------
  daily_wage |      5361           0           0          0          0

----------------------------------------------------------------------------------------------------------------------------------------
-> year = 1982

    Variable |       Obs        Mean    Std. Dev.       Min        Max
-------------+--------------------------------------------------------
  daily_wage |      4276           0           0          0          0

----------------------------------------------------------------------------------------------------------------------------------------
-> year = 1983

    Variable |       Obs        Mean    Std. Dev.       Min        Max
-------------+--------------------------------------------------------
  daily_wage |      4645           0           0          0          0

----------------------------------------------------------------------------------------------------------------------------------------
-> year = 1984

    Variable |       Obs        Mean    Std. Dev.       Min        Max
-------------+--------------------------------------------------------
  daily_wage |      5638           0           0          0          0

----------------------------------------------------------------------------------------------------------------------------------------
-> year = 1985

    Variable |       Obs        Mean    Std. Dev.       Min        Max
-------------+--------------------------------------------------------
  daily_wage |      4433           0           0          0          0

----------------------------------------------------------------------------------------------------------------------------------------
-> year = 1986

    Variable |       Obs        Mean    Std. Dev.       Min        Max
-------------+--------------------------------------------------------
  daily_wage |      5248           0           0          0          0

----------------------------------------------------------------------------------------------------------------------------------------
-> year = 1987

    Variable |       Obs        Mean    Std. Dev.       Min        Max
-------------+--------------------------------------------------------
  daily_wage |      6141           0           0          0          0

----------------------------------------------------------------------------------------------------------------------------------------
-> year = 1988

    Variable |       Obs        Mean    Std. Dev.       Min        Max
-------------+--------------------------------------------------------
  daily_wage |      6614           0           0          0          0

----------------------------------------------------------------------------------------------------------------------------------------
-> year = 1989

    Variable |       Obs        Mean    Std. Dev.       Min        Max
-------------+--------------------------------------------------------
  daily_wage |      7653           0           0          0          0

----------------------------------------------------------------------------------------------------------------------------------------
-> year = 1990

    Variable |       Obs        Mean    Std. Dev.       Min        Max
-------------+--------------------------------------------------------
  daily_wage |      7421           0           0          0          0

----------------------------------------------------------------------------------------------------------------------------------------
-> year = 1991

    Variable |       Obs        Mean    Std. Dev.       Min        Max
-------------+--------------------------------------------------------
  daily_wage |     21349           0           0          0          0

----------------------------------------------------------------------------------------------------------------------------------------
-> year = 1992

    Variable |       Obs        Mean    Std. Dev.       Min        Max
-------------+--------------------------------------------------------
  daily_wage |      9067           0           0          0          0

----------------------------------------------------------------------------------------------------------------------------------------
-> year = 1993

    Variable |       Obs        Mean    Std. Dev.       Min        Max
-------------+--------------------------------------------------------
  daily_wage |      8456           0           0          0          0

----------------------------------------------------------------------------------------------------------------------------------------
-> year = 1994

    Variable |       Obs        Mean    Std. Dev.       Min        Max
-------------+--------------------------------------------------------
  daily_wage |      8105           0           0          0          0

----------------------------------------------------------------------------------------------------------------------------------------
-> year = 1995

    Variable |       Obs        Mean    Std. Dev.       Min        Max
-------------+--------------------------------------------------------
  daily_wage |      9621           0           0          0          0

----------------------------------------------------------------------------------------------------------------------------------------
-> year = 1996

    Variable |       Obs        Mean    Std. Dev.       Min        Max
-------------+--------------------------------------------------------
  daily_wage |     10105           0           0          0          0

----------------------------------------------------------------------------------------------------------------------------------------
-> year = 1997

    Variable |       Obs        Mean    Std. Dev.       Min        Max
-------------+--------------------------------------------------------
  daily_wage |     10748           0           0          0          0

----------------------------------------------------------------------------------------------------------------------------------------
-> year = 1998

    Variable |       Obs        Mean    Std. Dev.       Min        Max
-------------+--------------------------------------------------------
  daily_wage |      9760           0           0          0          0

----------------------------------------------------------------------------------------------------------------------------------------
-> year = 1999

    Variable |       Obs        Mean    Std. Dev.       Min        Max
-------------+--------------------------------------------------------
  daily_wage |     12663           0           0          0          0

----------------------------------------------------------------------------------------------------------------------------------------
-> year = 2000

    Variable |       Obs        Mean    Std. Dev.       Min        Max
-------------+--------------------------------------------------------
  daily_wage |     12826           0           0          0          0

----------------------------------------------------------------------------------------------------------------------------------------
-> year = 2001

    Variable |       Obs        Mean    Std. Dev.       Min        Max
-------------+--------------------------------------------------------
  daily_wage |     12647           0           0          0          0

----------------------------------------------------------------------------------------------------------------------------------------
-> year = 2002

    Variable |       Obs        Mean    Std. Dev.       Min        Max
-------------+--------------------------------------------------------
  daily_wage |     11864           0           0          0          0

----------------------------------------------------------------------------------------------------------------------------------------
-> year = 2003

    Variable |       Obs        Mean    Std. Dev.       Min        Max
-------------+--------------------------------------------------------
  daily_wage |     13375           0           0          0          0

----------------------------------------------------------------------------------------------------------------------------------------
-> year = 2004

    Variable |       Obs        Mean    Std. Dev.       Min        Max
-------------+--------------------------------------------------------
  daily_wage |     20739           0           0          0          0

----------------------------------------------------------------------------------------------------------------------------------------
-> year = 2005

    Variable |       Obs        Mean    Std. Dev.       Min        Max
-------------+--------------------------------------------------------
  daily_wage |     13918           0           0          0          0

----------------------------------------------------------------------------------------------------------------------------------------
-> year = 2006

    Variable |       Obs        Mean    Std. Dev.       Min        Max
-------------+--------------------------------------------------------
  daily_wage |     25594           0           0          0          0

----------------------------------------------------------------------------------------------------------------------------------------
-> year = 2007

    Variable |       Obs        Mean    Std. Dev.       Min        Max
-------------+--------------------------------------------------------
  daily_wage |     28085           0           0          0          0

----------------------------------------------------------------------------------------------------------------------------------------
-> year = 2008

    Variable |       Obs        Mean    Std. Dev.       Min        Max
-------------+--------------------------------------------------------
  daily_wage |     30459           0           0          0          0

----------------------------------------------------------------------------------------------------------------------------------------
-> year = 2009

    Variable |       Obs        Mean    Std. Dev.       Min        Max
-------------+--------------------------------------------------------
  daily_wage |     34016           0           0          0          0

----------------------------------------------------------------------------------------------------------------------------------------
-> year = 2010

    Variable |       Obs        Mean    Std. Dev.       Min        Max
-------------+--------------------------------------------------------
  daily_wage |     31008           0           0          0          0

----------------------------------------------------------------------------------------------------------------------------------------
-> year = 2011

    Variable |       Obs        Mean    Std. Dev.       Min        Max
-------------+--------------------------------------------------------
  daily_wage |     29447           0           0          0          0

----------------------------------------------------------------------------------------------------------------------------------------
-> year = 2012

    Variable |       Obs        Mean    Std. Dev.       Min        Max
-------------+--------------------------------------------------------
  daily_wage |     30923           0           0          0          0

----------------------------------------------------------------------------------------------------------------------------------------
-> year = 2013

    Variable |       Obs        Mean    Std. Dev.       Min        Max
-------------+--------------------------------------------------------
  daily_wage |     29942           0           0          0          0

----------------------------------------------------------------------------------------------------------------------------------------
-> year = 2014

    Variable |       Obs        Mean    Std. Dev.       Min        Max
-------------+--------------------------------------------------------
  daily_wage |     29342           0           0          0          0


. log close
      name:  <unnamed>
       log:  /home/mansanch/Preliminars_i.log
  log type:  text
 closed on:  31 Jul 2017, 18:45:55
----------------------------------------------------------------------------------------------------------------------------------------
