----------------------------------------------------------------------------------------------------------------------------------------
      name:  <unnamed>
       log:  /home/mansanch/Preliminars_a.log
  log type:  text
 opened on:  29 Jul 2017, 22:31:12

. *
. sum persnr

    Variable |       Obs        Mean    Std. Dev.       Min        Max
-------------+--------------------------------------------------------
      persnr |  41905984    670295.1    387478.5          1    1341982

. sum year

    Variable |       Obs        Mean    Std. Dev.       Min        Max
-------------+--------------------------------------------------------
        year |  41905984    2000.028    10.80468       1975       2014

. foreach i of numlist 1975 1985 1995 2005 2014 {
  2. preserve
  3. keep if year==`i'
  4. egen indivnr=group(persnr)
  5. sum indivnr
  6. restore
  7. }
(41485492 observations deleted)

    Variable |       Obs        Mean    Std. Dev.       Min        Max
-------------+--------------------------------------------------------
     indivnr |    420492    183659.1    106018.1          1     367412
(41305437 observations deleted)

    Variable |       Obs        Mean    Std. Dev.       Min        Max
-------------+--------------------------------------------------------
     indivnr |    600547    213538.3    123106.1          1     426720
(41198115 observations deleted)

    Variable |       Obs        Mean    Std. Dev.       Min        Max
-------------+--------------------------------------------------------
     indivnr |    707869      252811    146016.9          1     505745
(40792657 observations deleted)

    Variable |       Obs        Mean    Std. Dev.       Min        Max
-------------+--------------------------------------------------------
     indivnr |   1113327    290019.3    167612.7          1     580830
(40063927 observations deleted)

    Variable |       Obs        Mean    Std. Dev.       Min        Max
-------------+--------------------------------------------------------
     indivnr |   1842057    292698.2    169258.9          1     587063

. *
. tabstat counter_diff_estab, by(year) statistics(mean min max n)

Summary for variables: counter_diff_estab_id
     by categories of: year 

    year |      mean       min       max         N
---------+----------------------------------------
    1975 |  1.098545         1        20    419046
    1976 |  1.306549         1        32    447726
    1977 |  1.501204         1        34    457163
    1978 |  1.672422         1        28    462448
    1979 |  1.844744         1        34    478126
    1980 |  1.987058         1        48    486083
    1981 |  2.067462         1        52    481058
    1982 |  2.108904         1        54    471267
    1983 |  2.169029         1        59    466193
    1984 |  2.268779         1       114    479435
    1985 |  2.387526         1       114    485766
    1986 |  2.493391         1       124    492024
    1987 |  2.585392         1       128    499592
    1988 |  2.694128         1       128    507497
    1989 |  2.833093         1       135    526856
    1990 |  2.935015         1       135    557117
    1991 |  2.963813         1       148    582386
    1992 |  3.037406         1       149    573736
    1993 |  3.093055         1        86    561703
    1994 |  3.186241         1        84    551951
    1995 |  3.283387         1        84    554165
    1996 |   3.37168         1        84    559301
    1997 |  3.473859         1        84    599929
    1998 |  3.598944         1        86    598620
    1999 |   3.73196         1        90    772186
    2000 |   3.93432         1        91    807761
    2001 |  4.066097         1        89    821962
    2002 |  4.186985         1        84    806609
    2003 |  4.302874         1        84    902742
    2004 |  4.499479         1        84    877132
    2005 |   4.62954         1        91    903471
    2006 |  4.837483         1        85    952071
    2007 |  4.959834         1        89    974875
    2008 |   5.10995         1        92    978112
    2009 |  5.202623         1        93    997506
    2010 |  5.382673         1        96   1013135
    2011 |  5.532851         1       102   1008252
    2012 |  5.610852         1       103    999325
    2013 |  5.650833         1       105   1022084
    2014 |  5.721049         1       106    996990
---------+----------------------------------------
   Total |  3.835198         1       149  2.71e+07
--------------------------------------------------

. log close
      name:  <unnamed>
       log:  /home/mansanch/Preliminars_a.log
  log type:  text
 closed on:  29 Jul 2017, 22:44:15
----------------------------------------------------------------------------------------------------------------------------------------
