----------------------------------------------------------------------------------------------------------------------------------------
      name:  <unnamed>
       log:  /home/mansanch/Preliminars_h.log
  log type:  text
 opened on:  31 Jul 2017, 19:26:25

. bysort persnr year: gen num_contracts=_n if source==1
(15151122 missing values generated)

. tabstat num_contracts, by(year) statistics(mean min max n)

Summary for variables: num_contracts
     by categories of: year 

    year |      mean       min       max         N
---------+----------------------------------------
    1975 |  1.189246         1        47    419094
    1976 |  1.288623         1        80    439490
    1977 |  1.396996         1        47    449785
    1978 |  1.384201         1        83    450826
    1979 |  1.357013         1        54    470263
    1980 |  1.363621         1        54    477412
    1981 |  1.381503         1       131    474998
    1982 |  1.385541         1       184    465901
    1983 |  1.405471         1       114    458790
    1984 |  1.440276         1       168    473562
    1985 |  1.482198         1       233    476008
    1986 |  1.455217         1       134    487671
    1987 |  1.462911         1       186    494760
    1988 |  1.475926         1       184    502225
    1989 |  1.486551         1        92    521454
    1990 |  1.592528         1       246    551442
    1991 |  1.542793         1       102    575201
    1992 |  1.476437         1       153    564371
    1993 |  1.499421         1       167    552167
    1994 |  1.500583         1       191    539019
    1995 |  1.498307         1       161    542411
    1996 |  1.559428         1       218    545311
    1997 |  2.007053         1       261    585106
    1998 |  2.058757         1       308    581905
    1999 |   2.44252         1       286    760119
    2000 |  2.530581         1       184    796934
    2001 |  2.451345         1       175    809857
    2002 |  2.478851         1       172    791708
    2003 |  2.820176         1       186    889768
    2004 |  3.097122         1       268    867601
    2005 |  2.455132         1       143    889907
    2006 |  2.597956         1       192    933222
    2007 |   3.58659         1       240    964160
    2008 |  3.523871         1       216    966878
    2009 |  3.608288         1       232    986397
    2010 |  3.716954         1       183   1002501
    2011 |  3.643454         1       328    997667
    2012 |   3.61004         1       291    988078
    2013 |  3.655394         1       384   1013903
    2014 |  3.602352         1       482    996990
---------+----------------------------------------
   Total |  2.408476         1       482  2.68e+07
--------------------------------------------------

. log close
      name:  <unnamed>
       log:  /home/mansanch/Preliminars_h.log
  log type:  text
 closed on:  31 Jul 2017, 19:30:33
----------------------------------------------------------------------------------------------------------------------------------------
