----------------------------------------------------------------------------------------------------------------------------------------
      name:  <unnamed>
       log:  /home/mansanch/Preliminars_e.log
  log type:  text
 opened on:  30 Jul 2017, 00:16:05

. tabstat employment_status if employment_status==1, by(year) statistics(n)

Summary for variables: employment_status
     by categories of: year 

    year |         N
---------+----------
    1975 |    399377
    1976 |    425042
    1977 |    432178
    1978 |    435569
    1979 |    449429
    1980 |    457387
    1981 |    451061
    1982 |    440023
    1983 |    433374
    1984 |    444410
    1985 |    448870
    1986 |    454299
    1987 |    461668
    1988 |    470649
    1989 |    490532
    1990 |    521837
    1991 |    535016
    1992 |    535617
    1993 |    524544
    1994 |    515925
    1995 |    518780
    1996 |    523020
    1997 |    561687
    1998 |    560808
    1999 |    633366
    2000 |    640763
    2001 |    652807
    2002 |    638528
    2003 |    645851
    2004 |    617162
    2005 |    618596
    2006 |    644448
    2007 |    666317
    2008 |    668004
    2009 |    676058
    2010 |    687403
    2011 |    688714
    2012 |    685375
    2013 |    702077
    2014 |    696276
---------+----------
   Total |  2.21e+07
--------------------

. tabstat employment_status if employment_status==2, by(year) statistics(n)

Summary for variables: employment_status
     by categories of: year 

    year |         N
---------+----------
    1975 |     17702
    1976 |     20553
    1977 |     22499
    1978 |     24319
    1979 |     26729
    1980 |     28541
    1981 |     29986
    1982 |     31241
    1983 |     32818
    1984 |     35025
    1985 |     36896
    1986 |     37725
    1987 |     37919
    1988 |     36848
    1989 |     36324
    1990 |     35280
    1991 |     34474
    1992 |     36486
    1993 |     36497
    1994 |     36024
    1995 |     35385
    1996 |     36281
    1997 |     38242
    1998 |     37812
    1999 |     39964
    2000 |     41272
    2001 |     43333
    2002 |     43375
    2003 |     45965
    2004 |     45713
    2005 |     47891
    2006 |     51584
    2007 |     52730
    2008 |     53860
    2009 |     55122
    2010 |     54889
    2011 |     53357
    2012 |     52738
    2013 |     52865
    2014 |     51072
---------+----------
   Total |   1567336
--------------------

. tabstat employment_status if employment_status==3, by(year) statistics(n)

Summary for variables: employment_status
     by categories of: year 

    year |         N
---------+----------
    1999 |     99118
    2000 |    126237
    2001 |    126163
    2002 |    124733
    2003 |    210930
    2004 |    214259
    2005 |    236984
    2006 |    256039
    2007 |    255828
    2008 |    256248
    2009 |    266326
    2010 |    270843
    2011 |    266181
    2012 |    261212
    2013 |    267142
    2014 |    249642
---------+----------
   Total |   3487885
--------------------

. tabstat employment_status if employment_status==4, by(year) statistics(n)
no observations
r(2000);

end of do-file

r(2000);

. tabstat employment_status if employment_status==5, by(year) statistics(n)
no observations
r(2000);

. tabstat employment_status if employment_status==6, by(year) statistics(n)
no observations
r(2000);

. tabstat employment_status if employment_status==11, by(year) statistics(n)

Summary for variables: employment_status
     by categories of: year 

    year |         N
---------+----------
    1975 |       451
    1976 |     19356
    1977 |     50932
    1978 |     35608
    1979 |     34682
    1980 |     48947
    1981 |     62075
    1982 |     70386
    1983 |     72603
    1984 |     67058
    1985 |     67832
    1986 |     64696
    1987 |     66696
    1988 |     69237
    1989 |     66528
    1990 |     64860
    1991 |     67951
    1992 |     76923
    1993 |     93177
    1994 |     96828
    1995 |     93711
    1996 |    103826
    1997 |    116699
    1998 |    118575
    1999 |    115812
    2000 |    118073
    2001 |    118656
    2002 |    143874
    2003 |    161773
    2004 |    169412
    2005 |    167861
    2006 |    168156
    2007 |    137183
    2008 |    134898
    2009 |    166174
    2010 |    144114
    2011 |    117679
    2012 |    118564
    2013 |    125080
    2014 |    122283
---------+----------
   Total |   3859229
--------------------

. tabstat employment_status if employment_status==12, by(year) statistics(n)

Summary for variables: employment_status
     by categories of: year 

    year |         N
---------+----------
    1975 |       410
    1976 |      4555
    1977 |      9744
    1978 |      8356
    1979 |      8666
    1980 |     10040
    1981 |     12673
    1982 |     19932
    1983 |     31291
    1984 |     37509
    1985 |     39587
    1986 |     39043
    1987 |     35264
    1988 |     31509
    1989 |     30196
    1990 |     27036
    1991 |     24428
    1992 |     26198
    1993 |     33765
    1994 |     41504
    1995 |     45776
    1996 |     52581
    1997 |     66286
    1998 |     75802
    1999 |     82348
    2000 |     81362
    2001 |     78076
    2002 |     91615
    2003 |    116479
    2004 |    138382
    2005 |      1135
    2006 |       905
---------+----------
   Total |   1302453
--------------------

. tabstat employment_status if employment_status==13, by(year) statistics(n)

Summary for variables: employment_status
     by categories of: year 

    year |         N
---------+----------
    1976 |       991
    1977 |      2344
    1978 |      1947
    1979 |      3116
    1980 |      4738
    1981 |      5423
    1982 |      6453
    1983 |      6143
    1984 |      6888
    1985 |      7348
    1986 |      9169
    1987 |     10854
    1988 |     11379
    1989 |     12939
    1990 |     16339
    1991 |     16977
    1992 |     18674
    1993 |     14236
    1994 |     12362
    1995 |     14216
    1996 |     14767
    1997 |     13252
    1998 |     16362
    1999 |     17112
    2000 |     17906
    2001 |     16876
    2002 |     16190
    2003 |     11707
    2004 |     10498
    2005 |      4439
    2006 |      1506
    2007 |        13
    2008 |         1
---------+----------
   Total |    323165
--------------------

. tabstat employment_status if employment_status==14, by(year) statistics(n)

Summary for variables: employment_status
     by categories of: year 

    year |         N
---------+----------
    1998 |      1686
    1999 |      2039
    2000 |      2559
    2001 |      2292
    2002 |      2069
    2003 |      3332
    2004 |      4651
    2005 |      1421
    2006 |        92
    2007 |         3
---------+----------
   Total |     20144
--------------------

. tabstat employment_status if employment_status==21, by(year) statistics(n)

Summary for variables: employment_status
     by categories of: year 

    year |         N
---------+----------
    1997 |    204802
    1998 |    214551
    1999 |    235317
    2000 |    242485
    2001 |    242152
    2002 |    270491
    2003 |    307325
    2004 |    309382
    2005 |     27800
    2006 |     19707
    2007 |    284342
    2008 |    277314
    2009 |    297430
    2010 |    280061
    2011 |    249331
    2012 |    243869
    2013 |    240883
    2014 |    236581
---------+----------
   Total |   4183823
--------------------

. tabstat employment_status if employment_status==22, by(year) statistics(n)

Summary for variables: employment_status
     by categories of: year 

    year |         N
---------+----------
    1997 |     72704
    1998 |     79365
    1999 |     85374
    2000 |     90812
    2001 |     92000
    2002 |     98848
    2003 |    125177
    2004 |    180305
    2005 |      7177
    2006 |      4729
    2007 |    218919
    2008 |    226390
    2009 |    250676
    2010 |    246031
    2011 |    220790
    2012 |    210213
    2013 |    205355
    2014 |    203385
---------+----------
   Total |   2618250
--------------------

. tabstat employment_status if employment_status==31, by(year) statistics(n)

Summary for variables: employment_status
     by categories of: year 

    year |         N
---------+----------
    2007 |      5025
    2008 |      4815
    2009 |      4707
    2010 |      4070
    2011 |      3741
    2012 |      3215
    2013 |      2422
    2014 |      1808
---------+----------
   Total |     29803
--------------------

. tabstat employment_status if employment_status==32, by(year) statistics(n)

Summary for variables: employment_status
     by categories of: year 

    year |         N
---------+----------
    2007 |    321009
    2008 |    314273
    2009 |    313101
    2010 |    318025
    2011 |    303944
    2012 |    293568
    2013 |    277587
    2014 |    281010
---------+----------
   Total |   2422517
--------------------

. log close
      name:  <unnamed>
       log:  /home/mansanch/Preliminars_e.log
  log type:  text
 closed on:  30 Jul 2017, 00:54:14
----------------------------------------------------------------------------------------------------------------------------------------
