----------------------------------------------------------------------------------------------------------------------------------------
      name:  <unnamed>
       log:  /home/mansanch/Preliminars_f.log
  log type:  text
 opened on:  30 Jul 2017, 00:54:36

. tabstat reason if reason==0, by(year) statistics(n)

Summary for variables: reason_notif
     by categories of: year 

    year |         N
---------+----------
    1975 |     78408
    1976 |     96063
    1977 |     98593
    1978 |     97762
    1979 |    102292
    1980 |    106035
    1981 |    103602
    1982 |     98423
    1983 |     93954
    1984 |     99368
    1985 |    103271
    1986 |    103946
    1987 |    106236
    1988 |    106629
    1989 |    113961
    1990 |    122957
    1991 |    137719
    1992 |    127353
    1993 |    123117
    1994 |    117648
    1995 |    120267
    1996 |    130246
    1997 |    154366
    1998 |    168123
    1999 |    210343
    2000 |    241790
    2001 |    238363
    2002 |    231443
    2003 |    236422
    2004 |    247936
    2005 |    255423
    2006 |    273301
    2007 |    273400
    2008 |    280975
    2009 |    281824
    2010 |    277327
    2011 |    280035
    2012 |    270278
    2013 |    260508
    2014 |    252581
---------+----------
   Total |   6822288
--------------------

. tabstat reason if reason==1, by(year) statistics(n)

Summary for variables: reason_notif
     by categories of: year 

    year |         N
---------+----------
    1999 |     21083
    2000 |     22221
    2001 |     13942
    2002 |     34382
    2003 |     88227
    2004 |     26637
    2005 |     23756
    2006 |     25355
    2007 |     34172
    2008 |     26862
    2009 |     31619
    2010 |     36956
    2011 |     23800
    2012 |     18903
    2013 |     20604
    2014 |     20436
---------+----------
   Total |    468955
--------------------

. tabstat reason if reason==2, by(year) statistics(n)

Summary for variables: reason_notif
     by categories of: year 

    year |         N
---------+----------
    1999 |     15992
    2000 |     19264
    2001 |     19738
    2002 |     23088
    2003 |     11221
    2004 |    219373
    2005 |      9628
    2006 |      8324
    2007 |      9907
    2008 |      6869
    2009 |      7893
    2010 |     15449
    2011 |     10263
    2012 |     12954
    2013 |     13485
    2014 |     10804
---------+----------
   Total |    414252
--------------------

. tabstat reason if reason==3, by(year) statistics(n)

Summary for variables: reason_notif
     by categories of: year 

    year |         N
---------+----------
    1999 |      1734
    2000 |      2211
    2001 |      2139
    2002 |      2249
    2003 |      2823
    2004 |      3351
    2005 |      4298
    2006 |      5628
    2007 |      5917
    2008 |      6580
    2009 |      6892
    2010 |      7850
    2011 |      8451
    2012 |     12890
    2013 |     14783
    2014 |     16980
---------+----------
   Total |    104776
--------------------

. tabstat reason if reason==4, by(year) statistics(n)

Summary for variables: reason_notif
     by categories of: year 

    year |         N
---------+----------
    1999 |     13885
    2000 |      7734
    2001 |     27937
    2002 |     14874
    2003 |     19660
    2004 |     18817
    2005 |     17001
    2006 |     17244
    2007 |     16082
    2008 |     18171
    2009 |     23185
    2010 |     21951
    2011 |     20876
    2012 |     19943
    2013 |     20955
    2014 |     18866
---------+----------
   Total |    297181
--------------------

. tabstat reason if reason==5, by(year) statistics(n)

Summary for variables: reason_notif
     by categories of: year 

    year |         N
---------+----------
    1999 |      4352
    2000 |      4009
    2001 |      3455
    2002 |      3593
    2003 |     12253
    2004 |     16096
    2005 |     14084
    2006 |     13852
    2007 |     13016
    2008 |     11922
    2009 |     11505
    2010 |     12762
    2011 |     12984
    2012 |     12416
    2013 |     12386
    2014 |     11609
---------+----------
   Total |    170294
--------------------

. tabstat reason if reason==6, by(year) statistics(n)

Summary for variables: reason_notif
     by categories of: year 

    year |         N
---------+----------
    1975 |    319491
    1976 |    328183
    1977 |    335571
    1978 |    340766
    1979 |    350969
    1980 |    352675
    1981 |    351532
    1982 |    347588
    1983 |    348472
    1984 |    353731
    1985 |    356294
    1986 |    359133
    1987 |    362177
    1988 |    335196
    1989 |    376369
    1990 |    390653
    1991 |    397893
    1992 |    397106
    1993 |    391234
    1994 |    386394
    1995 |    383324
    1996 |    373004
    1997 |    382223
    1998 |    380200
    1999 |    466086
    2000 |    472331
    2001 |    478396
    2002 |    459304
    2003 |    494989
    2004 |    311070
    2005 |    544645
    2006 |    571879
    2007 |    582848
    2008 |    583913
    2009 |    586642
    2010 |    594051
    2011 |    601906
    2012 |    594154
    2013 |    621796
    2014 |    612698
---------+----------
   Total |  1.73e+07
--------------------

. tabstat reason if reason==7, by(year) statistics(n)

Summary for variables: reason_notif
     by categories of: year 

    year |         N
---------+----------
    1975 |     12072
    1976 |     14263
    1977 |     13870
    1978 |     15517
    1979 |     15833
    1980 |     16866
    1981 |     15884
    1982 |     14578
    1983 |     13815
    1984 |     14992
    1985 |     14479
    1986 |     15829
    1987 |     16472
    1988 |     17763
    1989 |     18905
    1990 |     21086
    1991 |     22685
    1992 |     22084
    1993 |     21664
    1994 |     21955
    1995 |     21833
    1996 |     21313
    1997 |     20208
    1998 |     20950
    1999 |     19633
    2000 |     19663
    2001 |     19471
    2002 |     18789
    2003 |     17624
    2004 |     16239
    2005 |     16564
    2006 |     17923
    2007 |     19207
    2008 |     20807
    2009 |     21085
    2010 |     22343
    2011 |     23059
    2012 |     24197
    2013 |     24584
    2014 |     24656
---------+----------
   Total |    750760
--------------------

. tabstat reason if reason==8, by(year) statistics(n)

Summary for variables: reason_notif
     by categories of: year 

    year |         N
---------+----------
    1984 |       203
    1985 |       253
    1986 |       663
    1987 |      1174
    1988 |      1558
    1989 |      1872
    1990 |      2664
    1991 |      3097
    1992 |      3467
    1993 |      3628
    1994 |      4070
    1995 |      4293
    1996 |      4408
    1997 |      4380
    1998 |      5331
    1999 |      7806
    2000 |      8486
    2001 |      8188
    2002 |      8565
    2003 |      8424
    2004 |      7249
    2005 |      7691
    2006 |      8431
    2007 |      9456
    2008 |     10191
    2009 |     10901
    2010 |     12175
    2011 |     11854
    2012 |     11994
    2013 |     14239
    2014 |     14298
---------+----------
   Total |    201009
--------------------

. tabstat reason if reason==9, by(year) statistics(n)

Summary for variables: reason_notif
     by categories of: year 

    year |         N
---------+----------
    1975 |      9123
    1976 |      9281
    1977 |      9231
    1978 |      8576
    1979 |      9096
    1980 |     10507
    1981 |     10040
    1982 |     10678
    1983 |      9952
    1984 |     11141
    1985 |     11469
    1986 |     12453
    1987 |     13533
    1988 |     46351
    1989 |     15749
    1990 |     19757
    1991 |     20992
    1992 |     23726
    1993 |     22060
    1994 |     21884
    1995 |     24448
    1996 |     30330
    1997 |     38752
    1998 |     24016
    1999 |     11534
    2000 |     10563
    2001 |     10674
    2002 |     10349
    2003 |     11103
    2004 |     10366
    2005 |     10381
    2006 |     10134
    2007 |     10870
    2008 |     11822
    2009 |     15960
    2010 |     12271
    2011 |     15024
    2012 |     21596
    2013 |     18744
    2014 |     14062
---------+----------
   Total |    628598
--------------------

. tabstat reason if reason==10, by(year) statistics(n)

Summary for variables: reason_notif
     by categories of: year 

    year |         N
---------+----------
    1976 |     10564
    1977 |     32300
    1978 |     23027
    1979 |     20756
    1980 |     28587
    1981 |     35400
    1982 |     40412
    1983 |     45562
    1984 |     45602
    1985 |     49264
    1986 |     46428
    1987 |     45645
    1988 |     45090
    1989 |     42919
    1990 |     40832
    1991 |     40720
    1992 |     41717
    1993 |     48117
    1994 |     50883
    1995 |     49622
    1996 |     55831
    1997 |     63107
    1998 |     65657
    1999 |     71019
    2000 |     72129
    2001 |     67638
    2002 |     78703
    2003 |     83389
    2004 |     78492
    2005 |     65528
    2006 |     57171
    2007 |     51783
    2008 |     51677
    2009 |     63484
    2010 |     61224
    2011 |     50429
    2012 |     47094
    2013 |     50173
    2014 |     46673
---------+----------
   Total |   1964648
--------------------

. tabstat reason if reason==11, by(year) statistics(n)

Summary for variables: reason_notif
     by categories of: year 

    year |         N
---------+----------
    1979 |      1078
    1980 |      2115
    1981 |      2992
    1982 |      3534
    1983 |      4007
    1984 |      4335
    1985 |      4921
    1986 |      6145
    1987 |      6653
    1988 |      6559
    1989 |      7810
    1990 |      8959
    1991 |      8625
    1992 |      8909
    1993 |      5463
    1994 |      7048
    1995 |      8112
    1996 |      7836
    1997 |      7351
    1998 |      9273
    1999 |      9811
    2000 |     11509
    2001 |     10339
    2002 |     10449
    2003 |      8673
    2004 |      6926
    2005 |      1728
    2006 |      5706
    2007 |      6553
    2008 |      7930
    2009 |      9962
    2010 |      6892
    2011 |      6115
    2012 |      6585
    2013 |      7352
    2014 |      6587
---------+----------
   Total |    244842
--------------------

. tabstat reason if reason==12, by(year) statistics(n)

Summary for variables: reason_notif
     by categories of: year 

    year |         N
---------+----------
    1976 |      3183
    1977 |      8064
    1978 |      6360
    1979 |      7663
    1980 |      9133
    1981 |      4404
    1982 |      5390
    1983 |      5886
    1984 |      5896
    1985 |      6369
    1986 |      6761
    1987 |      7454
    1988 |      7205
    1989 |      6630
    1990 |      5973
    1991 |      6248
    1992 |      8092
    1993 |     11275
    1994 |     11796
    1995 |     11597
    1996 |     12380
    1997 |     13728
    1998 |     13988
    1999 |     13299
    2000 |     12116
    2001 |     11297
    2002 |     12011
    2003 |      9989
    2004 |      8591
    2005 |      6144
    2006 |      6311
    2007 |      5140
    2008 |      5189
    2009 |      6532
    2010 |      5880
    2011 |      4527
    2012 |      3875
    2013 |      4020
    2014 |      3659
---------+----------
   Total |    304055
--------------------

. tabstat reason if reason==13, by(year) statistics(n)

Summary for variables: reason_notif
     by categories of: year 

    year |         N
---------+----------
    1975 |       396
    1976 |      1652
    1977 |      2207
    1978 |      1556
    1979 |      2581
    1980 |      4196
    1981 |      5598
    1982 |      5816
    1983 |      5192
    1984 |      5662
    1985 |      5934
    1986 |      7512
    1987 |      8913
    1988 |      9199
    1989 |     10353
    1990 |     13008
    1991 |     13506
    1992 |     15246
    1993 |     11280
    1994 |      9123
    1995 |     10715
    1996 |     11409
    1997 |     10454
    1998 |     13373
    1999 |     14097
    2000 |     14991
    2001 |     14437
    2002 |     14324
    2003 |      9390
    2004 |      8073
    2005 |      5251
    2006 |      4230
    2007 |      3625
    2008 |      3764
    2009 |      5462
    2010 |      3550
    2011 |      2905
    2012 |      2880
    2013 |      3478
    2014 |      3523
---------+----------
   Total |    298861
--------------------

. tabstat reason if reason==15, by(year) statistics(n)

Summary for variables: reason_notif
     by categories of: year 

    year |         N
---------+----------
    1976 |      4751
    1977 |     10060
    1978 |      8102
    1979 |      8781
    1980 |     12783
    1981 |     22445
    1982 |     30694
    1983 |     36904
    1984 |     37433
    1985 |     36753
    1986 |     35403
    1987 |     33097
    1988 |     31846
    1989 |     28844
    1990 |     25988
    1991 |     27024
    1992 |     32300
    1993 |     44703
    1994 |     50998
    1995 |     52819
    1996 |     60292
    1997 |     73406
    1998 |     76730
    1999 |     79235
    2000 |     82686
    2001 |     86952
    2002 |    106944
    2003 |     73439
    2004 |    101650
    2005 |     64367
    2006 |     56769
    2007 |     39119
    2008 |     36000
    2009 |     46414
    2010 |     37908
    2011 |     29688
    2012 |     31673
    2013 |     34365
    2014 |     37162
---------+----------
   Total |   1726527
--------------------

. tabstat reason if reason==16, by(year) statistics(n)

Summary for variables: reason_notif
     by categories of: year 

    year |         N
---------+----------
    1975 |       277
    1976 |      9257
    1977 |     15419
    1978 |      6981
    1979 |      5555
    1980 |      6911
    1981 |      9446
    1982 |     11070
    1983 |     12501
    1984 |     12544
    1985 |     11540
    1986 |     10661
    1987 |     11052
    1988 |     12226
    1989 |     13107
    1990 |     13475
    1991 |     13233
    1992 |     15533
    1993 |     20347
    1994 |     20850
    1995 |     20839
    1996 |     23427
    1997 |     28191
    1998 |     33404
    1999 |     29850
    2000 |     26469
    2001 |     25237
    2002 |     31310
    2003 |     35026
    2004 |     29149
    2005 |     27153
    2006 |     33394
    2007 |     22372
    2008 |     21637
    2009 |     23361
    2010 |     19118
    2011 |     16058
    2012 |     17673
    2013 |     17304
    2014 |     16661
---------+----------
   Total |    729618
--------------------

. tabstat reason if reason==20, by(year) statistics(n)

Summary for variables: reason_notif
     by categories of: year 

    year |         N
---------+----------
    1997 |      6739
    1998 |      6394
    1999 |      6738
    2000 |      6666
    2001 |      6387
    2002 |      8115
    2003 |     18224
    2004 |     45774
    2005 |       304
    2006 |       233
    2007 |     47015
    2008 |     49555
    2009 |     58348
    2010 |     48337
    2011 |     36321
    2012 |     32156
    2013 |     31062
    2014 |     27159
---------+----------
   Total |    435527
--------------------

. tabstat reason if reason==21, by(year) statistics(n)

Summary for variables: reason_notif
     by categories of: year 

    year |         N
---------+----------
    1997 |     41387
    1998 |     39047
    1999 |     48526
    2000 |     49631
    2001 |     51300
    2002 |     70673
    2003 |     77130
    2004 |     67289
    2005 |      1047
    2006 |       452
    2007 |     60452
    2008 |     55562
    2009 |     56711
    2010 |     58777
    2011 |     52030
    2012 |     39527
    2013 |      5040
    2014 |      3800
---------+----------
   Total |    778381
--------------------

. tabstat reason if reason==22, by(year) statistics(n)

Summary for variables: reason_notif
     by categories of: year 

    year |         N
---------+----------
    1997 |     30465
    1998 |     31264
    1999 |     40894
    2000 |     44665
    2001 |     40822
    2002 |     26457
    2003 |     22289
    2004 |     16071
    2005 |       254
    2006 |       108
    2007 |     16969
    2008 |     15073
    2009 |     13633
    2010 |     16354
    2011 |     15751
    2012 |     12399
    2013 |      9156
    2014 |      8026
---------+----------
   Total |    360650
--------------------

. tabstat reason if reason==23, by(year) statistics(n)

Summary for variables: reason_notif
     by categories of: year 

    year |         N
---------+----------
    2007 |     15187
    2008 |      6979
    2009 |      5240
    2010 |      5314
    2011 |      5691
    2012 |     18609
    2013 |     60230
    2014 |     54270
---------+----------
   Total |    171520
--------------------

. tabstat reason if reason==24, by(year) statistics(n)

Summary for variables: reason_notif
     by categories of: year 

    year |         N
---------+----------
    1997 |      3267
    1998 |      3708
    1999 |      4293
    2000 |      5160
    2001 |      6045
    2002 |      9125
    2003 |     14378
    2004 |     15079
    2005 |      1769
    2006 |       931
    2007 |      6614
    2008 |      6388
    2009 |      7081
    2010 |      6838
    2011 |      5669
    2012 |      4273
    2013 |      3990
    2014 |      3291
---------+----------
   Total |    107899
--------------------

. tabstat reason if reason==25, by(year) statistics(n)

Summary for variables: reason_notif
     by categories of: year 

    year |         N
---------+----------
    1997 |      1986
    1998 |      2004
    1999 |      1858
    2000 |      1771
    2001 |      2023
    2002 |      2266
    2003 |      2035
    2004 |      1638
    2005 |       136
    2006 |        35
    2007 |       942
    2008 |       983
    2009 |      1132
    2010 |       991
    2011 |       508
    2012 |       440
    2013 |       375
    2014 |       334
---------+----------
   Total |     21457
--------------------

. tabstat reason if reason==26, by(year) statistics(n)

Summary for variables: reason_notif
     by categories of: year 

    year |         N
---------+----------
    1997 |     44378
    1998 |     47234
    1999 |     52881
    2000 |     53589
    2001 |     52877
    2002 |     57388
    2003 |     64070
    2004 |     48460
    2005 |      1521
    2006 |       933
    2007 |     52981
    2008 |     59102
    2009 |     65827
    2010 |     65722
    2011 |     62415
    2012 |     63531
    2013 |     62023
    2014 |     54006
---------+----------
   Total |    908938
--------------------

. tabstat reason if reason==27, by(year) statistics(n)

Summary for variables: reason_notif
     by categories of: year 

    year |         N
---------+----------
    1997 |     11251
    1998 |      7937
    1999 |      8534
    2000 |      8261
    2001 |      8578
    2002 |     10818
    2003 |     15779
    2004 |     20845
    2005 |       239
    2006 |        93
    2007 |     20375
    2008 |     19938
    2009 |     23703
    2010 |     23739
    2011 |     21437
    2012 |     18400
    2013 |     11914
    2014 |      9614
---------+----------
   Total |    241455
--------------------

. tabstat reason if reason==28, by(year) statistics(n)

Summary for variables: reason_notif
     by categories of: year 

    year |         N
---------+----------
    1997 |     17046
    1998 |     15758
    1999 |     17205
    2000 |     19721
    2001 |     18325
    2002 |     16458
    2003 |     11643
    2004 |      7932
    2005 |       244
    2006 |       136
    2007 |     17100
    2008 |     18470
    2009 |     20242
    2010 |     16414
    2011 |     13514
    2012 |     13439
    2013 |     12819
    2014 |     10928
---------+----------
   Total |    247394
--------------------

. tabstat reason if reason==29, by(year) statistics(n)

Summary for variables: reason_notif
     by categories of: year 

    year |         N
---------+----------
    1997 |      3839
    1998 |      4825
    1999 |      6625
    2000 |      7118
    2001 |      7477
    2002 |      7961
    2003 |      7548
    2004 |      6572
    2005 |       945
    2006 |       409
    2007 |      5163
    2008 |      4328
    2009 |      5238
    2010 |      4970
    2011 |      4147
    2012 |      3588
    2013 |      3612
    2014 |      2593
---------+----------
   Total |     86958
--------------------

. tabstat reason if reason==30, by(year) statistics(n)

Summary for variables: reason_notif
     by categories of: year 

    year |         N
---------+----------
    1997 |      4498
    1998 |      4997
    1999 |      6200
    2000 |      6717
    2001 |      7480
    2002 |      9129
    2003 |     10200
    2004 |     12544
    2005 |      2031
    2006 |      1540
    2007 |      2912
    2008 |      3154
    2009 |      4897
    2010 |      6497
    2011 |     13091
    2012 |      4098
    2013 |      4398
    2014 |      3738
---------+----------
   Total |    108121
--------------------

. tabstat reason if reason==31, by(year) statistics(n)

Summary for variables: reason_notif
     by categories of: year 

    year |         N
---------+----------
    1997 |     27500
    1998 |     41646
    1999 |     44954
    2000 |     43924
    2001 |     44617
    2002 |     47302
    2003 |     34681
    2004 |     26005
    2005 |      2156
    2006 |      1339
    2007 |     34271
    2008 |     35025
    2009 |     37530
    2010 |     37823
    2011 |     33721
    2012 |     33250
    2013 |     34969
    2014 |     30147
---------+----------
   Total |    590860
--------------------

. tabstat reason if reason==32, by(year) statistics(n)

Summary for variables: reason_notif
     by categories of: year 

    year |         N
---------+----------
    2007 |     29801
    2008 |     31496
    2009 |     32885
    2010 |     39748
    2011 |     37672
    2012 |     32738
    2013 |     31502
    2014 |     26274
---------+----------
   Total |    262116
--------------------

. tabstat reason if reason==33, by(year) statistics(n)

Summary for variables: reason_notif
     by categories of: year 

    year |         N
---------+----------
    1997 |      2007
    1998 |      2192
    1999 |      2892
    2000 |      3509
    2001 |      4377
    2002 |      5413
    2003 |      6587
    2004 |      4796
    2005 |        93
    2006 |        66
    2007 |      8110
    2008 |      4809
    2009 |      5250
    2010 |      4911
    2011 |      4922
    2012 |      4679
    2013 |      4269
    2014 |      3485
---------+----------
   Total |     72367
--------------------

. tabstat reason if reason==34, by(year) statistics(n)

Summary for variables: reason_notif
     by categories of: year 

    year |         N
---------+----------
    1997 |     17586
    1998 |     17085
    1999 |     18010
    2000 |     18635
    2001 |     19094
    2002 |     23578
    2003 |     44391
    2004 |     48228
    2005 |      4809
    2006 |      3007
    2007 |    145104
    2008 |    154037
    2009 |    167009
    2010 |    150943
    2011 |    127857
    2012 |    118919
    2013 |    114427
    2014 |    104681
---------+----------
   Total |   1297400
--------------------

. tabstat reason if reason==35, by(year) statistics(n)

Summary for variables: reason_notif
     by categories of: year 

    year |         N
---------+----------
    1997 |       627
    1998 |       874
    1999 |      1546
    2000 |      2765
    2001 |      5330
    2002 |     11288
    2003 |     24840
    2004 |     69379
    2005 |     18147
    2006 |     14262
    2007 |     30299
    2008 |     28527
    2009 |     31957
    2010 |     26152
    2011 |     20765
    2012 |     27357
    2013 |     27036
    2014 |     31592
---------+----------
   Total |    372743
--------------------

. tabstat reason if reason==50, by(year) statistics(n)

Summary for variables: reason_notif
     by categories of: year 

    year |         N
---------+----------
    2007 |     13834
    2008 |     10373
    2009 |      8467
    2010 |     10051
    2011 |      8372
    2012 |      5429
    2013 |      4683
    2014 |      2930
---------+----------
   Total |     64139
--------------------

. tabstat reason if reason==51, by(year) statistics(n)

Summary for variables: reason_notif
     by categories of: year 

    year |         N
---------+----------
    2007 |      1651
    2008 |      1392
    2009 |      1330
    2010 |      1303
    2011 |      1184
    2012 |       947
    2013 |       846
    2014 |       550
---------+----------
   Total |      9203
--------------------

. tabstat reason if reason==52, by(year) statistics(n)

Summary for variables: reason_notif
     by categories of: year 

    year |         N
---------+----------
    2007 |     12538
    2008 |     11910
    2009 |     12126
    2010 |     11635
    2011 |      9805
    2012 |      8048
    2013 |      7342
    2014 |      4172
---------+----------
   Total |     77576
--------------------

. tabstat reason if reason==53, by(year) statistics(n)

Summary for variables: reason_notif
     by categories of: year 

    year |         N
---------+----------
    2007 |      2899
    2008 |      2859
    2009 |      2563
    2010 |      2735
    2011 |      2423
    2012 |      2005
    2013 |      1704
    2014 |       968
---------+----------
   Total |     18156
--------------------

. tabstat reason if reason==54, by(year) statistics(n)

Summary for variables: reason_notif
     by categories of: year 

    year |         N
---------+----------
    2007 |       854
    2008 |       904
    2009 |       846
    2010 |      1327
    2011 |       823
    2012 |       752
    2013 |       683
    2014 |       531
---------+----------
   Total |      6720
--------------------

. tabstat reason if reason==55, by(year) statistics(n)

Summary for variables: reason_notif
     by categories of: year 

    year |         N
---------+----------
    2007 |      1527
    2008 |      1292
    2009 |      1134
    2010 |       980
    2011 |       665
    2012 |       403
    2013 |       212
    2014 |        16
---------+----------
   Total |      6229
--------------------

. tabstat reason if reason==57, by(year) statistics(n)

Summary for variables: reason_notif
     by categories of: year 

    year |         N
---------+----------
    2007 |      2407
    2008 |      2363
    2009 |      2364
    2010 |      2409
    2011 |      2358
    2012 |      1837
    2013 |      1422
    2014 |       644
---------+----------
   Total |     15804
--------------------

. tabstat reason if reason==58, by(year) statistics(n)

Summary for variables: reason_notif
     by categories of: year 

    year |         N
---------+----------
    2007 |     13820
    2008 |     13334
    2009 |     12580
    2010 |     14210
    2011 |     11899
    2012 |      9133
    2013 |      7638
    2014 |      4426
---------+----------
   Total |     87040
--------------------

. tabstat reason if reason==59, by(year) statistics(n)

Summary for variables: reason_notif
     by categories of: year 

    year |         N
---------+----------
    2007 |     14318
    2008 |     14089
    2009 |     13760
    2010 |     15017
    2011 |     14215
    2012 |     13638
    2013 |     14718
    2014 |     20108
---------+----------
   Total |    119863
--------------------

. log close
      name:  <unnamed>
       log:  /home/mansanch/Preliminars_f.log
  log type:  text
 closed on:  30 Jul 2017, 02:42:56
----------------------------------------------------------------------------------------------------------------------------------------
