----------------------------------------------------------------------------------------------------------------------------------------
      name:  <unnamed>
       log:  /home/mansanch/Preliminars_c.log
  log type:  text
 opened on:  29 Jul 2017, 23:30:17

. * dig deeper in richer variables...
. tabstat vocational_training if vocational_training==1, by(year) statistics(n)

Summary for variables: vocational_training
     by categories of: year 

    year |         N
---------+----------
    1975 |    138669
    1976 |    151229
    1977 |    153503
    1978 |    155021
    1979 |    159027
    1980 |    159813
    1981 |    153840
    1982 |    147085
    1983 |    142773
    1984 |    145604
    1985 |    144269
    1986 |    143172
    1987 |    142617
    1988 |    141143
    1989 |    142675
    1990 |    147225
    1991 |    145412
    1992 |    143011
    1993 |    135540
    1994 |    129998
    1995 |    126593
    1996 |    124846
    1997 |    237962
    1998 |    243306
    1999 |    291765
    2000 |    307376
    2001 |    303291
    2002 |    300628
    2003 |    329859
    2004 |    334239
    2005 |    183983
    2006 |    185584
    2007 |    215094
    2008 |    335310
    2009 |    375543
    2010 |    373300
    2011 |    292773
    2012 |    292215
    2013 |    297447
    2014 |    300482
---------+----------
   Total |   8373222
--------------------

. tabstat vocational_training if vocational_training==2, by(year) statistics(n)

Summary for variables: vocational_training
     by categories of: year 

    year |         N
---------+----------
    1975 |    227231
    1976 |    245904
    1977 |    253151
    1978 |    256494
    1979 |    266310
    1980 |    272997
    1981 |    275024
    1982 |    273096
    1983 |    273232
    1984 |    281903
    1985 |    287881
    1986 |    293694
    1987 |    300484
    1988 |    307425
    1989 |    320651
    1990 |    338571
    1991 |    348089
    1992 |    350745
    1993 |    345287
    1994 |    340723
    1995 |    343048
    1996 |    345137
    1997 |    503969
    1998 |    503227
    1999 |    568142
    2000 |    578190
    2001 |    588988
    2002 |    600885
    2003 |    668545
    2004 |    685451
    2005 |    432710
    2006 |    437802
    2007 |    637888
    2008 |    638928
    2009 |    674585
    2010 |    666322
    2011 |    522460
    2012 |    559784
    2013 |    584118
    2014 |    571933
---------+----------
   Total |  1.70e+07
--------------------

. tabstat vocational_training if vocational_training==3, by(year) statistics(n)

Summary for variables: vocational_training
     by categories of: year 

    year |         N
---------+----------
    1997 |      4662
    1998 |      5014
    1999 |      5682
    2000 |      5728
    2001 |      5932
    2002 |      6506
    2003 |      7706
    2004 |      9021
    2005 |       576
    2006 |       384
    2007 |     11776
    2008 |     12319
    2009 |     13314
    2010 |     13074
    2011 |     11910
    2012 |     11654
    2013 |     11285
    2014 |      8029
---------+----------
   Total |    144572
--------------------

. tabstat vocational_training if vocational_training==4, by(year) statistics(n)

Summary for variables: vocational_training
     by categories of: year 

    year |         N
---------+----------
    1997 |      8943
    1998 |      9887
    1999 |     10179
    2000 |     10812
    2001 |     10618
    2002 |     10689
    2003 |     11992
    2004 |     13813
    2005 |       866
    2006 |       560
    2007 |      7410
    2008 |      8064
    2009 |      9664
    2010 |      9387
    2011 |      8045
    2012 |      7188
    2013 |      6922
    2014 |      4843
---------+----------
   Total |    149882
--------------------

. tabstat vocational_training if vocational_training==5, by(year) statistics(n)

Summary for variables: vocational_training
     by categories of: year 

    year |         N
---------+----------
    1997 |      4150
    1998 |      4420
    1999 |      4523
    2000 |      4543
    2001 |      4857
    2002 |      6892
    2003 |      8843
    2004 |     10280
    2005 |       614
    2006 |       374
    2007 |     13347
    2008 |     11448
    2009 |     12362
    2010 |     12465
    2011 |     10482
    2012 |     10334
    2013 |     11100
    2014 |     11515
---------+----------
   Total |    142549
--------------------

. tabstat vocational_training if vocational_training==6, by(year) statistics(n)

Summary for variables: vocational_training
     by categories of: year 

    year |         N
---------+----------
    1997 |      9210
    1998 |      9952
    1999 |     10864
    2000 |     11034
    2001 |     10936
    2002 |     14112
    2003 |     17358
    2004 |     19275
    2005 |      1322
    2006 |       824
    2007 |      9771
    2008 |     13757
    2009 |     16506
    2010 |     16815
    2011 |     17004
    2012 |     17389
    2013 |     18479
    2014 |     19254
---------+----------
   Total |    233862
--------------------

. tabstat vocational_training if vocational_training==7, by(year) statistics(n)

Summary for variables: vocational_training
     by categories of: year 

    year |         N
---------+----------
    1975 |      6158
    1976 |      6709
    1977 |      7200
    1978 |      7549
    1979 |      8015
    1980 |      8381
    1981 |      8784
    1982 |      8885
    1983 |      8808
    1984 |      9165
    1985 |      9596
    1986 |     10072
    1987 |     10419
    1988 |     10807
    1989 |     11519
    1990 |     12341
    1991 |     12658
    1992 |     13038
    1993 |     13324
    1994 |     13395
    1995 |     13977
    1996 |     14537
    1997 |     15414
    1998 |     16000
    1999 |     17887
    2000 |     17933
    2001 |     18964
    2002 |     19064
    2003 |     19754
    2004 |     19823
    2005 |     20201
    2006 |     21146
    2007 |     22786
    2008 |     22693
    2009 |     23770
    2010 |     24363
    2011 |      5303
    2012 |       135
    2013 |        26
---------+----------
   Total |    510599
--------------------

. tabstat vocational_training if vocational_training==8, by(year) statistics(n)

Summary for variables: vocational_training
     by categories of: year 

    year |         N
---------+----------
    1975 |      7020
    1976 |      8119
    1977 |      8966
    1978 |      9533
    1979 |     10484
    1980 |     11191
    1981 |     10954
    1982 |     11198
    1983 |     11436
    1984 |     12199
    1985 |     13071
    1986 |     13839
    1987 |     14414
    1988 |     15245
    1989 |     16787
    1990 |     18071
    1991 |     18918
    1992 |     19685
    1993 |     20178
    1994 |     20344
    1995 |     21150
    1996 |     21484
    1997 |     23604
    1998 |     25913
    1999 |     29942
    2000 |     31143
    2001 |     32890
    2002 |     33206
    2003 |     34899
    2004 |     35203
    2005 |     36173
    2006 |     37454
    2007 |     40010
    2008 |     40423
    2009 |     41604
    2010 |     43440
    2011 |     61948
    2012 |     78776
    2013 |     87220
    2014 |     87456
---------+----------
   Total |   1115590
--------------------

. log close
      name:  <unnamed>
       log:  /home/mansanch/Preliminars_c.log
  log type:  text
 closed on:  29 Jul 2017, 23:55:03
----------------------------------------------------------------------------------------------------------------------------------------
