----------------------------------------------------------------------------------------------------------------------------------------
      name:  <unnamed>
       log:  /home/mansanch/Preliminars_d.log
  log type:  text
 opened on:  29 Jul 2017, 23:55:03

. tabstat school_qualification if school_qualification==1, by(year) statistics(n)

Summary for variables: school_qualification
     by categories of: year 

    year |         N
---------+----------
    1997 |     18892
    1998 |     29171
    1999 |     34775
    2000 |     36685
    2001 |     37884
    2002 |     42285
    2003 |     49104
    2004 |     56022
    2005 |      5845
    2006 |      4443
    2007 |     71539
    2008 |     72859
    2009 |     75874
    2010 |     72602
    2011 |     73458
    2012 |     77214
    2013 |     71932
    2014 |     73945
---------+----------
   Total |    904529
--------------------

. tabstat school_qualification if school_qualification==2, by(year) statistics(n)

Summary for variables: school_qualification
     by categories of: year 

    year |         N
---------+----------
    1997 |     97077
    1998 |    135195
    1999 |    153663
    2000 |    159061
    2001 |    159145
    2002 |    171777
    2003 |    198717
    2004 |    223045
    2005 |     15373
    2006 |     11015
    2007 |    207107
    2008 |    209106
    2009 |    228078
    2010 |    217969
    2011 |    290786
    2012 |    389654
    2013 |    397380
    2014 |    384255
---------+----------
   Total |   3648403
--------------------

. tabstat school_qualification if school_qualification==3, by(year) statistics(n)

Summary for variables: school_qualification
     by categories of: year 

    year |         N
---------+----------
    1975 |    360169
    1976 |    389418
    1977 |    397713
    1978 |    401749
    1979 |    415685
    1980 |    423975
    1981 |    420152
    1982 |    411209
    1983 |    406415
    1984 |    416859
    1985 |    420589
    1986 |    424228
    1987 |    429384
    1988 |    433647
    1989 |    446831
    1990 |    467536
    1991 |    474085
    1992 |    472766
    1993 |    459186
    1994 |    448741
    1995 |    446610
    1996 |    444994
    1997 |    468533
    1998 |    458547
    1999 |    542040
    2000 |    547913
    2001 |    550328
    2002 |    529451
    2003 |    566417
    2004 |    537079
    2005 |    535640
    2006 |    549296
    2007 |    552842
    2008 |    544457
    2009 |    545136
    2010 |    544167
    2011 |    153503
    2012 |      3104
    2013 |       695
---------+----------
   Total |  1.70e+07
--------------------

. tabstat school_qualification if school_qualification==4, by(year) statistics(n)

Summary for variables: school_qualification
     by categories of: year 

    year |         N
---------+----------
    1997 |     40344
    1998 |     59384
    1999 |     69159
    2000 |     76386
    2001 |     79586
    2002 |     91585
    2003 |    111284
    2004 |    129955
    2005 |      8277
    2006 |      5547
    2007 |    119661
    2008 |    118665
    2009 |    129610
    2010 |    122775
    2011 |    220823
    2012 |    303524
    2013 |    322236
    2014 |    319730
---------+----------
   Total |   2328531
--------------------

. tabstat school_qualification if school_qualification==5, by(year) statistics(n)

Summary for variables: school_qualification
     by categories of: year 

    year |         N
---------+----------
    1997 |      6370
    1998 |      9398
    1999 |     11181
    2000 |     12399
    2001 |     13264
    2002 |     16602
    2003 |     20928
    2004 |     24874
    2005 |      1459
    2006 |       870
    2007 |     24133
    2008 |     25213
    2009 |     31779
    2010 |     31714
    2011 |     28131
    2012 |     26917
    2013 |     27229
    2014 |     28299
---------+----------
   Total |    340760
--------------------

. tabstat school_qualification if school_qualification==6, by(year) statistics(n)

Summary for variables: school_qualification
     by categories of: year 

    year |         N
---------+----------
    1975 |     11572
    1976 |     12705
    1977 |     13943
    1978 |     15069
    1979 |     16242
    1980 |     17163
    1981 |     17493
    1982 |     17856
    1983 |     18397
    1984 |     19813
    1985 |     21157
    1986 |     22710
    1987 |     24131
    1988 |     25728
    1989 |     28014
    1990 |     30601
    1991 |     32074
    1992 |     34028
    1993 |     34965
    1994 |     35375
    1995 |     37008
    1996 |     39526
    1997 |     45843
    1998 |     48224
    1999 |     56133
    2000 |     58594
    2001 |     61718
    2002 |     62673
    2003 |     68126
    2004 |     68106
    2005 |     69965
    2006 |     73173
    2007 |     78712
    2008 |     79445
    2009 |     82373
    2010 |     85687
    2011 |    129716
    2012 |    174986
    2013 |    193940
    2014 |    196341
---------+----------
   Total |   2159325
--------------------

. tabstat school_qualification if school_qualification==7, by(year) statistics(n)

Summary for variables: school_qualification
     by categories of: year 

    year |         N
---------+----------
    1975 |      7020
    1976 |      8119
    1977 |      8966
    1978 |      9533
    1979 |     10484
    1980 |     11191
    1981 |     10954
    1982 |     11198
    1983 |     11436
    1984 |     12199
    1985 |     13071
    1986 |     13839
    1987 |     14414
    1988 |     15245
    1989 |     16787
    1990 |     18071
    1991 |     18918
    1992 |     19685
    1993 |     20178
    1994 |     20344
    1995 |     21150
    1996 |     21484
    1997 |     37949
    1998 |     47874
    1999 |     55580
    2000 |     59120
    2001 |     62209
    2002 |     65281
    2003 |     72430
    2004 |     78361
    2005 |     39106
    2006 |     39244
    2007 |     78642
    2008 |     78766
    2009 |     83734
    2010 |     84844
    2011 |     50643
    2012 |     39211
    2013 |     41810
    2014 |     43618
---------+----------
   Total |   1372708
--------------------

. log close
      name:  <unnamed>
       log:  /home/mansanch/Preliminars_d.log
  log type:  text
 closed on:  30 Jul 2017, 00:16:05
----------------------------------------------------------------------------------------------------------------------------------------
