This is pdfTeX, Version 3.14159265-2.6-1.40.20 (MiKTeX 2.9.7250 64-bit) (preloaded format=pdflatex 2020.1.5)  6 JAN 2020 01:51
entering extended mode
**./Presentation_LunchSeminar.tex
(Presentation_LunchSeminar.tex
LaTeX2e <2019-10-01> patch level 3
("C:\Users\manuz\AppData\Local\Programs\MiKTeX 2.9\tex/latex/beamer\beamer.cls"
Document Class: beamer 2019/09/29 v3.57 A class for typesetting presentations

("C:\Users\manuz\AppData\Local\Programs\MiKTeX 2.9\tex/latex/beamer\beamerbasem
odes.sty"
("C:\Users\manuz\AppData\Local\Programs\MiKTeX 2.9\tex/latex/etoolbox\etoolbox.
sty"
Package: etoolbox 2019/09/21 v2.5h e-TeX tools for LaTeX (JAW)
\etb@tempcnta=\count80
)
\beamer@tempbox=\box27
\beamer@tempcount=\count81
\c@beamerpauses=\count82

("C:\Users\manuz\AppData\Local\Programs\MiKTeX 2.9\tex/latex/beamer\beamerbased
ecode.sty"
\beamer@slideinframe=\count83
\beamer@minimum=\count84
\beamer@decode@box=\box28
)
\beamer@commentbox=\box29
\beamer@modecount=\count85
)
("C:\Users\manuz\AppData\Local\Programs\MiKTeX 2.9\tex/generic/iftex\ifpdf.sty"
Package: ifpdf 2019/10/25 v3.4 ifpdf legacy package. Use iftex instead.
("C:\Users\manuz\AppData\Local\Programs\MiKTeX 2.9\tex/generic/iftex\iftex.sty"
Package: iftex 2019/11/07 v1.0c TeX engine tests
))
\headdp=\dimen102
\footheight=\dimen103
\sidebarheight=\dimen104
\beamer@tempdim=\dimen105
\beamer@finalheight=\dimen106
\beamer@animht=\dimen107
\beamer@animdp=\dimen108
\beamer@animwd=\dimen109
\beamer@leftmargin=\dimen110
\beamer@rightmargin=\dimen111
\beamer@leftsidebar=\dimen112
\beamer@rightsidebar=\dimen113
\beamer@boxsize=\dimen114
\beamer@vboxoffset=\dimen115
\beamer@descdefault=\dimen116
\beamer@descriptionwidth=\dimen117
\beamer@lastskip=\skip41
\beamer@areabox=\box30
\beamer@animcurrent=\box31
\beamer@animshowbox=\box32
\beamer@sectionbox=\box33
\beamer@logobox=\box34
\beamer@linebox=\box35
\beamer@sectioncount=\count86
\beamer@subsubsectionmax=\count87
\beamer@subsectionmax=\count88
\beamer@sectionmax=\count89
\beamer@totalheads=\count90
\beamer@headcounter=\count91
\beamer@partstartpage=\count92
\beamer@sectionstartpage=\count93
\beamer@subsectionstartpage=\count94
\beamer@animationtempa=\count95
\beamer@animationtempb=\count96
\beamer@xpos=\count97
\beamer@ypos=\count98
\beamer@ypos@offset=\count99
\beamer@showpartnumber=\count100
\beamer@currentsubsection=\count101
\beamer@coveringdepth=\count102
\beamer@sectionadjust=\count103
\beamer@tocsectionnumber=\count104

("C:\Users\manuz\AppData\Local\Programs\MiKTeX 2.9\tex/latex/beamer\beamerbaseo
ptions.sty"
("C:\Users\manuz\AppData\Local\Programs\MiKTeX 2.9\tex/latex/graphics\keyval.st
y"
Package: keyval 2014/10/28 v1.15 key=value parser (DPC)
\KV@toks@=\toks14
))
\beamer@paperwidth=\skip42
\beamer@paperheight=\skip43

("C:\Users\manuz\AppData\Local\Programs\MiKTeX 2.9\tex/latex/geometry\geometry.
sty"
Package: geometry 2020/01/02 v5.9 Page Geometry

("C:\Users\manuz\AppData\Local\Programs\MiKTeX 2.9\tex/generic/iftex\ifvtex.sty
"
Package: ifvtex 2019/10/25 v1.7 ifvtex legacy package. Use iftex instead.
)
\Gm@cnth=\count105
\Gm@cntv=\count106
\c@Gm@tempcnt=\count107
\Gm@bindingoffset=\dimen118
\Gm@wd@mp=\dimen119
\Gm@odd@mp=\dimen120
\Gm@even@mp=\dimen121
\Gm@layoutwidth=\dimen122
\Gm@layoutheight=\dimen123
\Gm@layouthoffset=\dimen124
\Gm@layoutvoffset=\dimen125
\Gm@dimlist=\toks15

("C:\Users\manuz\AppData\Local\Programs\MiKTeX 2.9\tex/latex/geometry\geometry.
cfg"))
("C:\Users\manuz\AppData\Local\Programs\MiKTeX 2.9\tex/latex/base\size11.clo"
File: size11.clo 2019/10/25 v1.4k Standard LaTeX file (size option)
)
("C:\Users\manuz\AppData\Local\Programs\MiKTeX 2.9\tex/latex/pgf/basiclayer\pgf
core.sty"
("C:\Users\manuz\AppData\Local\Programs\MiKTeX 2.9\tex/latex/graphics\graphicx.
sty"
Package: graphicx 2017/06/01 v1.1a Enhanced LaTeX Graphics (DPC,SPQR)

("C:\Users\manuz\AppData\Local\Programs\MiKTeX 2.9\tex/latex/graphics\graphics.
sty"
Package: graphics 2019/11/01 v1.3d Standard LaTeX Graphics (DPC,SPQR)

("C:\Users\manuz\AppData\Local\Programs\MiKTeX 2.9\tex/latex/graphics\trig.sty"
Package: trig 2016/01/03 v1.10 sin cos tan (DPC)
)
("C:\Users\manuz\AppData\Local\Programs\MiKTeX 2.9\tex/latex/graphics-cfg\graph
ics.cfg"
File: graphics.cfg 2016/06/04 v1.11 sample graphics configuration
)
Package graphics Info: Driver file: pdftex.def on input line 105.

("C:\Users\manuz\AppData\Local\Programs\MiKTeX 2.9\tex/latex/graphics-def\pdfte
x.def"
File: pdftex.def 2018/01/08 v1.0l Graphics/color driver for pdftex
))
\Gin@req@height=\dimen126
\Gin@req@width=\dimen127
)
("C:\Users\manuz\AppData\Local\Programs\MiKTeX 2.9\tex/latex/pgf/systemlayer\pg
fsys.sty"
("C:\Users\manuz\AppData\Local\Programs\MiKTeX 2.9\tex/latex/pgf/utilities\pgfr
cs.sty"
("C:\Users\manuz\AppData\Local\Programs\MiKTeX 2.9\tex/generic/pgf/utilities\pg
futil-common.tex"
\pgfutil@everybye=\toks16
\pgfutil@tempdima=\dimen128
\pgfutil@tempdimb=\dimen129

("C:\Users\manuz\AppData\Local\Programs\MiKTeX 2.9\tex/generic/pgf/utilities\pg
futil-common-lists.tex"))
("C:\Users\manuz\AppData\Local\Programs\MiKTeX 2.9\tex/generic/pgf/utilities\pg
futil-latex.def"
\pgfutil@abb=\box36

("C:\Users\manuz\AppData\Local\Programs\MiKTeX 2.9\tex/latex/ms\everyshi.sty"
Package: everyshi 2001/05/15 v3.00 EveryShipout Package (MS)
))
("C:\Users\manuz\AppData\Local\Programs\MiKTeX 2.9\tex/generic/pgf/utilities\pg
frcs.code.tex"
("C:\Users\manuz\AppData\Local\Programs\MiKTeX 2.9\tex/generic/pgf\pgf.revision
.tex")
Package: pgfrcs 2019/12/21 v3.1.5a (3.1.5a)
))
("C:\Users\manuz\AppData\Local\Programs\MiKTeX 2.9\tex/generic/pgf/systemlayer\
pgfsys.code.tex"
Package: pgfsys 2019/12/21 v3.1.5a (3.1.5a)

("C:\Users\manuz\AppData\Local\Programs\MiKTeX 2.9\tex/generic/pgf/utilities\pg
fkeys.code.tex"
\pgfkeys@pathtoks=\toks17
\pgfkeys@temptoks=\toks18

("C:\Users\manuz\AppData\Local\Programs\MiKTeX 2.9\tex/generic/pgf/utilities\pg
fkeysfiltered.code.tex"
\pgfkeys@tmptoks=\toks19
))
\pgf@x=\dimen130
\pgf@y=\dimen131
\pgf@xa=\dimen132
\pgf@ya=\dimen133
\pgf@xb=\dimen134
\pgf@yb=\dimen135
\pgf@xc=\dimen136
\pgf@yc=\dimen137
\pgf@xd=\dimen138
\pgf@yd=\dimen139
\w@pgf@writea=\write3
\r@pgf@reada=\read1
\c@pgf@counta=\count108
\c@pgf@countb=\count109
\c@pgf@countc=\count110
\c@pgf@countd=\count111
\t@pgf@toka=\toks20
\t@pgf@tokb=\toks21
\t@pgf@tokc=\toks22
\pgf@sys@id@count=\count112

("C:\Users\manuz\AppData\Local\Programs\MiKTeX 2.9\tex/generic/pgf/systemlayer\
pgf.cfg"
File: pgf.cfg 2019/12/21 v3.1.5a (3.1.5a)
)
Driver file for pgf: pgfsys-pdftex.def

("C:\Users\manuz\AppData\Local\Programs\MiKTeX 2.9\tex/generic/pgf/systemlayer\
pgfsys-pdftex.def"
File: pgfsys-pdftex.def 2019/12/21 v3.1.5a (3.1.5a)

("C:\Users\manuz\AppData\Local\Programs\MiKTeX 2.9\tex/generic/pgf/systemlayer\
pgfsys-common-pdf.def"
File: pgfsys-common-pdf.def 2019/12/21 v3.1.5a (3.1.5a)
)))
("C:\Users\manuz\AppData\Local\Programs\MiKTeX 2.9\tex/generic/pgf/systemlayer\
pgfsyssoftpath.code.tex"
File: pgfsyssoftpath.code.tex 2019/12/21 v3.1.5a (3.1.5a)
\pgfsyssoftpath@smallbuffer@items=\count113
\pgfsyssoftpath@bigbuffer@items=\count114
)
("C:\Users\manuz\AppData\Local\Programs\MiKTeX 2.9\tex/generic/pgf/systemlayer\
pgfsysprotocol.code.tex"
File: pgfsysprotocol.code.tex 2019/12/21 v3.1.5a (3.1.5a)
))
("C:\Users\manuz\AppData\Local\Programs\MiKTeX 2.9\tex/latex/xcolor\xcolor.sty"
Package: xcolor 2016/05/11 v2.12 LaTeX color extensions (UK)

("C:\Users\manuz\AppData\Local\Programs\MiKTeX 2.9\tex/latex/graphics-cfg\color
.cfg"
File: color.cfg 2016/01/02 v1.6 sample color configuration
)
Package xcolor Info: Driver file: pdftex.def on input line 225.
Package xcolor Info: Model `cmy' substituted by `cmy0' on input line 1348.
Package xcolor Info: Model `hsb' substituted by `rgb' on input line 1352.
Package xcolor Info: Model `RGB' extended on input line 1364.
Package xcolor Info: Model `HTML' substituted by `rgb' on input line 1366.
Package xcolor Info: Model `Hsb' substituted by `hsb' on input line 1367.
Package xcolor Info: Model `tHsb' substituted by `hsb' on input line 1368.
Package xcolor Info: Model `HSB' substituted by `hsb' on input line 1369.
Package xcolor Info: Model `Gray' substituted by `gray' on input line 1370.
Package xcolor Info: Model `wave' substituted by `hsb' on input line 1371.
)
("C:\Users\manuz\AppData\Local\Programs\MiKTeX 2.9\tex/generic/pgf/basiclayer\p
gfcore.code.tex"
Package: pgfcore 2019/12/21 v3.1.5a (3.1.5a)

("C:\Users\manuz\AppData\Local\Programs\MiKTeX 2.9\tex/generic/pgf/math\pgfmath
.code.tex"
("C:\Users\manuz\AppData\Local\Programs\MiKTeX 2.9\tex/generic/pgf/math\pgfmath
calc.code.tex"
("C:\Users\manuz\AppData\Local\Programs\MiKTeX 2.9\tex/generic/pgf/math\pgfmath
util.code.tex")
("C:\Users\manuz\AppData\Local\Programs\MiKTeX 2.9\tex/generic/pgf/math\pgfmath
parser.code.tex"
\pgfmath@dimen=\dimen140
\pgfmath@count=\count115
\pgfmath@box=\box37
\pgfmath@toks=\toks23
\pgfmath@stack@operand=\toks24
\pgfmath@stack@operation=\toks25
)
("C:\Users\manuz\AppData\Local\Programs\MiKTeX 2.9\tex/generic/pgf/math\pgfmath
functions.code.tex"
("C:\Users\manuz\AppData\Local\Programs\MiKTeX 2.9\tex/generic/pgf/math\pgfmath
functions.basic.code.tex")
("C:\Users\manuz\AppData\Local\Programs\MiKTeX 2.9\tex/generic/pgf/math\pgfmath
functions.trigonometric.code.tex")
("C:\Users\manuz\AppData\Local\Programs\MiKTeX 2.9\tex/generic/pgf/math\pgfmath
functions.random.code.tex")
("C:\Users\manuz\AppData\Local\Programs\MiKTeX 2.9\tex/generic/pgf/math\pgfmath
functions.comparison.code.tex")
("C:\Users\manuz\AppData\Local\Programs\MiKTeX 2.9\tex/generic/pgf/math\pgfmath
functions.base.code.tex")
("C:\Users\manuz\AppData\Local\Programs\MiKTeX 2.9\tex/generic/pgf/math\pgfmath
functions.round.code.tex")
("C:\Users\manuz\AppData\Local\Programs\MiKTeX 2.9\tex/generic/pgf/math\pgfmath
functions.misc.code.tex")
("C:\Users\manuz\AppData\Local\Programs\MiKTeX 2.9\tex/generic/pgf/math\pgfmath
functions.integerarithmetics.code.tex")))
("C:\Users\manuz\AppData\Local\Programs\MiKTeX 2.9\tex/generic/pgf/math\pgfmath
float.code.tex"
\c@pgfmathroundto@lastzeros=\count116
))
("C:\Users\manuz\AppData\Local\Programs\MiKTeX 2.9\tex/generic/pgf/math\pgfint.
code.tex")
("C:\Users\manuz\AppData\Local\Programs\MiKTeX 2.9\tex/generic/pgf/basiclayer\p
gfcorepoints.code.tex"
File: pgfcorepoints.code.tex 2019/12/21 v3.1.5a (3.1.5a)
\pgf@picminx=\dimen141
\pgf@picmaxx=\dimen142
\pgf@picminy=\dimen143
\pgf@picmaxy=\dimen144
\pgf@pathminx=\dimen145
\pgf@pathmaxx=\dimen146
\pgf@pathminy=\dimen147
\pgf@pathmaxy=\dimen148
\pgf@xx=\dimen149
\pgf@xy=\dimen150
\pgf@yx=\dimen151
\pgf@yy=\dimen152
\pgf@zx=\dimen153
\pgf@zy=\dimen154
)
("C:\Users\manuz\AppData\Local\Programs\MiKTeX 2.9\tex/generic/pgf/basiclayer\p
gfcorepathconstruct.code.tex"
File: pgfcorepathconstruct.code.tex 2019/12/21 v3.1.5a (3.1.5a)
\pgf@path@lastx=\dimen155
\pgf@path@lasty=\dimen156
)
("C:\Users\manuz\AppData\Local\Programs\MiKTeX 2.9\tex/generic/pgf/basiclayer\p
gfcorepathusage.code.tex"
File: pgfcorepathusage.code.tex 2019/12/21 v3.1.5a (3.1.5a)
\pgf@shorten@end@additional=\dimen157
\pgf@shorten@start@additional=\dimen158
)
("C:\Users\manuz\AppData\Local\Programs\MiKTeX 2.9\tex/generic/pgf/basiclayer\p
gfcorescopes.code.tex"
File: pgfcorescopes.code.tex 2019/12/21 v3.1.5a (3.1.5a)
\pgfpic=\box38
\pgf@hbox=\box39
\pgf@layerbox@main=\box40
\pgf@picture@serial@count=\count117
)
("C:\Users\manuz\AppData\Local\Programs\MiKTeX 2.9\tex/generic/pgf/basiclayer\p
gfcoregraphicstate.code.tex"
File: pgfcoregraphicstate.code.tex 2019/12/21 v3.1.5a (3.1.5a)
\pgflinewidth=\dimen159
)
("C:\Users\manuz\AppData\Local\Programs\MiKTeX 2.9\tex/generic/pgf/basiclayer\p
gfcoretransformations.code.tex"
File: pgfcoretransformations.code.tex 2019/12/21 v3.1.5a (3.1.5a)
\pgf@pt@x=\dimen160
\pgf@pt@y=\dimen161
\pgf@pt@temp=\dimen162
)
("C:\Users\manuz\AppData\Local\Programs\MiKTeX 2.9\tex/generic/pgf/basiclayer\p
gfcorequick.code.tex"
File: pgfcorequick.code.tex 2019/12/21 v3.1.5a (3.1.5a)
)
("C:\Users\manuz\AppData\Local\Programs\MiKTeX 2.9\tex/generic/pgf/basiclayer\p
gfcoreobjects.code.tex"
File: pgfcoreobjects.code.tex 2019/12/21 v3.1.5a (3.1.5a)
)
("C:\Users\manuz\AppData\Local\Programs\MiKTeX 2.9\tex/generic/pgf/basiclayer\p
gfcorepathprocessing.code.tex"
File: pgfcorepathprocessing.code.tex 2019/12/21 v3.1.5a (3.1.5a)
)
("C:\Users\manuz\AppData\Local\Programs\MiKTeX 2.9\tex/generic/pgf/basiclayer\p
gfcorearrows.code.tex"
File: pgfcorearrows.code.tex 2019/12/21 v3.1.5a (3.1.5a)
\pgfarrowsep=\dimen163
)
("C:\Users\manuz\AppData\Local\Programs\MiKTeX 2.9\tex/generic/pgf/basiclayer\p
gfcoreshade.code.tex"
File: pgfcoreshade.code.tex 2019/12/21 v3.1.5a (3.1.5a)
\pgf@max=\dimen164
\pgf@sys@shading@range@num=\count118
\pgf@shadingcount=\count119
)
("C:\Users\manuz\AppData\Local\Programs\MiKTeX 2.9\tex/generic/pgf/basiclayer\p
gfcoreimage.code.tex"
File: pgfcoreimage.code.tex 2019/12/21 v3.1.5a (3.1.5a)

("C:\Users\manuz\AppData\Local\Programs\MiKTeX 2.9\tex/generic/pgf/basiclayer\p
gfcoreexternal.code.tex"
File: pgfcoreexternal.code.tex 2019/12/21 v3.1.5a (3.1.5a)
\pgfexternal@startupbox=\box41
))
("C:\Users\manuz\AppData\Local\Programs\MiKTeX 2.9\tex/generic/pgf/basiclayer\p
gfcorelayers.code.tex"
File: pgfcorelayers.code.tex 2019/12/21 v3.1.5a (3.1.5a)
)
("C:\Users\manuz\AppData\Local\Programs\MiKTeX 2.9\tex/generic/pgf/basiclayer\p
gfcoretransparency.code.tex"
File: pgfcoretransparency.code.tex 2019/12/21 v3.1.5a (3.1.5a)
)
("C:\Users\manuz\AppData\Local\Programs\MiKTeX 2.9\tex/generic/pgf/basiclayer\p
gfcorepatterns.code.tex"
File: pgfcorepatterns.code.tex 2019/12/21 v3.1.5a (3.1.5a)
)
("C:\Users\manuz\AppData\Local\Programs\MiKTeX 2.9\tex/generic/pgf/basiclayer\p
gfcorerdf.code.tex"
File: pgfcorerdf.code.tex 2019/12/21 v3.1.5a (3.1.5a)
)))
("C:\Users\manuz\AppData\Local\Programs\MiKTeX 2.9\tex/latex/pgf/utilities\xxco
lor.sty"
Package: xxcolor 2003/10/24 ver 0.1
\XC@nummixins=\count120
\XC@countmixins=\count121
) ("C:\Program Files\MiKTeX 2.9\tex/generic\oberdiek\atbegshi.sty"
Package: atbegshi 2016/06/09 v1.18 At begin shipout hook (HO)

("C:\Program Files\MiKTeX 2.9\tex/generic\oberdiek\infwarerr.sty"
Package: infwarerr 2016/05/16 v1.4 Providing info/warning/error messages (HO)
)
("C:\Program Files\MiKTeX 2.9\tex/generic\oberdiek\ltxcmds.sty"
Package: ltxcmds 2016/05/16 v1.23 LaTeX kernel commands for general use (HO)
))
("C:\Users\manuz\AppData\Local\Programs\MiKTeX 2.9\tex/latex/hyperref\hyperref.
sty"
Package: hyperref 2019/11/10 v7.00c Hypertext links for LaTeX

("C:\Users\manuz\AppData\Local\Programs\MiKTeX 2.9\tex/latex/pdftexcmds\pdftexc
mds.sty"
Package: pdftexcmds 2019/11/24 v0.31 Utility functions of pdfTeX for LuaTeX (HO
)
Package pdftexcmds Info: \pdf@primitive is available.
Package pdftexcmds Info: \pdf@ifprimitive is available.
Package pdftexcmds Info: \pdfdraftmode found.
) ("C:\Program Files\MiKTeX 2.9\tex/generic\oberdiek\kvsetkeys.sty"
Package: kvsetkeys 2016/05/16 v1.17 Key value parser (HO)

("C:\Program Files\MiKTeX 2.9\tex/generic\oberdiek\etexcmds.sty"
Package: etexcmds 2016/05/16 v1.6 Avoid name clashes with e-TeX commands (HO)

("C:\Users\manuz\AppData\Local\Programs\MiKTeX 2.9\tex/generic/iftex\ifluatex.s
ty"
Package: ifluatex 2019/10/25 v1.5 ifluatex legacy package. Use iftex instead.
))) ("C:\Program Files\MiKTeX 2.9\tex/generic\oberdiek\kvdefinekeys.sty"
Package: kvdefinekeys 2016/05/16 v1.4 Define keys (HO)
)
("C:\Program Files\MiKTeX 2.9\tex/generic\oberdiek\pdfescape.sty"
Package: pdfescape 2016/05/16 v1.14 Implements pdfTeX's escape features (HO)
)
("C:\Program Files\MiKTeX 2.9\tex/latex\oberdiek\hycolor.sty"
Package: hycolor 2016/05/16 v1.8 Color options for hyperref/bookmark (HO)

("C:\Program Files\MiKTeX 2.9\tex/latex\oberdiek\xcolor-patch.sty"
Package: xcolor-patch 2016/05/16 xcolor patch

("C:\Users\manuz\AppData\Local\Programs\MiKTeX 2.9\tex/latex/oberdiek\hopatch.s
ty"
Package: hopatch 2016/05/16 v1.3 Wrapper for package hooks (HO)
))) ("C:\Program Files\MiKTeX 2.9\tex/latex\oberdiek\letltxmacro.sty"
Package: letltxmacro 2016/05/16 v1.5 Let assignment for LaTeX macros (HO)
)
("C:\Program Files\MiKTeX 2.9\tex/latex\oberdiek\auxhook.sty"
Package: auxhook 2016/05/16 v1.4 Hooks for auxiliary files (HO)
)
("C:\Program Files\MiKTeX 2.9\tex/latex\oberdiek\kvoptions.sty"
Package: kvoptions 2016/05/16 v3.12 Key value format for package options (HO)
)
\@linkdim=\dimen165
\Hy@linkcounter=\count122
\Hy@pagecounter=\count123

("C:\Users\manuz\AppData\Local\Programs\MiKTeX 2.9\tex/latex/hyperref\pd1enc.de
f"
File: pd1enc.def 2019/11/10 v7.00c Hyperref: PDFDocEncoding definition (HO)
Now handling font encoding PD1 ...
... no UTF-8 mapping file for font encoding PD1
) ("C:\Program Files\MiKTeX 2.9\tex/generic\oberdiek\intcalc.sty"
Package: intcalc 2016/05/16 v1.2 Expandable calculations with integers (HO)
)
\Hy@SavedSpaceFactor=\count124

("C:\Users\manuz\AppData\Local\Programs\MiKTeX 2.9\tex/latex/00miktex\hyperref.
cfg"
File: hyperref.cfg 2002/06/06 v1.2 hyperref configuration of TeXLive
)
Package hyperref Info: Option `bookmarks' set `true' on input line 4409.
Package hyperref Info: Option `bookmarksopen' set `true' on input line 4409.
Package hyperref Info: Option `implicit' set `false' on input line 4409.
Package hyperref Info: Hyper figures OFF on input line 4535.
Package hyperref Info: Link nesting OFF on input line 4540.
Package hyperref Info: Hyper index ON on input line 4543.
Package hyperref Info: Plain pages OFF on input line 4550.
Package hyperref Info: Backreferencing OFF on input line 4555.
Package hyperref Info: Implicit mode OFF; no redefinition of LaTeX internals.
Package hyperref Info: Bookmarks ON on input line 4788.
\c@Hy@tempcnt=\count125
 ("C:\Users\manuz\AppData\Local\Programs\MiKTeX 2.9\tex/latex/url\url.sty"
\Urlmuskip=\muskip10
Package: url 2013/09/16  ver 3.4  Verb mode for urls, etc.
)
LaTeX Info: Redefining \url on input line 5147.
\XeTeXLinkMargin=\dimen166
 ("C:\Program Files\MiKTeX 2.9\tex/generic\oberdiek\bitset.sty"
Package: bitset 2016/05/16 v1.2 Handle bit-vector datatype (HO)

("C:\Program Files\MiKTeX 2.9\tex/generic\oberdiek\bigintcalc.sty"
Package: bigintcalc 2016/05/16 v1.4 Expandable calculations on big integers (HO
)
))
\Fld@menulength=\count126
\Field@Width=\dimen167
\Fld@charsize=\dimen168
Package hyperref Info: Hyper figures OFF on input line 6418.
Package hyperref Info: Link nesting OFF on input line 6423.
Package hyperref Info: Hyper index ON on input line 6426.
Package hyperref Info: backreferencing OFF on input line 6433.
Package hyperref Info: Link coloring OFF on input line 6438.
Package hyperref Info: Link coloring with OCG OFF on input line 6443.
Package hyperref Info: PDF/A mode OFF on input line 6448.
LaTeX Info: Redefining \ref on input line 6488.
LaTeX Info: Redefining \pageref on input line 6492.
\Hy@abspage=\count127


Package hyperref Message: Stopped early.

)
Package hyperref Info: Driver (autodetected): hpdftex.

("C:\Users\manuz\AppData\Local\Programs\MiKTeX 2.9\tex/latex/hyperref\hpdftex.d
ef"
File: hpdftex.def 2019/11/10 v7.00c Hyperref driver for pdfTeX
 ("C:\Program Files\MiKTeX 2.9\tex/latex\oberdiek\atveryend.sty"
Package: atveryend 2016/05/16 v1.9 Hooks at the very end of document (HO)
)
\Fld@listcount=\count128
\c@bookmark@seq@number=\count129

("C:\Program Files\MiKTeX 2.9\tex/latex\oberdiek\rerunfilecheck.sty"
Package: rerunfilecheck 2016/05/16 v1.8 Rerun checks for auxiliary files (HO)

("C:\Program Files\MiKTeX 2.9\tex/generic\oberdiek\uniquecounter.sty"
Package: uniquecounter 2016/05/16 v1.3 Provide unlimited unique counter (HO)
)
Package uniquecounter Info: New unique counter `rerunfilecheck' on input line 2
85.
))
("C:\Users\manuz\AppData\Local\Programs\MiKTeX 2.9\tex/latex/beamer\beamerbaser
equires.sty"
("C:\Users\manuz\AppData\Local\Programs\MiKTeX 2.9\tex/latex/beamer\beamerbasec
ompatibility.sty")
("C:\Users\manuz\AppData\Local\Programs\MiKTeX 2.9\tex/latex/beamer\beamerbasef
ont.sty"
("C:\Users\manuz\AppData\Local\Programs\MiKTeX 2.9\tex/latex/amsfonts\amssymb.s
ty"
Package: amssymb 2013/01/14 v3.01 AMS font symbols

("C:\Users\manuz\AppData\Local\Programs\MiKTeX 2.9\tex/latex/amsfonts\amsfonts.
sty"
Package: amsfonts 2013/01/14 v3.01 Basic AMSFonts support
\@emptytoks=\toks26
\symAMSa=\mathgroup4
\symAMSb=\mathgroup5
LaTeX Font Info:    Redeclaring math symbol \hbar on input line 98.
LaTeX Font Info:    Overwriting math alphabet `\mathfrak' in version `bold'
(Font)                  U/euf/m/n --> U/euf/b/n on input line 106.
))
("C:\Users\manuz\AppData\Local\Programs\MiKTeX 2.9\tex/latex/sansmathaccent\san
smathaccent.sty"
Package: sansmathaccent 2013/03/28

("C:\Users\manuz\AppData\Local\Programs\MiKTeX 2.9\tex/latex/filehook\filehook.
sty"
Package: filehook 2019/10/03 v0.6 Hooks for input files
)))
("C:\Users\manuz\AppData\Local\Programs\MiKTeX 2.9\tex/latex/beamer\beamerbaset
ranslator.sty"
("C:\Users\manuz\AppData\Local\Programs\MiKTeX 2.9\tex/latex/translator\transla
tor.sty"
Package: translator 2019-05-31 v1.12a Easy translation of strings in LaTeX
))
("C:\Users\manuz\AppData\Local\Programs\MiKTeX 2.9\tex/latex/beamer\beamerbasem
isc.sty")
("C:\Users\manuz\AppData\Local\Programs\MiKTeX 2.9\tex/latex/beamer\beamerbaset
woscreens.sty")
("C:\Users\manuz\AppData\Local\Programs\MiKTeX 2.9\tex/latex/beamer\beamerbaseo
verlay.sty"
\beamer@argscount=\count130
\beamer@lastskipcover=\skip44
\beamer@trivlistdepth=\count131
)
("C:\Users\manuz\AppData\Local\Programs\MiKTeX 2.9\tex/latex/beamer\beamerbaset
itle.sty")
("C:\Users\manuz\AppData\Local\Programs\MiKTeX 2.9\tex/latex/beamer\beamerbases
ection.sty"
\c@lecture=\count132
\c@part=\count133
\c@section=\count134
\c@subsection=\count135
\c@subsubsection=\count136
)
("C:\Users\manuz\AppData\Local\Programs\MiKTeX 2.9\tex/latex/beamer\beamerbasef
rame.sty"
\beamer@framebox=\box42
\beamer@frametitlebox=\box43
\beamer@zoombox=\box44
\beamer@zoomcount=\count137
\beamer@zoomframecount=\count138
\beamer@frametextheight=\dimen169
\c@subsectionslide=\count139
\beamer@frametopskip=\skip45
\beamer@framebottomskip=\skip46
\beamer@frametopskipautobreak=\skip47
\beamer@framebottomskipautobreak=\skip48
\beamer@envbody=\toks27
\framewidth=\dimen170
\c@framenumber=\count140
)
("C:\Users\manuz\AppData\Local\Programs\MiKTeX 2.9\tex/latex/beamer\beamerbasev
erbatim.sty"
\beamer@verbatimfileout=\write4
)
("C:\Users\manuz\AppData\Local\Programs\MiKTeX 2.9\tex/latex/beamer\beamerbasef
ramesize.sty"
\beamer@splitbox=\box45
\beamer@autobreakcount=\count141
\beamer@autobreaklastheight=\dimen171
\beamer@frametitletoks=\toks28
\beamer@framesubtitletoks=\toks29
)
("C:\Users\manuz\AppData\Local\Programs\MiKTeX 2.9\tex/latex/beamer\beamerbasef
ramecomponents.sty"
\beamer@footins=\box46
)
("C:\Users\manuz\AppData\Local\Programs\MiKTeX 2.9\tex/latex/beamer\beamerbasec
olor.sty")
("C:\Users\manuz\AppData\Local\Programs\MiKTeX 2.9\tex/latex/beamer\beamerbasen
otes.sty"
\beamer@frameboxcopy=\box47
)
("C:\Users\manuz\AppData\Local\Programs\MiKTeX 2.9\tex/latex/beamer\beamerbaset
oc.sty")
("C:\Users\manuz\AppData\Local\Programs\MiKTeX 2.9\tex/latex/beamer\beamerbaset
emplates.sty"
\beamer@sbttoks=\toks30

("C:\Users\manuz\AppData\Local\Programs\MiKTeX 2.9\tex/latex/beamer\beamerbasea
uxtemplates.sty"
("C:\Users\manuz\AppData\Local\Programs\MiKTeX 2.9\tex/latex/beamer\beamerbaseb
oxes.sty"
\bmb@box=\box48
\bmb@colorbox=\box49
\bmb@boxshadow=\box50
\bmb@boxshadowball=\box51
\bmb@boxshadowballlarge=\box52
\bmb@temp=\dimen172
\bmb@dima=\dimen173
\bmb@dimb=\dimen174
\bmb@prevheight=\dimen175
)
\beamer@blockheadheight=\dimen176
))
("C:\Users\manuz\AppData\Local\Programs\MiKTeX 2.9\tex/latex/beamer\beamerbasel
ocalstructure.sty"
("C:\Users\manuz\AppData\Local\Programs\MiKTeX 2.9\tex/latex/tools\enumerate.st
y"
Package: enumerate 2015/07/23 v3.00 enumerate extensions (DPC)
\@enLab=\toks31
)
\c@figure=\count142
\c@table=\count143
\abovecaptionskip=\skip49
\belowcaptionskip=\skip50
)
("C:\Users\manuz\AppData\Local\Programs\MiKTeX 2.9\tex/latex/beamer\beamerbasen
avigation.sty"
\beamer@section@min@dim=\dimen177
)
("C:\Users\manuz\AppData\Local\Programs\MiKTeX 2.9\tex/latex/beamer\beamerbaset
heorems.sty"
("C:\Users\manuz\AppData\Local\Programs\MiKTeX 2.9\tex/latex/amsmath\amsmath.st
y"
Package: amsmath 2019/11/16 v2.17d AMS math features
\@mathmargin=\skip51

For additional information on amsmath, use the `?' option.

("C:\Users\manuz\AppData\Local\Programs\MiKTeX 2.9\tex/latex/amsmath\amstext.st
y"
Package: amstext 2000/06/29 v2.01 AMS text

("C:\Users\manuz\AppData\Local\Programs\MiKTeX 2.9\tex/latex/amsmath\amsgen.sty
"
File: amsgen.sty 1999/11/30 v2.0 generic functions
\@emptytoks=\toks32
\ex@=\dimen178
))
("C:\Users\manuz\AppData\Local\Programs\MiKTeX 2.9\tex/latex/amsmath\amsbsy.sty
"
Package: amsbsy 1999/11/29 v1.2d Bold Symbols
\pmbraise@=\dimen179
)
("C:\Users\manuz\AppData\Local\Programs\MiKTeX 2.9\tex/latex/amsmath\amsopn.sty
"
Package: amsopn 2016/03/08 v2.02 operator names
)
\inf@bad=\count144
LaTeX Info: Redefining \frac on input line 227.
\uproot@=\count145
\leftroot@=\count146
LaTeX Info: Redefining \overline on input line 389.
\classnum@=\count147
\DOTSCASE@=\count148
LaTeX Info: Redefining \ldots on input line 486.
LaTeX Info: Redefining \dots on input line 489.
LaTeX Info: Redefining \cdots on input line 610.
\Mathstrutbox@=\box53
\strutbox@=\box54
\big@size=\dimen180
LaTeX Font Info:    Redeclaring font encoding OML on input line 733.
LaTeX Font Info:    Redeclaring font encoding OMS on input line 734.
\macc@depth=\count149
\c@MaxMatrixCols=\count150
\dotsspace@=\muskip11
\c@parentequation=\count151
\dspbrk@lvl=\count152
\tag@help=\toks33
\row@=\count153
\column@=\count154
\maxfields@=\count155
\andhelp@=\toks34
\eqnshift@=\dimen181
\alignsep@=\dimen182
\tagshift@=\dimen183
\tagwidth@=\dimen184
\totwidth@=\dimen185
\lineht@=\dimen186
\@envbody=\toks35
\multlinegap=\skip52
\multlinetaggap=\skip53
\mathdisplay@stack=\toks36
LaTeX Info: Redefining \[ on input line 2858.
LaTeX Info: Redefining \] on input line 2859.
)
("C:\Users\manuz\AppData\Local\Programs\MiKTeX 2.9\tex/latex/amscls\amsthm.sty"
Package: amsthm 2017/10/31 v2.20.4
\thm@style=\toks37
\thm@bodyfont=\toks38
\thm@headfont=\toks39
\thm@notefont=\toks40
\thm@headpunct=\toks41
\thm@preskip=\skip54
\thm@postskip=\skip55
\thm@headsep=\skip56
\dth@everypar=\toks42
)
\c@theorem=\count156
)
("C:\Users\manuz\AppData\Local\Programs\MiKTeX 2.9\tex/latex/beamer\beamerbaset
hemes.sty"))
("C:\Users\manuz\AppData\Local\Programs\MiKTeX 2.9\tex/latex/beamer\beamertheme
default.sty"
("C:\Users\manuz\AppData\Local\Programs\MiKTeX 2.9\tex/latex/beamer\beamerfontt
hemedefault.sty")
("C:\Users\manuz\AppData\Local\Programs\MiKTeX 2.9\tex/latex/beamer\beamercolor
themedefault.sty")
("C:\Users\manuz\AppData\Local\Programs\MiKTeX 2.9\tex/latex/beamer\beamerinner
themedefault.sty"
\beamer@dima=\dimen187
\beamer@dimb=\dimen188
)
("C:\Users\manuz\AppData\Local\Programs\MiKTeX 2.9\tex/latex/beamer\beamerouter
themedefault.sty")))
("C:\Users\manuz\AppData\Local\Programs\MiKTeX 2.9\tex/generic/babel\babel.sty"
Package: babel 2019/12/08 3.37 The Babel package
("C:\Users\manuz\AppData\Local\Programs\MiKTeX 2.9\tex/generic/babel\switch.def
"
File: switch.def 2019/12/08 3.37 Babel switching mechanism
)
*************************************
* Local config file bblopts.cfg used
*
("C:\Users\manuz\AppData\Local\Programs\MiKTeX 2.9\tex/latex/arabi\bblopts.cfg"
File: bblopts.cfg 2005/09/08 v0.1 add Arabic and Farsi to "declared" options of
 babel
)
("C:\Users\manuz\AppData\Local\Programs\MiKTeX 2.9\tex/latex/babel-english\engl
ish.ldf"
Language: english 2017/06/06 v3.3r English support from the babel system

("C:\Users\manuz\AppData\Local\Programs\MiKTeX 2.9\tex/generic/babel\babel.def"
File: babel.def 2019/12/08 3.37 Babel common definitions
\babel@savecnt=\count157
\U@D=\dimen189

("C:\Users\manuz\AppData\Local\Programs\MiKTeX 2.9\tex/generic/babel\txtbabel.d
ef")
LaTeX Info: Redefining \textlatin on input line 2206.
\bbl@dirlevel=\count158
)
Package babel Info: \l@canadian = using hyphenrules for english
(babel)             (\language0) on input line 102.
Package babel Info: \l@australian = using hyphenrules for ukenglish
(babel)             (\language72) on input line 105.
Package babel Info: \l@newzealand = using hyphenrules for ukenglish
(babel)             (\language72) on input line 108.
))
("C:\Users\manuz\AppData\Local\Programs\MiKTeX 2.9\tex/latex/base\inputenc.sty"
Package: inputenc 2018/08/11 v1.3c Input encoding file
\inpenc@prehook=\toks43
\inpenc@posthook=\toks44
("C:\Users\manuz\AppData\Local\Programs\MiKTeX 2.9\tex/latex/ucs\utf8x.def"
File: utf8x.def 2004/10/17 UCS: Input encoding UTF-8
))
("C:\Users\manuz\AppData\Local\Programs\MiKTeX 2.9\tex/latex/ucs\ucs.sty"
Package: ucs 2013/05/11 v2.2 UCS: Unicode input support

("C:\Users\manuz\AppData\Local\Programs\MiKTeX 2.9\tex/latex/ucs\uni-global.def
"
File: uni-global.def 2013/05/13 UCS: Unicode global data
)
\uc@secondtry=\count159
\uc@combtoks=\toks45
\uc@combtoksb=\toks46
\uc@temptokena=\toks47
)
("C:\Users\manuz\AppData\Local\Programs\MiKTeX 2.9\tex/latex/threeparttable\thr
eeparttable.sty"
Package: threeparttable 2003/06/13  v 3.0
\@tempboxb=\box55
)
("C:\Users\manuz\AppData\Local\Programs\MiKTeX 2.9\tex/latex/multirow\multirow.
sty"
Package: multirow 2019/05/31 v2.5 Span multiple rows of a table
\multirow@colwidth=\skip57
\multirow@cntb=\count160
\multirow@dima=\skip58
\bigstrutjot=\dimen190
)
("C:\Users\manuz\AppData\Local\Programs\MiKTeX 2.9\tex/latex/tablefootnote\tabl
efootnote.sty"
Package: tablefootnote 2014/01/26 v1.1c Table foot notes (HMM)

("C:\Users\manuz\AppData\Local\Programs\MiKTeX 2.9\tex/latex/xifthen\xifthen.st
y"
Package: xifthen 2015/11/05 v1.4.0 Extended ifthen features
 ("C:\Users\manuz\AppData\Local\Programs\MiKTeX 2.9\tex/latex/tools\calc.sty"
Package: calc 2017/05/25 v4.3 Infix arithmetic (KKT,FJ)
\calc@Acount=\count161
\calc@Bcount=\count162
\calc@Adimen=\dimen191
\calc@Bdimen=\dimen192
\calc@Askip=\skip59
\calc@Bskip=\skip60
LaTeX Info: Redefining \setlength on input line 80.
LaTeX Info: Redefining \addtolength on input line 81.
\calc@Ccount=\count163
\calc@Cskip=\skip61
) ("C:\Users\manuz\AppData\Local\Programs\MiKTeX 2.9\tex/latex/base\ifthen.sty"
Package: ifthen 2014/09/29 v1.1c Standard LaTeX ifthen package (DPC)
)
("C:\Users\manuz\AppData\Local\Programs\MiKTeX 2.9\tex/latex/ifmtarg\ifmtarg.st
y"
Package: ifmtarg 2018/04/16 v1.2b check for an empty argument
)))
("C:\Users\manuz\AppData\Local\Programs\MiKTeX 2.9\tex/latex/caption\caption.st
y"
Package: caption 2020/01/01 v3.4c Customizing captions (AR)

("C:\Users\manuz\AppData\Local\Programs\MiKTeX 2.9\tex/latex/caption\caption3.s
ty"
Package: caption3 2019/12/31 v1.8f caption3 kernel (AR)
Package caption3 Info: TeX engine: e-TeX on input line 61.
\captionmargin=\dimen193
\captionmargin@=\dimen194
\captionwidth=\dimen195
\caption@tempdima=\dimen196
\caption@indent=\dimen197
\caption@parindent=\dimen198
\caption@hangindent=\dimen199
Package caption Info: beamer document class detected.
)
\c@caption@flags=\count164
\c@continuedfloat=\count165
Package caption Info: beamer document class.
Package caption Info: hyperref package is loaded.
Package caption Info: Hyperref support is turned off
(caption)             because hyperref has stopped early.
Package caption Info: threeparttable package is loaded.
)
("C:\Users\manuz\AppData\Local\Programs\MiKTeX 2.9\tex/latex/apacite\apacite.st
y"
Package: apacite 2013/07/21 v6.03 APA citation
\c@BibCnt=\count166
\bibleftmargin=\skip62
\bibindent=\skip63
\bibparsep=\skip64
\bibitemsep=\skip65
\biblabelsep=\skip66
)
("C:\Users\manuz\AppData\Local\Programs\MiKTeX 2.9\tex/latex/natbib\natbib.sty"
Package: natbib 2010/09/13 8.31b (PWD, AO)
\bibhang=\skip67
\bibsep=\skip68
LaTeX Info: Redefining \cite on input line 694.
LaTeX Info: Redefining \citeauthor on input line 712.
LaTeX Info: Redefining \citeyear on input line 735.
\c@NAT@ctr=\count167
)
("C:\Users\manuz\AppData\Local\Programs\MiKTeX 2.9\tex/latex/grffile\grffile.st
y"
Package: grffile 2019/11/11 v2.1 Extended file name support for graphics (legac
y)
Package grffile Info: This package is an empty stub for compatibility on input 
line 40.
)
("C:\Users\manuz\AppData\Local\Programs\MiKTeX 2.9\tex/latex/doublestroke\dsfon
t.sty"
Package: dsfont 1995/08/01 v0.1 Double stroke roman fonts
)
("C:\Users\manuz\AppData\Local\Programs\MiKTeX 2.9\tex/latex/fancyvrb\fancyvrb.
sty"
Package: fancyvrb 2019/11/09
 Style option: `fancyvrb' v3.4 <2019/11/09> (tvz)
\FV@CodeLineNo=\count168
\FV@InFile=\read2
\FV@TabBox=\box56
\c@FancyVerbLine=\count169
\FV@StepNumber=\count170
\FV@OutFile=\write5
)
("C:\Users\manuz\AppData\Local\Programs\MiKTeX 2.9\tex/latex/eurosym\eurosym.st
y"
Package: eurosym 1998/08/06 v1.1 European currency symbol ``Euro''
\@eurobox=\box57
)
("C:\Users\manuz\AppData\Local\Programs\MiKTeX 2.9\tex/latex/appendixnumberbeam
er\appendixnumberbeamer.sty")
("C:\Users\manuz\AppData\Local\Programs\MiKTeX 2.9\tex/latex/amsfonts\umsa.fd"
File: umsa.fd 2013/01/14 v3.01 AMS symbols A
) ("C:\Users\manuz\AppData\Local\Programs\MiKTeX 2.9\tex/latex/amsfonts\umsb.fd
"
File: umsb.fd 2013/01/14 v3.01 AMS symbols B
) (Presentation_LunchSeminar.aux)
\openout1 = `Presentation_LunchSeminar.aux'.

LaTeX Font Info:    Checking defaults for OML/cmm/m/it on input line 84.
LaTeX Font Info:    ... okay on input line 84.
LaTeX Font Info:    Checking defaults for T1/cmr/m/n on input line 84.
LaTeX Font Info:    ... okay on input line 84.
LaTeX Font Info:    Checking defaults for OT1/cmr/m/n on input line 84.
LaTeX Font Info:    ... okay on input line 84.
LaTeX Font Info:    Checking defaults for OMS/cmsy/m/n on input line 84.
LaTeX Font Info:    ... okay on input line 84.
LaTeX Font Info:    Checking defaults for OMX/cmex/m/n on input line 84.
LaTeX Font Info:    ... okay on input line 84.
LaTeX Font Info:    Checking defaults for U/cmr/m/n on input line 84.
LaTeX Font Info:    ... okay on input line 84.
LaTeX Font Info:    Checking defaults for PD1/pdf/m/n on input line 84.
LaTeX Font Info:    ... okay on input line 84.

*geometry* driver: auto-detecting
*geometry* detected driver: pdftex
*geometry* verbose mode - [ preamble ] result:
* driver: pdftex
* paper: custom
* layout: <same size as paper>
* layoutoffset:(h,v)=(0.0pt,0.0pt)
* modes: includehead includefoot 
* h-part:(L,W,R)=(28.45274pt, 307.28987pt, 28.45274pt)
* v-part:(T,H,B)=(0.0pt, 273.14662pt, 0.0pt)
* \paperwidth=364.19536pt
* \paperheight=273.14662pt
* \textwidth=307.28987pt
* \textheight=244.6939pt
* \oddsidemargin=-43.81725pt
* \evensidemargin=-43.81725pt
* \topmargin=-72.26999pt
* \headheight=14.22636pt
* \headsep=0.0pt
* \topskip=11.0pt
* \footskip=14.22636pt
* \marginparwidth=4.0pt
* \marginparsep=10.0pt
* \columnsep=10.0pt
* \skip\footins=10.0pt plus 4.0pt minus 2.0pt
* \hoffset=0.0pt
* \voffset=0.0pt
* \mag=1000
* \@twocolumnfalse
* \@twosidefalse
* \@mparswitchfalse
* \@reversemarginfalse
* (1in=72.27pt=25.4mm, 1cm=28.453pt)


("C:\Users\manuz\AppData\Local\Programs\MiKTeX 2.9\tex/context/base/mkii\supp-p
df.mkii"
[Loading MPS to PDF converter (version 2006.09.02).]
\scratchcounter=\count171
\scratchdimen=\dimen256
\scratchbox=\box58
\nofMPsegments=\count172
\nofMParguments=\count173
\everyMPshowfont=\toks48
\MPscratchCnt=\count174
\MPscratchDim=\dimen257
\MPnumerator=\count175
\makeMPintoPDFobject=\count176
\everyMPtoPDFconversion=\toks49
)
("C:\Users\manuz\AppData\Local\Programs\MiKTeX 2.9\tex/latex/epstopdf-pkg\epsto
pdf-base.sty"
Package: epstopdf-base 2019-12-09 v2.10 Base part for package epstopdf
Package epstopdf-base Info: Redefining graphics rule for `.eps' on input line 4
85.
) ABD: EveryShipout initializing macros
\AtBeginShipoutBox=\box59
Package hyperref Info: Link coloring OFF on input line 84.

("C:\Users\manuz\AppData\Local\Programs\MiKTeX 2.9\tex/latex/hyperref\nameref.s
ty"
Package: nameref 2019/09/16 v2.46 Cross-referencing by name of section
 ("C:\Program Files\MiKTeX 2.9\tex/latex\oberdiek\refcount.sty"
Package: refcount 2016/05/16 v3.5 Data extraction from label references (HO)
)
("C:\Program Files\MiKTeX 2.9\tex/generic\oberdiek\gettitlestring.sty"
Package: gettitlestring 2016/05/16 v1.5 Cleanup title references (HO)
)
\c@section@level=\count177
)
LaTeX Info: Redefining \ref on input line 84.
LaTeX Info: Redefining \pageref on input line 84.
LaTeX Info: Redefining \nameref on input line 84.

(Presentation_LunchSeminar.out) (Presentation_LunchSeminar.out)
\@outlinefile=\write6
\openout6 = `Presentation_LunchSeminar.out'.

LaTeX Font Info:    Overwriting symbol font `operators' in version `normal'
(Font)                  OT1/cmr/m/n --> OT1/cmss/m/n on input line 84.
LaTeX Font Info:    Overwriting symbol font `operators' in version `bold'
(Font)                  OT1/cmr/bx/n --> OT1/cmss/bx/n on input line 84.
\symnumbers=\mathgroup6
\sympureletters=\mathgroup7
LaTeX Font Info:    Overwriting math alphabet `\mathrm' in version `normal'
(Font)                  OT1/cmss/m/n --> OT1/cmr/m/n on input line 84.
LaTeX Font Info:    Redeclaring math alphabet \mathbf on input line 84.
LaTeX Font Info:    Overwriting math alphabet `\mathbf' in version `normal'
(Font)                  OT1/cmr/bx/n --> OT1/cmss/bx/n on input line 84.
LaTeX Font Info:    Overwriting math alphabet `\mathbf' in version `bold'
(Font)                  OT1/cmr/bx/n --> OT1/cmss/bx/n on input line 84.
LaTeX Font Info:    Redeclaring math alphabet \mathsf on input line 84.
LaTeX Font Info:    Overwriting math alphabet `\mathsf' in version `normal'
(Font)                  OT1/cmss/m/n --> OT1/cmss/m/n on input line 84.
LaTeX Font Info:    Overwriting math alphabet `\mathsf' in version `bold'
(Font)                  OT1/cmss/bx/n --> OT1/cmss/m/n on input line 84.
LaTeX Font Info:    Redeclaring math alphabet \mathit on input line 84.
LaTeX Font Info:    Overwriting math alphabet `\mathit' in version `normal'
(Font)                  OT1/cmr/m/it --> OT1/cmss/m/it on input line 84.
LaTeX Font Info:    Overwriting math alphabet `\mathit' in version `bold'
(Font)                  OT1/cmr/bx/it --> OT1/cmss/m/it on input line 84.
LaTeX Font Info:    Redeclaring math alphabet \mathtt on input line 84.
LaTeX Font Info:    Overwriting math alphabet `\mathtt' in version `normal'
(Font)                  OT1/cmtt/m/n --> OT1/cmtt/m/n on input line 84.
LaTeX Font Info:    Overwriting math alphabet `\mathtt' in version `bold'
(Font)                  OT1/cmtt/m/n --> OT1/cmtt/m/n on input line 84.
LaTeX Font Info:    Overwriting symbol font `numbers' in version `bold'
(Font)                  OT1/cmss/m/n --> OT1/cmss/bx/n on input line 84.
LaTeX Font Info:    Overwriting symbol font `pureletters' in version `bold'
(Font)                  OT1/cmss/m/it --> OT1/cmss/bx/it on input line 84.
LaTeX Font Info:    Overwriting math alphabet `\mathrm' in version `bold'
(Font)                  OT1/cmss/bx/n --> OT1/cmr/bx/n on input line 84.
LaTeX Font Info:    Overwriting math alphabet `\mathbf' in version `bold'
(Font)                  OT1/cmss/bx/n --> OT1/cmss/bx/n on input line 84.
LaTeX Font Info:    Overwriting math alphabet `\mathsf' in version `bold'
(Font)                  OT1/cmss/m/n --> OT1/cmss/bx/n on input line 84.
LaTeX Font Info:    Overwriting math alphabet `\mathit' in version `bold'
(Font)                  OT1/cmss/m/it --> OT1/cmss/bx/it on input line 84.
LaTeX Font Info:    Overwriting math alphabet `\mathtt' in version `bold'
(Font)                  OT1/cmtt/m/n --> OT1/cmtt/bx/n on input line 84.
LaTeX Font Info:    Redeclaring symbol font `pureletters' on input line 84.
LaTeX Font Info:    Overwriting symbol font `pureletters' in version `normal'
(Font)                  OT1/cmss/m/it --> OT1/mathkerncmss/m/sl on input line 8
4.
LaTeX Font Info:    Overwriting symbol font `pureletters' in version `bold'
(Font)                  OT1/cmss/bx/it --> OT1/mathkerncmss/m/sl on input line 
84.
LaTeX Font Info:    Overwriting symbol font `pureletters' in version `bold'
(Font)                  OT1/mathkerncmss/m/sl --> OT1/mathkerncmss/bx/sl on inp
ut line 84.

("C:\Users\manuz\AppData\Local\Programs\MiKTeX 2.9\tex/latex/translator\transla
tor-basic-dictionary-English.dict"
Dictionary: translator-basic-dictionary, Language: English 
)
("C:\Users\manuz\AppData\Local\Programs\MiKTeX 2.9\tex/latex/translator\transla
tor-bibliography-dictionary-English.dict"
Dictionary: translator-bibliography-dictionary, Language: English 
)
("C:\Users\manuz\AppData\Local\Programs\MiKTeX 2.9\tex/latex/translator\transla
tor-environment-dictionary-English.dict"
Dictionary: translator-environment-dictionary, Language: English 
)
("C:\Users\manuz\AppData\Local\Programs\MiKTeX 2.9\tex/latex/translator\transla
tor-months-dictionary-English.dict"
Dictionary: translator-months-dictionary, Language: English 
)
("C:\Users\manuz\AppData\Local\Programs\MiKTeX 2.9\tex/latex/translator\transla
tor-numbers-dictionary-English.dict"
Dictionary: translator-numbers-dictionary, Language: English 
)
("C:\Users\manuz\AppData\Local\Programs\MiKTeX 2.9\tex/latex/translator\transla
tor-theorem-dictionary-English.dict"
Dictionary: translator-theorem-dictionary, Language: English 
)
("C:\Users\manuz\AppData\Local\Programs\MiKTeX 2.9\tex/latex/ucs\ucsencs.def"
File: ucsencs.def 2011/01/21 Fixes to fontencodings LGR, T3
)
Package caption Info: Begin \AtBeginDocument code.
Package caption Info: End \AtBeginDocument code.
\c@maskedRefs=\count178

("C:\Users\manuz\AppData\Local\Programs\MiKTeX 2.9\tex/latex/apacite\english.ap
c"
File: english.apc 2013/07/21 v6.03 apacite language file
LaTeX Info: Redefining \BPBI on input line 129.
LaTeX Info: Redefining \BHBI on input line 130.
) (Presentation_LunchSeminar.nav)
LaTeX Font Info:    Trying to load font information for OT1+mathkerncmss on inp
ut line 88.

("C:\Users\manuz\AppData\Local\Programs\MiKTeX 2.9\tex/latex/sansmathaccent\ot1
mathkerncmss.fd"
File: ot1mathkerncmss.fd 2013/03/27 Fontinst v1.933 font definitions for OT1/ma
thkerncmss.
) [1

{C:/Users/manuz/AppData/Local/MiKTeX/2.9/pdftex/config/pdftex.map}] [2

] [3

] [4

] [5

] [6

] [7

]
<dev_perc_full.png, id=70, 475.7775pt x 346.29375pt>
File: dev_perc_full.png Graphic file (type png)
<use dev_perc_full.png>
Package pdftex.def Info: dev_perc_full.png  used on input line 218.
(pdftex.def)             Requested size: 98.335pt x 71.57191pt.
<dev_perc_part.png, id=71, 475.7775pt x 346.29375pt>
File: dev_perc_part.png Graphic file (type png)
<use dev_perc_part.png>
Package pdftex.def Info: dev_perc_part.png  used on input line 218.
(pdftex.def)             Requested size: 98.335pt x 71.57191pt.
<dev_perc_mg.png, id=72, 475.7775pt x 346.29375pt>
File: dev_perc_mg.png Graphic file (type png)
<use dev_perc_mg.png>
Package pdftex.def Info: dev_perc_mg.png  used on input line 218.
(pdftex.def)             Requested size: 98.335pt x 71.57191pt.
 [8

 <./dev_perc_full.png (PNG copy)> <./dev_perc_part.png (PNG copy)> <./dev_perc_
mg.png (PNG copy)>]
<dev_perc_full_fem.png, id=78, 475.7775pt x 346.29375pt>
File: dev_perc_full_fem.png Graphic file (type png)
<use dev_perc_full_fem.png>
Package pdftex.def Info: dev_perc_full_fem.png  used on input line 240.
(pdftex.def)             Requested size: 98.335pt x 71.57191pt.
<dev_perc_part_fem.png, id=79, 475.7775pt x 346.29375pt>
File: dev_perc_part_fem.png Graphic file (type png)
<use dev_perc_part_fem.png>
Package pdftex.def Info: dev_perc_part_fem.png  used on input line 240.
(pdftex.def)             Requested size: 98.335pt x 71.57191pt.
<dev_perc_mg_fem.png, id=80, 475.7775pt x 346.29375pt>
File: dev_perc_mg_fem.png Graphic file (type png)
<use dev_perc_mg_fem.png>
Package pdftex.def Info: dev_perc_mg_fem.png  used on input line 240.
(pdftex.def)             Requested size: 98.335pt x 71.57191pt.
 [9

 <./dev_perc_full_fem.png (PNG copy)> <./dev_perc_part_fem.png (PNG copy)> <./d
ev_perc_mg_fem.png (PNG copy)>]
<tstock_FT_unc.png, id=86, 475.7775pt x 346.29375pt>
File: tstock_FT_unc.png Graphic file (type png)
<use tstock_FT_unc.png>
Package pdftex.def Info: tstock_FT_unc.png  used on input line 266.
(pdftex.def)             Requested size: 122.91406pt x 89.45828pt.
<tstock_PT_unc.png, id=87, 475.7775pt x 346.29375pt>
File: tstock_PT_unc.png Graphic file (type png)
<use tstock_PT_unc.png>
Package pdftex.def Info: tstock_PT_unc.png  used on input line 266.
(pdftex.def)             Requested size: 122.91406pt x 89.45828pt.
<tstock_MJ_unc.png, id=88, 475.7775pt x 346.29375pt>
File: tstock_MJ_unc.png Graphic file (type png)
<use tstock_MJ_unc.png>
Package pdftex.def Info: tstock_MJ_unc.png  used on input line 266.
(pdftex.def)             Requested size: 122.91406pt x 89.45828pt.
<tstock_CJ_unc.png, id=89, 475.7775pt x 346.29375pt>
File: tstock_CJ_unc.png Graphic file (type png)
<use tstock_CJ_unc.png>
Package pdftex.def Info: tstock_CJ_unc.png  used on input line 266.
(pdftex.def)             Requested size: 122.91406pt x 89.45828pt.

Overfull \vbox (0.91843pt too high) detected at line 266
 []

[10

 <./tstock_FT_unc.png (PNG copy)> <./tstock_PT_unc.png (PNG copy)> <./tstock_MJ
_unc.png (PNG copy)> <./tstock_CJ_unc.png (PNG copy)>]
<tstock_FT.png, id=97, 475.7775pt x 346.29375pt>
File: tstock_FT.png Graphic file (type png)
<use tstock_FT.png>
Package pdftex.def Info: tstock_FT.png  used on input line 292.
(pdftex.def)             Requested size: 122.91406pt x 89.45828pt.
<tstock_PT.png, id=98, 475.7775pt x 346.29375pt>
File: tstock_PT.png Graphic file (type png)
<use tstock_PT.png>
Package pdftex.def Info: tstock_PT.png  used on input line 292.
(pdftex.def)             Requested size: 122.91406pt x 89.45828pt.
<tstock_MJ.png, id=99, 475.7775pt x 346.29375pt>
File: tstock_MJ.png Graphic file (type png)
<use tstock_MJ.png>
Package pdftex.def Info: tstock_MJ.png  used on input line 292.
(pdftex.def)             Requested size: 122.91406pt x 89.45828pt.
<tstock_CJ.png, id=100, 475.7775pt x 346.29375pt>
File: tstock_CJ.png Graphic file (type png)
<use tstock_CJ.png>
Package pdftex.def Info: tstock_CJ.png  used on input line 292.
(pdftex.def)             Requested size: 122.91406pt x 89.45828pt.
 [11

 <./tstock_FT.png (PNG copy)> <./tstock_PT.png (PNG copy)> <./tstock_MJ.png (PN
G copy)> <./tstock_CJ.png (PNG copy)>]
<Flows_Males_19992002.png, id=106, 258.9675pt x 79.79813pt>
File: Flows_Males_19992002.png Graphic file (type png)
<use Flows_Males_19992002.png>
Package pdftex.def Info: Flows_Males_19992002.png  used on input line 326.
(pdftex.def)             Requested size: 147.49782pt x 45.4513pt.
<Flows_Males_20052009.png, id=107, 295.1025pt x 91.09032pt>
File: Flows_Males_20052009.png Graphic file (type png)
<use Flows_Males_20052009.png>
Package pdftex.def Info: Flows_Males_20052009.png  used on input line 326.
(pdftex.def)             Requested size: 147.49782pt x 45.52974pt.
<Flows_Females_19992002.png, id=108, 253.69781pt x 79.79813pt>
File: Flows_Females_19992002.png Graphic file (type png)
<use Flows_Females_19992002.png>
Package pdftex.def Info: Flows_Females_19992002.png  used on input line 326.
(pdftex.def)             Requested size: 147.49782pt x 46.39494pt.
<Flows_Females_20052009.png, id=109, 289.83281pt x 91.09032pt>
File: Flows_Females_20052009.png Graphic file (type png)
<use Flows_Females_20052009.png>
Package pdftex.def Info: Flows_Females_20052009.png  used on input line 326.
(pdftex.def)             Requested size: 147.49782pt x 46.35675pt.
 [12

 <./Flows_Males_19992002.png> <./Flows_Males_20052009.png> <./Flows_Females_199
92002.png> <./Flows_Females_20052009.png>]
<FT_FT_19992002.png, id=117, 475.7775pt x 346.29375pt>
File: FT_FT_19992002.png Graphic file (type png)
<use FT_FT_19992002.png>
Package pdftex.def Info: FT_FT_19992002.png  used on input line 355.
(pdftex.def)             Requested size: 92.1879pt x 67.09636pt.
<PT_FT_19992002.png, id=118, 475.7775pt x 346.29375pt>
File: PT_FT_19992002.png Graphic file (type png)
<use PT_FT_19992002.png>
Package pdftex.def Info: PT_FT_19992002.png  used on input line 355.
(pdftex.def)             Requested size: 92.1879pt x 67.09636pt.
<MJ_FT_19992002.png, id=119, 475.7775pt x 346.29375pt>
File: MJ_FT_19992002.png Graphic file (type png)
<use MJ_FT_19992002.png>
Package pdftex.def Info: MJ_FT_19992002.png  used on input line 355.
(pdftex.def)             Requested size: 92.1879pt x 67.09636pt.
<NE_FT_19992002.png, id=120, 475.7775pt x 346.29375pt>
File: NE_FT_19992002.png Graphic file (type png)
<use NE_FT_19992002.png>
Package pdftex.def Info: NE_FT_19992002.png  used on input line 355.
(pdftex.def)             Requested size: 92.1879pt x 67.09636pt.
 [13

 <./FT_FT_19992002.png (PNG copy)> <./PT_FT_19992002.png (PNG copy)> <./MJ_FT_1
9992002.png (PNG copy)> <./NE_FT_19992002.png (PNG copy)>] [14

]
<dist_beforeafter_male.png, id=139, 1028.1612pt x 454.8192pt>
File: dist_beforeafter_male.png Graphic file (type png)
<use dist_beforeafter_male.png>
Package pdftex.def Info: dist_beforeafter_male.png  used on input line 392.
(pdftex.def)             Requested size: 147.49782pt x 65.24268pt.
<dist_beforeafter_female.png, id=140, 1028.1612pt x 454.8192pt>
File: dist_beforeafter_female.png Graphic file (type png)
<use dist_beforeafter_female.png>
Package pdftex.def Info: dist_beforeafter_female.png  used on input line 392.
(pdftex.def)             Requested size: 147.49782pt x 65.24268pt.
 [15

 <./dist_beforeafter_male.png (PNG copy)> <./dist_beforeafter_female.png (PNG c
opy)>]
<dist_empstate_19992002.png, id=147, 1028.1612pt x 454.8192pt>
File: dist_empstate_19992002.png Graphic file (type png)
<use dist_empstate_19992002.png>
Package pdftex.def Info: dist_empstate_19992002.png  used on input line 412.
(pdftex.def)             Requested size: 147.49782pt x 65.24268pt.
<dist_empstate_20052009.png, id=148, 1028.1612pt x 454.8192pt>
File: dist_empstate_20052009.png Graphic file (type png)
<use dist_empstate_20052009.png>
Package pdftex.def Info: dist_empstate_20052009.png  used on input line 412.
(pdftex.def)             Requested size: 147.49782pt x 65.24268pt.
 [16

 <./dist_empstate_19992002.png (PNG copy)> <./dist_empstate_20052009.png (PNG c
opy)>]
<dist_LT_male_beforeafter.png, id=157, 1028.1612pt x 454.8192pt>
File: dist_LT_male_beforeafter.png Graphic file (type png)
<use dist_LT_male_beforeafter.png>
Package pdftex.def Info: dist_LT_male_beforeafter.png  used on input line 458.
(pdftex.def)             Requested size: 147.49782pt x 65.24268pt.
<dist_LT_female_beforeafter.png, id=158, 1028.1612pt x 454.8192pt>
File: dist_LT_female_beforeafter.png Graphic file (type png)
<use dist_LT_female_beforeafter.png>
Package pdftex.def Info: dist_LT_female_beforeafter.png  used on input line 458
.
(pdftex.def)             Requested size: 147.49782pt x 65.24268pt.

[17

 <./dist_LT_male_beforeafter.png (PNG copy)> <./dist_LT_female_beforeafter.png 
(PNG copy)>]
<mean_wage_beforeafter_male.png, id=166, 1028.1612pt x 454.8192pt>
File: mean_wage_beforeafter_male.png Graphic file (type png)
<use mean_wage_beforeafter_male.png>
Package pdftex.def Info: mean_wage_beforeafter_male.png  used on input line 473
.
(pdftex.def)             Requested size: 307.28987pt x 135.93324pt.
 [18

 <./mean_wage_beforeafter_male.png (PNG copy)>]
<fract_mob_19992002_male.png, id=173, 1028.1612pt x 454.8192pt>
File: fract_mob_19992002_male.png Graphic file (type png)
<use fract_mob_19992002_male.png>
Package pdftex.def Info: fract_mob_19992002_male.png  used on input line 488.
(pdftex.def)             Requested size: 307.28987pt x 135.93324pt.
 [19

 <./fract_mob_19992002_male.png (PNG copy)>]
<counterfactual_profiles_male_beforeafter.png, id=181, 1028.1612pt x 454.8192pt
>
File: counterfactual_profiles_male_beforeafter.png Graphic file (type png)
<use counterfactual_profiles_male_beforeafter.png>
Package pdftex.def Info: counterfactual_profiles_male_beforeafter.png  used on 
input line 503.
(pdftex.def)             Requested size: 307.28987pt x 135.93324pt.
 [20

 <./counterfactual_profiles_male_beforeafter.png (PNG copy)>] [21

]
<counterfactual_whole_male_beforeafter.png, id=194, 1028.1612pt x 454.8192pt>
File: counterfactual_whole_male_beforeafter.png Graphic file (type png)
<use counterfactual_whole_male_beforeafter.png>
Package pdftex.def Info: counterfactual_whole_male_beforeafter.png  used on inp
ut line 526.
(pdftex.def)             Requested size: 307.28987pt x 135.93324pt.
 [22

 <./counterfactual_whole_male_beforeafter.png (PNG copy)>]
<counterfactual_profiles_male_beforeafter_mobilityprocess.png, id=201, 1028.161
2pt x 454.8192pt>
File: counterfactual_profiles_male_beforeafter_mobilityprocess.png Graphic file
 (type png)
<use counterfactual_profiles_male_beforeafter_mobilityprocess.png>
Package pdftex.def Info: counterfactual_profiles_male_beforeafter_mobilityproce
ss.png  used on input line 541.
(pdftex.def)             Requested size: 307.28987pt x 135.93324pt.
 [23

 <./counterfactual_profiles_male_beforeafter_mobilityprocess.png (PNG copy)>]
<counterfactual_profiles_male_beforeafter_wageprocess.png, id=208, 1028.1612pt 
x 454.8192pt>
File: counterfactual_profiles_male_beforeafter_wageprocess.png Graphic file (ty
pe png)
<use counterfactual_profiles_male_beforeafter_wageprocess.png>
Package pdftex.def Info: counterfactual_profiles_male_beforeafter_wageprocess.p
ng  used on input line 556.
(pdftex.def)             Requested size: 307.28987pt x 135.93324pt.
 [24

 <./counterfactual_profiles_male_beforeafter_wageprocess.png (PNG copy)>]
<mean_wage_beforeafter_female.png, id=215, 1028.1612pt x 454.8192pt>
File: mean_wage_beforeafter_female.png Graphic file (type png)
<use mean_wage_beforeafter_female.png>
Package pdftex.def Info: mean_wage_beforeafter_female.png  used on input line 5
72.
(pdftex.def)             Requested size: 307.28987pt x 135.93324pt.
 [25

 <./mean_wage_beforeafter_female.png (PNG copy)>]
<fract_mob_19992002_female.png, id=223, 1028.1612pt x 454.8192pt>
File: fract_mob_19992002_female.png Graphic file (type png)
<use fract_mob_19992002_female.png>
Package pdftex.def Info: fract_mob_19992002_female.png  used on input line 587.

(pdftex.def)             Requested size: 307.28987pt x 135.93324pt.
 [26

 <./fract_mob_19992002_female.png (PNG copy)>]
<counterfactual_profiles_female_beforeafter.png, id=230, 1028.1612pt x 454.8192
pt>
File: counterfactual_profiles_female_beforeafter.png Graphic file (type png)
<use counterfactual_profiles_female_beforeafter.png>
Package pdftex.def Info: counterfactual_profiles_female_beforeafter.png  used o
n input line 602.
(pdftex.def)             Requested size: 307.28987pt x 135.93324pt.
 [27

 <./counterfactual_profiles_female_beforeafter.png (PNG copy)>]
<counterfactual_whole_female_beforeafter.png, id=237, 1028.1612pt x 454.8192pt>

File: counterfactual_whole_female_beforeafter.png Graphic file (type png)
<use counterfactual_whole_female_beforeafter.png>
Package pdftex.def Info: counterfactual_whole_female_beforeafter.png  used on i
nput line 617.
(pdftex.def)             Requested size: 307.28987pt x 135.93324pt.
 [28

 <./counterfactual_whole_female_beforeafter.png (PNG copy)>]
<counterfactual_profiles_female_beforeafter_mobilityprocess.png, id=244, 1028.1
612pt x 454.8192pt>
File: counterfactual_profiles_female_beforeafter_mobilityprocess.png Graphic fi
le (type png)
<use counterfactual_profiles_female_beforeafter_mobilityprocess.png>
Package pdftex.def Info: counterfactual_profiles_female_beforeafter_mobilitypro
cess.png  used on input line 632.
(pdftex.def)             Requested size: 307.28987pt x 135.93324pt.
 [29

 <./counterfactual_profiles_female_beforeafter_mobilityprocess.png (PNG copy)>]
<counterfactual_profiles_female_beforeafter_wageprocess.png, id=251, 1028.1612p
t x 454.8192pt>
File: counterfactual_profiles_female_beforeafter_wageprocess.png Graphic file (
type png)
<use counterfactual_profiles_female_beforeafter_wageprocess.png>
Package pdftex.def Info: counterfactual_profiles_female_beforeafter_wageprocess
.png  used on input line 647.
(pdftex.def)             Requested size: 307.28987pt x 135.93324pt.
 [30

 <./counterfactual_profiles_female_beforeafter_wageprocess.png (PNG copy)>] [31

] [32

]
<LT_Bonke.png, id=271, 484.81125pt x 353.82187pt>
File: LT_Bonke.png Graphic file (type png)
<use LT_Bonke.png>
Package pdftex.def Info: LT_Bonke.png  used on input line 701.
(pdftex.def)             Requested size: 147.49782pt x 107.64825pt.
<tstock_part_time_unc.png, id=273, 475.7775pt x 346.29375pt>
File: tstock_part_time_unc.png Graphic file (type png)
<use tstock_part_time_unc.png>
Package pdftex.def Info: tstock_part_time_unc.png  used on input line 701.
(pdftex.def)             Requested size: 147.49782pt x 107.35522pt.
 [33

 <./LT_Bonke.png> <./tstock_part_time_unc.png (PNG copy)>]
<UpToX.png, id=283, 376.40625pt x 279.29344pt>
File: UpToX.png Graphic file (type png)
<use UpToX.png>
Package pdftex.def Info: UpToX.png  used on input line 731.
(pdftex.def)             Requested size: 98.335pt x 72.96404pt.
<tstock_part_time_males.png, id=284, 475.7775pt x 346.29375pt>
File: tstock_part_time_males.png Graphic file (type png)
<use tstock_part_time_males.png>
Package pdftex.def Info: tstock_part_time_males.png  used on input line 731.
(pdftex.def)             Requested size: 98.335pt x 71.57191pt.
<tstock_part_time_females.png, id=285, 475.7775pt x 346.29375pt>
File: tstock_part_time_females.png Graphic file (type png)
<use tstock_part_time_females.png>
Package pdftex.def Info: tstock_part_time_females.png  used on input line 731.
(pdftex.def)             Requested size: 98.335pt x 71.57191pt.
<Employment_Stock_Series.png, id=286, 475.7775pt x 346.29375pt>
File: Employment_Stock_Series.png Graphic file (type png)
<use Employment_Stock_Series.png>
Package pdftex.def Info: Employment_Stock_Series.png  used on input line 731.
(pdftex.def)             Requested size: 98.335pt x 71.57191pt.
<Employment_Stock_Series_Males.png, id=287, 475.7775pt x 346.29375pt>
File: Employment_Stock_Series_Males.png Graphic file (type png)
<use Employment_Stock_Series_Males.png>
Package pdftex.def Info: Employment_Stock_Series_Males.png  used on input line 
731.
(pdftex.def)             Requested size: 98.335pt x 71.57191pt.
<Employment_Stock_Series_Females.png, id=288, 475.7775pt x 346.29375pt>
File: Employment_Stock_Series_Females.png Graphic file (type png)
<use Employment_Stock_Series_Females.png>
Package pdftex.def Info: Employment_Stock_Series_Females.png  used on input lin
e 731.
(pdftex.def)             Requested size: 98.335pt x 71.57191pt.
 [34

 <./UpToX.png> <./tstock_part_time_males.png (PNG copy)> <./tstock_part_time_fe
males.png (PNG copy)> <./Employment_Stock_Series.png (PNG copy)> <./Employment_
Stock_Series_Males.png (PNG copy)> <./Employment_Stock_Series_Females.png (PNG 
copy)>]
<gini_work_lt.png, id=299, 475.7775pt x 346.29375pt>
File: gini_work_lt.png Graphic file (type png)
<use gini_work_lt.png>
Package pdftex.def Info: gini_work_lt.png  used on input line 763.
(pdftex.def)             Requested size: 98.335pt x 71.57191pt.
<var_work_lt.png, id=300, 475.7775pt x 346.29375pt>
File: var_work_lt.png Graphic file (type png)
<use var_work_lt.png>
Package pdftex.def Info: var_work_lt.png  used on input line 763.
(pdftex.def)             Requested size: 98.335pt x 71.57191pt.
<perc8515_work_lt.png, id=301, 475.7775pt x 346.29375pt>
File: perc8515_work_lt.png Graphic file (type png)
<use perc8515_work_lt.png>
Package pdftex.def Info: perc8515_work_lt.png  used on input line 763.
(pdftex.def)             Requested size: 98.335pt x 71.57191pt.
<gini_work_lt_fem.png, id=302, 475.7775pt x 346.29375pt>
File: gini_work_lt_fem.png Graphic file (type png)
<use gini_work_lt_fem.png>
Package pdftex.def Info: gini_work_lt_fem.png  used on input line 763.
(pdftex.def)             Requested size: 98.335pt x 71.57191pt.
<var_work_lt_fem.png, id=303, 475.7775pt x 346.29375pt>
File: var_work_lt_fem.png Graphic file (type png)
<use var_work_lt_fem.png>
Package pdftex.def Info: var_work_lt_fem.png  used on input line 763.
(pdftex.def)             Requested size: 98.335pt x 71.57191pt.
<perc8515_work_lt_fem.png, id=304, 475.7775pt x 346.29375pt>
File: perc8515_work_lt_fem.png Graphic file (type png)
<use perc8515_work_lt_fem.png>
Package pdftex.def Info: perc8515_work_lt_fem.png  used on input line 763.
(pdftex.def)             Requested size: 98.335pt x 71.57191pt.
 [35

 <./gini_work_lt.png (PNG copy)> <./var_work_lt.png (PNG copy)> <./perc8515_wor
k_lt.png (PNG copy)> <./gini_work_lt_fem.png (PNG copy)> <./var_work_lt_fem.png
 (PNG copy)> <./perc8515_work_lt_fem.png (PNG copy)>]
("C:\Users\manuz\AppData\Local\Programs\MiKTeX 2.9\tex/latex/ucs\uni-32.def"
File: uni-32.def 2013/05/13 UCS: Unicode data U+2000..U+20FF
)
[36

]
<mean_marginal_employment_unc.png, id=322, 475.7775pt x 346.29375pt>
File: mean_marginal_employment_unc.png Graphic file (type png)
<use mean_marginal_employment_unc.png>
Package pdftex.def Info: mean_marginal_employment_unc.png  used on input line 8
14.
(pdftex.def)             Requested size: 98.335pt x 71.57191pt.
<mean_marginal_employment.png, id=323, 475.7775pt x 346.29375pt>
File: mean_marginal_employment.png Graphic file (type png)
<use mean_marginal_employment.png>
Package pdftex.def Info: mean_marginal_employment.png  used on input line 814.
(pdftex.def)             Requested size: 98.335pt x 71.57191pt.
<mean_marginal_employment_fem.png, id=324, 475.7775pt x 346.29375pt>
File: mean_marginal_employment_fem.png Graphic file (type png)
<use mean_marginal_employment_fem.png>
Package pdftex.def Info: mean_marginal_employment_fem.png  used on input line 8
14.
(pdftex.def)             Requested size: 98.335pt x 71.57191pt.
 [37

 <./mean_marginal_employment_unc.png (PNG copy)> <./mean_marginal_employment.pn
g (PNG copy)> <./mean_marginal_employment_fem.png (PNG copy)>]
<dist_LT_male_0510.png, id=332, 1028.1612pt x 454.8192pt>
File: dist_LT_male_0510.png Graphic file (type png)
<use dist_LT_male_0510.png>
Package pdftex.def Info: dist_LT_male_0510.png  used on input line 833.
(pdftex.def)             Requested size: 147.49782pt x 65.24268pt.
<dist_LT_female_0510.png, id=333, 1028.1612pt x 454.8192pt>
File: dist_LT_female_0510.png Graphic file (type png)
<use dist_LT_female_0510.png>
Package pdftex.def Info: dist_LT_female_0510.png  used on input line 833.
(pdftex.def)             Requested size: 147.49782pt x 65.24268pt.
 [38

 <./dist_LT_male_0510.png (PNG copy)> <./dist_LT_female_0510.png (PNG copy)>]
(Presentation_LunchSeminar.bbl)
\tf@nav=\write7
\openout7 = `Presentation_LunchSeminar.nav'.

\tf@toc=\write8
\openout8 = `Presentation_LunchSeminar.toc'.

\tf@snm=\write9
\openout9 = `Presentation_LunchSeminar.snm'.

Package atveryend Info: Empty hook `BeforeClearDocument' on input line 858.
Package atveryend Info: Empty hook `AfterLastShipout' on input line 858.
 (Presentation_LunchSeminar.aux)
Package atveryend Info: Executing hook `AtVeryEndDocument' on input line 858.
Package atveryend Info: Executing hook `AtEndAfterFileList' on input line 858.
Package rerunfilecheck Info: File `Presentation_LunchSeminar.out' has not chang
ed.
(rerunfilecheck)             Checksum: D9694BC855D0C50CCAD6B8D6DEDF7609;41.
 ) 
Here is how much of TeX's memory you used:
 21827 strings out of 492483
 410644 string characters out of 3121590
 496511 words of memory out of 3000000
 25473 multiletter control sequences out of 15000+200000
 16562 words of font info for 61 fonts, out of 3000000 for 9000
 1141 hyphenation exceptions out of 8191
 58i,11n,57p,813b,543s stack positions out of 5000i,500n,10000p,200000b,50000s
pdfTeX warning (dest): name{cite.DuLuSc09} has been referenced but does not e
xist, replaced by a fixed one

pdfTeX warning (dest): name{cite.BoCo15} has been referenced but does not exist
, replaced by a fixed one

pdfTeX warning (dest): name{cite.CarriTuRo15} has been referenced but does not 
exist, replaced by a fixed one

<C:/Users/manuz/AppData/Local/Programs/MiKTeX 2.9/fonts/type1/public/amsfonts/c
m/cmmi10.pfb><C:/Users/manuz/AppData/Local/Programs/MiKTeX 2.9/fonts/type1/publ
ic/amsfonts/cm/cmmi8.pfb><C:/Users/manuz/AppData/Local/Programs/MiKTeX 2.9/font
s/type1/public/amsfonts/cm/cmss10.pfb><C:/Users/manuz/AppData/Local/Programs/Mi
KTeX 2.9/fonts/type1/public/amsfonts/cm/cmss12.pfb><C:/Users/manuz/AppData/Loca
l/Programs/MiKTeX 2.9/fonts/type1/public/amsfonts/cm/cmss17.pfb><C:/Users/manuz
/AppData/Local/Programs/MiKTeX 2.9/fonts/type1/public/amsfonts/cm/cmss8.pfb><C:
/Users/manuz/AppData/Local/Programs/MiKTeX 2.9/fonts/type1/public/amsfonts/cm/c
mssbx10.pfb><C:/Users/manuz/AppData/Local/Programs/MiKTeX 2.9/fonts/type1/publi
c/amsfonts/cm/cmssi10.pfb><C:/Users/manuz/AppData/Local/Programs/MiKTeX 2.9/fon
ts/type1/public/amsfonts/cm/cmssi8.pfb><C:/Users/manuz/AppData/Local/Programs/M
iKTeX 2.9/fonts/type1/public/amsfonts/cm/cmsy10.pfb><C:/Users/manuz/AppData/Loc
al/Programs/MiKTeX 2.9/fonts/type1/public/amsfonts/cm/cmsy8.pfb><C:/Users/manuz
/AppData/Local/Programs/MiKTeX 2.9/fonts/type1/public/eurosym/feymr10.pfb><C:/U
sers/manuz/AppData/Local/Programs/MiKTeX 2.9/fonts/type1/public/amsfonts/symbol
s/msam10.pfb><C:/Users/manuz/AppData/Local/Programs/MiKTeX 2.9/fonts/type1/publ
ic/amsfonts/symbols/msbm10.pfb>
Output written on Presentation_LunchSeminar.pdf (38 pages, 2256350 bytes).
PDF statistics:
 413 PDF objects out of 1000 (max. 8388607)
 109 named destinations out of 1000 (max. 500000)
 346 words of extra memory for PDF output out of 10000 (max. 10000000)

